#
# A fatal error has been detected by the Java Runtime Environment:
#
#  SIGILL (0x4) at pc=0x00007447b9d58085, pid=13415, tid=13424
#
# JRE version: OpenJDK Runtime Environment Microsoft-9889599 (17.0.12+7) (build 17.0.12+7-LTS)
# Java VM: OpenJDK 64-Bit Server VM Microsoft-9889599 (17.0.12+7-LTS, mixed mode, sharing, tiered, compressed oops, compressed class ptrs, g1 gc, linux-amd64)
# Problematic frame:
# J 4659 c1 jdk.internal.util.ArraysSupport.mismatch([BI[BII)I java.base@17.0.12 (103 bytes) @ 0x00007447b9d58085 [0x00007447b9d58080+0x0000000000000005]
#
# Core dump will be written. Default location: /workspaces/UeK-223/tasks/3.1/punchclock-quarkus/core
#
# If you would like to submit a bug report, please visit:
#   https://github.com/microsoft/openjdk/issues
#

---------------  S U M M A R Y ------------

Command Line: -Dmaven.home=/workspaces/UeK-223/tasks/3.1 -Dmaven.multiModuleProjectDirectory=/workspaces/UeK-223/tasks/3.1/punchclock-quarkus org.apache.maven.wrapper.MavenWrapperMain quarkus:dev

Host: QEMU Virtual CPU version 2.5+, 4 cores, 7G, Debian GNU/Linux 11 (bullseye)
Time: Tue Nov  5 14:18:22 2024 UTC elapsed time: 21.769421 seconds (0d 0h 0m 21s)

---------------  T H R E A D  ---------------

Current thread (0x00007447d00268d0):  JavaThread "main" [_thread_in_Java, id=13424, stack(0x00007447d796a000,0x00007447d7a6b000)]

Stack: [0x00007447d796a000,0x00007447d7a6b000],  sp=0x00007447d7a66578,  free space=1009k
Native frames: (J=compiled Java code, j=interpreted, Vv=VM code, C=native code)
J 4659 c1 jdk.internal.util.ArraysSupport.mismatch([BI[BII)I java.base@17.0.12 (103 bytes) @ 0x00007447b9d58085 [0x00007447b9d58080+0x0000000000000005]

[error occurred during error reporting (printing native stack), id 0xb, SIGSEGV (0xb) at pc=0x00007447d828a0c8]


siginfo: si_signo: 4 (SIGILL), si_code: 2 (ILL_ILLOPN), si_addr: 0x00007447b9d58085

Registers:
RAX=0x000000000000d236, RBX=0x0000000000000000, RCX=0x0000000088cc3c70, RDX=0x0000000000000000
RSP=0x00007447d7a66578, RBP=0x0000000088cc3c20, RSI=0x000000008d503b50, RDI=0x0000000000000000
R8 =0x0000000000000000, R9 =0x000000000000002b, R10=0x0000744757000000, R11=0x000000000000002b
R12=0x0000000000000000, R13=0x000000000000002b, R14=0x0000000000000fa0, R15=0x00007447d00268d0
RIP=0x00007447b9d58085, EFLAGS=0x0000000000010246, CSGSFS=0x002b000000000033, ERR=0x0000000000000000
  TRAPNO=0x0000000000000006


Register to memory mapping:

RAX=0x000000000000d236 is an unknown value
RBX=0x0 is NULL
RCX=0x0000000088cc3c70 is an oop: [B 
{0x0000000088cc3c70} - klass: {type array byte}
 - length: 43
RDX=0x0 is NULL
RSP=0x00007447d7a66578 is pointing into the stack for thread: 0x00007447d00268d0
RBP=0x0000000088cc3c20 is an oop: java.util.LinkedHashMap$Entry 
{0x0000000088cc3c20} - klass: 'java/util/LinkedHashMap$Entry'
 - ---- fields (total size 5 words):
 - final 'hash' 'I' @12  659939128 (2755df38)
 - final 'key' 'Ljava/lang/Object;' @16  a 'jdk/nio/zipfs/ZipFileSystem$IndexNode'{0x0000000088cc3c48} (88cc3c48)
 - 'value' 'Ljava/lang/Object;' @20  a 'jdk/nio/zipfs/ZipFileSystem$IndexNode'{0x0000000088cc3c48} (88cc3c48)
 - 'next' 'Ljava/util/HashMap$Node;' @24  NULL (0)
 - 'before' 'Ljava/util/LinkedHashMap$Entry;' @28  a 'java/util/LinkedHashMap$Entry'{0x0000000088cc3cb0} (88cc3cb0)
 - 'after' 'Ljava/util/LinkedHashMap$Entry;' @32  a 'java/util/LinkedHashMap$Entry'{0x0000000088cc3b80} (88cc3b80)
RSI=0x000000008d503b50 is an oop: [B 
{0x000000008d503b50} - klass: {type array byte}
 - length: 96
RDI=0x0 is NULL
R8 =0x0 is NULL
R9 =0x000000000000002b is an unknown value
R10=0x0000744757000000 is pointing into metadata
R11=0x000000000000002b is an unknown value
R12=0x0 is NULL
R13=0x000000000000002b is an unknown value
R14=0x0000000000000fa0 is an unknown value
R15=0x00007447d00268d0 is a thread


Top of Stack: (sp=0x00007447d7a66578)
0x00007447d7a66578:   00007447b9d59004 00007447d00268d0
0x00007447d7a66588:   0000000000000067 00007447d7a66650
0x00007447d7a66598:   00007447540582b0 00007447d7a666b0
0x00007447d7a665a8:   00007447d83e5ab4 0000000088cc3c70
0x00007447d7a665b8:   0000002b00000000 000000000000002b
0x00007447d7a665c8:   000000008d503b50 0000000000000000
0x00007447d7a665d8:   000074475408a2b0 0000000088cc3c20
0x00007447d7a665e8:   00007447b9d5a6ac ffffffffffffffff
0x00007447d7a665f8:   000074475407fce0 00007447d7a66740
0x00007447d7a66608:   0000000000000000 00007447b9d5da60
0x00007447d7a66618:   0000744754057fa8 00007447d7a66758
0x00007447d7a66628:   00007447c094ca03 0000000088cc3c20
0x00007447d7a66638:   00007447c10f3378 000000008d4a9148
0x00007447d7a66648:   88cc3c202755df38 0000000088cc4040
0x00007447d7a66658:   00007447d00268d0 0000000088cc4090
0x00007447d7a66668:   0000000000000000 00007447d7a667a0
0x00007447d7a66678:   00007447b9d5dd84 0000000088cc4068
0x00007447d7a66688:   00007447d00268d0 0000000000000000
0x00007447d7a66698:   000074475405823f 00007447d7a667e8
0x00007447d7a666a8:   00007447d00268d0 00007447d7a66740
0x00007447d7a666b8:   00007447d83e5e68 000000008d48eb90
0x00007447d7a666c8:   000000008d468a08 000000008d48eb68
0x00007447d7a666d8:   000000008d503b28 000000008d4a9148
0x00007447d7a666e8:   0000000088f000d0 000000008d48eb90
0x00007447d7a666f8:   000074470000002b 000000008d48eb90
0x00007447d7a66708:   0000000088c90960 0000000000000000
0x00007447d7a66718:   0000744754058209 00007447d7a667a0
0x00007447d7a66728:   00007447c0940260 0000000000000000
0x00007447d7a66738:   00007447c0940260 000000008d48eb90
0x00007447d7a66748:   000000008d503b28 0000000088f000d0
0x00007447d7a66758:   00007447d7a66758 0000744754058239
0x00007447d7a66768:   00007447d7a667e8 0000744754069e58 

Instructions: (pc=0x00007447b9d58085)
0x00007447b9d57f85:   05 00 00 f0 01 00 00 f0 05 00 00 30 06 00 00 30
0x00007447b9d57f95:   06 00 00 00 00 00 00 b8 06 00 00 d8 07 00 00 e0
0x00007447b9d57fa5:   07 00 00 e0 07 00 00 e0 07 00 00 28 08 00 00 28
0x00007447b9d57fb5:   08 00 00 28 08 00 00 68 00 00 00 33 12 00 00 03
0x00007447b9d57fc5:   00 00 00 00 00 00 02 02 00 00 00 00 00 00 00 00
0x00007447b9d57fd5:   00 00 00 01 00 00 00 00 00 00 00 e0 01 00 00 02
0x00007447b9d57fe5:   00 00 00 ff ff ff ff ff ff ff ff 0c c0 2c c0 65
0x00007447b9d57ff5:   c0 42 c0 50 44 08 c0 90 c0 38 c0 2f a0 03 c0 13
0x00007447b9d58005:   c0 43 b0 18 b0 13 b0 18 b0 0e c0 17 64 0a 64 05
0x00007447b9d58015:   64 0e 64 05 64 05 64 0e 64 05 64 05 64 0e 64 05
0x00007447b9d58025:   64 05 64 0e 64 05 c0 17 64 f3 f0 0a 80 11 64 f1
0x00007447b9d58035:   f0 05 80 11 64 f4 f0 05 80 11 64 f2 f0 05 80 11
0x00007447b9d58045:   64 29 64 0a 00 01 f8 d1 fe 05 50 00 c0 0a 64 05
0x00007447b9d58055:   64 03 f8 b4 d8 1f dd 47 74 05 70 0e 64 01 f8 4e
0x00007447b9d58065:   ff 06 90 0c 64 00 00 00 00 00 00 00 00 00 00 00
0x00007447b9d58075:   00 00 00 00 00 00 00 00 00 00 00 e9 fb f6 c2 06
0x00007447b9d58085:   fe ff 55 48 83 ec 70 48 bf f0 9d 3a 53 47 74 00
0x00007447b9d58095:   00 8b 9f f4 00 00 00 83 c3 02 89 9f f4 00 00 00
0x00007447b9d580a5:   81 e3 fe 07 00 00 83 fb 00 0f 84 a4 02 00 00 41
0x00007447b9d580b5:   83 f9 07 48 bf f0 9d 3a 53 47 74 00 00 48 bb 48
0x00007447b9d580c5:   01 00 00 00 00 00 00 0f 8f 0a 00 00 00 48 bb 38
0x00007447b9d580d5:   01 00 00 00 00 00 00 48 8b 04 1f 48 8d 40 01 48
0x00007447b9d580e5:   89 04 1f 0f 8f 0a 00 00 00 bf 00 00 00 00 e9 c9
0x00007447b9d580f5:   01 00 00 3b 56 0c 0f 83 82 02 00 00 48 63 fa 0f
0x00007447b9d58105:   be 7c 3e 10 44 3b 41 0c 0f 83 88 02 00 00 49 63
0x00007447b9d58115:   d8 0f be 5c 19 10 3b fb 48 bf f0 9d 3a 53 47 74
0x00007447b9d58125:   00 00 48 bb 68 01 00 00 00 00 00 00 0f 85 0a 00
0x00007447b9d58135:   00 00 48 bb 58 01 00 00 00 00 00 00 48 8b 04 1f
0x00007447b9d58145:   48 8d 40 01 48 89 04 1f 0f 85 ed 01 00 00 48 8b
0x00007447b9d58155:   fa 83 c7 10 49 8b d8 83 c3 10 48 b8 f0 9d 3a 53
0x00007447b9d58165:   47 74 00 00 48 83 80 78 01 00 00 01 48 63 ff 48
0x00007447b9d58175:   63 db 48 8b c6 48 8b f0 89 54 24 4c 48 8b d7 4c 


Stack slot to memory mapping:
stack at sp + 0 slots: 0x00007447b9d59004 is at entry_point+292 in (nmethod*)0x00007447b9d58d10
Compiled method (c1)   22254 4658       3       java.util.Arrays::equals (56 bytes)
 total in heap  [0x00007447b9d58d10,0x00007447b9d59290] = 1408
 relocation     [0x00007447b9d58e70,0x00007447b9d58ed8] = 104
 main code      [0x00007447b9d58ee0,0x00007447b9d59120] = 576
 stub code      [0x00007447b9d59120,0x00007447b9d59180] = 96
 metadata       [0x00007447b9d59180,0x00007447b9d59188] = 8
 scopes data    [0x00007447b9d59188,0x00007447b9d591f0] = 104
 scopes pcs     [0x00007447b9d591f0,0x00007447b9d59270] = 128
 dependencies   [0x00007447b9d59270,0x00007447b9d59278] = 8
 nul chk table  [0x00007447b9d59278,0x00007447b9d59290] = 24
stack at sp + 1 slots: 0x00007447d00268d0 is a thread
stack at sp + 2 slots: 0x0000000000000067 is an unknown value
stack at sp + 3 slots: 0x00007447d7a66650 is pointing into the stack for thread: 0x00007447d00268d0
stack at sp + 4 slots: {method} {0x00007447540582b0} 'buildNodeTree' '()V' in 'jdk/nio/zipfs/ZipFileSystem'
stack at sp + 5 slots: 0x00007447d7a666b0 is pointing into the stack for thread: 0x00007447d00268d0
stack at sp + 6 slots: 0x00007447d83e5ab4: <offset 0x000000000082cab4> in /usr/lib/jvm/msopenjdk-current/lib/server/libjvm.so at 0x00007447d7bb9000
stack at sp + 7 slots: 0x0000000088cc3c70 is an oop: [B 
{0x0000000088cc3c70} - klass: {type array byte}
 - length: 43


Compiled method (c1)   22282 4659       3       jdk.internal.util.ArraysSupport::mismatch (103 bytes)
 total in heap  [0x00007447b9d57e90,0x00007447b9d586b8] = 2088
 relocation     [0x00007447b9d57ff0,0x00007447b9d58070] = 128
 main code      [0x00007447b9d58080,0x00007447b9d58480] = 1024
 stub code      [0x00007447b9d58480,0x00007447b9d584c0] = 64
 metadata       [0x00007447b9d584c0,0x00007447b9d584c8] = 8
 scopes data    [0x00007447b9d584c8,0x00007447b9d58548] = 128
 scopes pcs     [0x00007447b9d58548,0x00007447b9d58668] = 288
 dependencies   [0x00007447b9d58668,0x00007447b9d58670] = 8
 nul chk table  [0x00007447b9d58670,0x00007447b9d586b8] = 72

[Constant Pool (empty)]

[MachCode]
[Verified Entry Point]
  # {method} {0x000074475709d8c0} 'mismatch' '([BI[BII)I' in 'jdk/internal/util/ArraysSupport'
  # parm0:    rsi:rsi   = '[B'
  # parm1:    rdx       = int
  # parm2:    rcx:rcx   = '[B'
  # parm3:    r8        = int
  # parm4:    r9        = int
  #           [sp+0x80]  (sp of caller)
  0x00007447b9d58080: e9fb f6c2 | 06fe ff55 | 4883 ec70 

  0x00007447b9d5808c: ;   {metadata(method data for {method} {0x000074475709d8c0} 'mismatch' '([BI[BII)I' in 'jdk/internal/util/ArraysSupport')}
  0x00007447b9d5808c: 48bf f09d | 3a53 4774 | 0000 8b9f | f400 0000 | 83c3 0289 | 9ff4 0000 | 0081 e3fe | 0700 0083 
  0x00007447b9d580ac: fb00 0f84 | a402 0000 | 4183 f907 

  0x00007447b9d580b8: ;   {metadata(method data for {method} {0x000074475709d8c0} 'mismatch' '([BI[BII)I' in 'jdk/internal/util/ArraysSupport')}
  0x00007447b9d580b8: 48bf f09d | 3a53 4774 | 0000 48bb | 4801 0000 | 0000 0000 | 0f8f 0a00 | 0000 48bb | 3801 0000 
  0x00007447b9d580d8: 0000 0000 | 488b 041f | 488d 4001 | 4889 041f | 0f8f 0a00 | 0000 bf00 | 0000 00e9 | c901 0000 
  0x00007447b9d580f8: ; implicit exception: dispatches to 0x00007447b9d58379
  0x00007447b9d580f8: 3b56 0c0f | 8382 0200 | 0048 63fa | 0fbe 7c3e | 1044 3b41 | 0c0f 8388 | 0200 0049 | 63d8 0fbe 
  0x00007447b9d58118: 5c19 103b 

  0x00007447b9d5811c: ;   {metadata(method data for {method} {0x000074475709d8c0} 'mismatch' '([BI[BII)I' in 'jdk/internal/util/ArraysSupport')}
  0x00007447b9d5811c: fb48 bff0 | 9d3a 5347 | 7400 0048 | bb68 0100 | 0000 0000 | 000f 850a | 0000 0048 | bb58 0100 
  0x00007447b9d5813c: 0000 0000 | 0048 8b04 | 1f48 8d40 | 0148 8904 | 1f0f 85ed | 0100 0048 | 8bfa 83c7 | 1049 8bd8 
  0x00007447b9d5815c: ;   {metadata(method data for {method} {0x000074475709d8c0} 'mismatch' '([BI[BII)I' in 'jdk/internal/util/ArraysSupport')}
  0x00007447b9d5815c: 83c3 1048 | b8f0 9d3a | 5347 7400 | 0048 8380 | 7801 0000 | 0148 63ff | 4863 db48 | 8bc6 488b 
  0x00007447b9d5817c: f089 5424 | 4c48 8bd7 | 4c8b e949 | 8bcd 4489 | 4424 584c | 8bc3 498b | d94c 8bcb | bf00 0000 
  0x00007447b9d5819c: 004c 896c | 2460 4889 | 4424 5089 | 5c24 480f 

  0x00007447b9d581ac: ;   {static_call}
  0x00007447b9d581ac: 1f40 00e8 

  0x00007447b9d581b0: ; ImmutableOopMap {[96]=Oop [80]=Oop }
                      ;*invokestatic vectorizedMismatch {reexecute=0 rethrow=0 return_oop=0}
                      ; - jdk.internal.util.ArraysSupport::mismatch@48 (line 290)
  0x00007447b9d581b0: 6c51 4007 

  0x00007447b9d581b4: ;   {metadata(method data for {method} {0x000074475709d8c0} 'mismatch' '([BI[BII)I' in 'jdk/internal/util/ArraysSupport')}
  0x00007447b9d581b4: 83f8 0048 | bef0 9d3a | 5347 7400 | 0048 bf98 | 0100 0000 | 0000 000f | 8d0a 0000 | 0048 bf88 
  0x00007447b9d581d4: 0100 0000 | 0000 0048 | 8b1c 3e48 | 8d5b 0148 | 891c 3e0f | 8d40 0100 | 0083 f0ff | 448b 4c24 
  0x00007447b9d581f4: 4844 2bc8 | 498b f944 | 8b4c 2448 | 448b 4424 | 5848 8b4c | 2460 8b54 | 244c 488b | 7424 50e9 
  0x00007447b9d58214: a900 0000 | 488b c703 | c23b 460c | 0f83 8d01 | 0000 4863 | c00f be44 | 0610 488b | df41 03d8 
  0x00007447b9d58234: ; implicit exception: dispatches to 0x00007447b9d583c1
  0x00007447b9d58234: 3b59 0c0f | 838e 0100 | 0048 63db | 0fbe 5c19 

  0x00007447b9d58244: ;   {metadata(method data for {method} {0x000074475709d8c0} 'mismatch' '([BI[BII)I' in 'jdk/internal/util/ArraysSupport')}
  0x00007447b9d58244: 103b c348 | b8f0 9d3a | 5347 7400 | 0048 bbd8 | 0100 0000 | 0000 000f | 850a 0000 | 0048 bbc8 
  0x00007447b9d58264: 0100 0000 | 0000 004c | 8b1c 184d | 8d5b 014c | 891c 180f | 8582 0000 

  0x00007447b9d5827c: ;   {metadata(method data for {method} {0x000074475709d8c0} 'mismatch' '([BI[BII)I' in 'jdk/internal/util/ArraysSupport')}
  0x00007447b9d5827c: 00ff c748 | b8f0 9d3a | 5347 7400 | 008b 98f8 | 0000 0083 | c302 8998 | f800 0000 | 81e3 fe3f 
  0x00007447b9d5829c: 0000 83fb | 000f 8432 | 0100 004d | 8b97 5003 

  0x00007447b9d582ac: ; ImmutableOopMap {rcx=Oop rsi=Oop }
                      ;*goto {reexecute=1 rethrow=0 return_oop=0}
                      ; - (reexecute) jdk.internal.util.ArraysSupport::mismatch@98 (line 298)
                      ;   {poll}
  0x00007447b9d582ac: 0000 4185 

  0x00007447b9d582b0: ;   {metadata(method data for {method} {0x000074475709d8c0} 'mismatch' '([BI[BII)I' in 'jdk/internal/util/ArraysSupport')}
  0x00007447b9d582b0: 0248 b8f0 | 9d3a 5347 | 7400 00ff | 80e8 0100 | 0041 3bf9 

  0x00007447b9d582c4: ;   {metadata(method data for {method} {0x000074475709d8c0} 'mismatch' '([BI[BII)I' in 'jdk/internal/util/ArraysSupport')}
  0x00007447b9d582c4: 48b8 f09d | 3a53 4774 | 0000 48bb | a801 0000 | 0000 0000 | 0f8d 0a00 | 0000 48bb | b801 0000 
  0x00007447b9d582e4: 0000 0000 | 4c8b 1c18 | 4d8d 5b01 | 4c89 1c18 | 0f8d 1b00 | 0000 e919 | ffff ff48 | 8bc7 4883 
  0x00007447b9d58304: ;   {poll_return}
  0x00007447b9d58304: c470 5d49 | 3ba7 4803 | 0000 0f87 | e600 0000 | c3b8 ffff | ffff 4883 

  0x00007447b9d5831c: ;   {poll_return}
  0x00007447b9d5831c: c470 5d49 | 3ba7 4803 | 0000 0f87 | e400 0000 | c348 83c4 

  0x00007447b9d58330: ;   {poll_return}
  0x00007447b9d58330: 705d 493b | a748 0300 | 000f 87e7 | 0000 00c3 | b800 0000 | 0048 83c4 

  0x00007447b9d58348: ;   {poll_return}
  0x00007447b9d58348: 705d 493b | a748 0300 | 000f 87e5 | 0000 00c3 

  0x00007447b9d58358: ;   {metadata({method} {0x000074475709d8c0} 'mismatch' '([BI[BII)I' in 'jdk/internal/util/ArraysSupport')}
  0x00007447b9d58358: 49ba c0d8 | 0957 4774 | 0000 4c89 | 5424 0848 | c704 24ff 

  0x00007447b9d5836c: ;   {runtime_call counter_overflow Runtime1 stub}
  0x00007447b9d5836c: ffff ffe8 

  0x00007447b9d58370: ; ImmutableOopMap {rsi=Oop rcx=Oop }
                      ;*synchronization entry
                      ; - jdk.internal.util.ArraysSupport::mismatch@-1 (line 284)
  0x00007447b9d58370: 8c7f cd06 | e93b fdff 

  0x00007447b9d58378: ;   {runtime_call throw_null_pointer_exception Runtime1 stub}
  0x00007447b9d58378: ffe8 a228 

  0x00007447b9d5837c: ; ImmutableOopMap {rsi=Oop rcx=Oop }
                      ;*baload {reexecute=0 rethrow=0 return_oop=0}
                      ; - jdk.internal.util.ArraysSupport::mismatch@12 (line 286)
                      ;   {runtime_call throw_null_pointer_exception Runtime1 stub}
  0x00007447b9d5837c: cd06 e89d 

  0x00007447b9d58380: ; ImmutableOopMap {rsi=Oop rcx=Oop }
                      ;*baload {reexecute=0 rethrow=0 return_oop=0}
                      ; - jdk.internal.util.ArraysSupport::mismatch@12 (line 286)
  0x00007447b9d58380: 28cd 0648 | 8914 2448 | 8974 2408 

  0x00007447b9d5838c: ;   {runtime_call throw_range_check_failed Runtime1 stub}
  0x00007447b9d5838c: e88f 0acd 

  0x00007447b9d58390: ; ImmutableOopMap {rsi=Oop rcx=Oop }
                      ;*baload {reexecute=0 rethrow=0 return_oop=0}
                      ; - jdk.internal.util.ArraysSupport::mismatch@12 (line 286)
                      ;   {runtime_call throw_null_pointer_exception Runtime1 stub}
  0x00007447b9d58390: 06e8 8a28 

  0x00007447b9d58394: ; ImmutableOopMap {rsi=Oop rcx=Oop }
                      ;*baload {reexecute=0 rethrow=0 return_oop=0}
                      ; - jdk.internal.util.ArraysSupport::mismatch@15 (line 286)
                      ;   {runtime_call throw_null_pointer_exception Runtime1 stub}
  0x00007447b9d58394: cd06 e885 

  0x00007447b9d58398: ; ImmutableOopMap {rsi=Oop rcx=Oop }
                      ;*baload {reexecute=0 rethrow=0 return_oop=0}
                      ; - jdk.internal.util.ArraysSupport::mismatch@15 (line 286)
  0x00007447b9d58398: 28cd 064c | 8904 2448 | 894c 2408 

  0x00007447b9d583a4: ;   {runtime_call throw_range_check_failed Runtime1 stub}
  0x00007447b9d583a4: e877 0acd 

  0x00007447b9d583a8: ; ImmutableOopMap {rsi=Oop rcx=Oop }
                      ;*baload {reexecute=0 rethrow=0 return_oop=0}
                      ; - jdk.internal.util.ArraysSupport::mismatch@15 (line 286)
                      ;   {runtime_call throw_null_pointer_exception Runtime1 stub}
  0x00007447b9d583a8: 06e8 7228 

  0x00007447b9d583ac: ; ImmutableOopMap {rcx=Oop rsi=Oop }
                      ;*baload {reexecute=0 rethrow=0 return_oop=0}
                      ; - jdk.internal.util.ArraysSupport::mismatch@82 (line 299)
                      ;   {runtime_call throw_null_pointer_exception Runtime1 stub}
  0x00007447b9d583ac: cd06 e86d 

  0x00007447b9d583b0: ; ImmutableOopMap {rcx=Oop rsi=Oop }
                      ;*baload {reexecute=0 rethrow=0 return_oop=0}
                      ; - jdk.internal.util.ArraysSupport::mismatch@82 (line 299)
  0x00007447b9d583b0: 28cd 0648 | 8904 2448 | 8974 2408 

  0x00007447b9d583bc: ;   {runtime_call throw_range_check_failed Runtime1 stub}
  0x00007447b9d583bc: e85f 0acd 

  0x00007447b9d583c0: ; ImmutableOopMap {rcx=Oop rsi=Oop }
                      ;*baload {reexecute=0 rethrow=0 return_oop=0}
                      ; - jdk.internal.util.ArraysSupport::mismatch@82 (line 299)
                      ;   {runtime_call throw_null_pointer_exception Runtime1 stub}
  0x00007447b9d583c0: 06e8 5a28 

  0x00007447b9d583c4: ; ImmutableOopMap {rcx=Oop rsi=Oop }
                      ;*baload {reexecute=0 rethrow=0 return_oop=0}
                      ; - jdk.internal.util.ArraysSupport::mismatch@88 (line 299)
                      ;   {runtime_call throw_null_pointer_exception Runtime1 stub}
  0x00007447b9d583c4: cd06 e855 

  0x00007447b9d583c8: ; ImmutableOopMap {rcx=Oop rsi=Oop }
                      ;*baload {reexecute=0 rethrow=0 return_oop=0}
                      ; - jdk.internal.util.ArraysSupport::mismatch@88 (line 299)
  0x00007447b9d583c8: 28cd 0648 | 891c 2448 | 894c 2408 

  0x00007447b9d583d4: ;   {runtime_call throw_range_check_failed Runtime1 stub}
  0x00007447b9d583d4: e847 0acd 

  0x00007447b9d583d8: ; ImmutableOopMap {rcx=Oop rsi=Oop }
                      ;*baload {reexecute=0 rethrow=0 return_oop=0}
                      ; - jdk.internal.util.ArraysSupport::mismatch@88 (line 299)
                      ;   {metadata({method} {0x000074475709d8c0} 'mismatch' '([BI[BII)I' in 'jdk/internal/util/ArraysSupport')}
  0x00007447b9d583d8: 0649 bac0 | d809 5747 | 7400 004c | 8954 2408 | 48c7 0424 | 6200 0000 

  0x00007447b9d583f0: ;   {runtime_call counter_overflow Runtime1 stub}
  0x00007447b9d583f0: e80b 7fcd 

  0x00007447b9d583f4: ; ImmutableOopMap {rcx=Oop rsi=Oop }
                      ;*goto {reexecute=1 rethrow=0 return_oop=0}
                      ; - (reexecute) jdk.internal.util.ArraysSupport::mismatch@98 (line 298)
  0x00007447b9d583f4: 06e9 adfe 

  0x00007447b9d583f8: ;   {internal_word}
  0x00007447b9d583f8: ffff 49ba | 0783 d5b9 | 4774 0000 | 4d89 9760 

  0x00007447b9d58408: ;   {runtime_call SafepointBlob}
  0x00007447b9d58408: 0300 00e9 | 705e c306 

  0x00007447b9d58410: ;   {internal_word}
  0x00007447b9d58410: 49ba 1f83 | d5b9 4774 | 0000 4d89 | 9760 0300 

  0x00007447b9d58420: ;   {runtime_call SafepointBlob}
  0x00007447b9d58420: 00e9 5a5e 

  0x00007447b9d58424: ;   {internal_word}
  0x00007447b9d58424: c306 49ba | 3283 d5b9 | 4774 0000 | 4d89 9760 

  0x00007447b9d58434: ;   {runtime_call SafepointBlob}
  0x00007447b9d58434: 0300 00e9 | 445e c306 

  0x00007447b9d5843c: ;   {internal_word}
  0x00007447b9d5843c: 49ba 4a83 | d5b9 4774 | 0000 4d89 | 9760 0300 

  0x00007447b9d5844c: ;   {runtime_call SafepointBlob}
  0x00007447b9d5844c: 00e9 2e5e | c306 9090 | 498b 87d8 | 0300 0049 | c787 d803 | 0000 0000 | 0000 49c7 | 87e0 0300 
  0x00007447b9d5846c: 0000 0000 | 0048 83c4 

  0x00007447b9d58474: ;   {runtime_call unwind_exception Runtime1 stub}
  0x00007447b9d58474: 705d e985 | 1ecd 06f4 | f4f4 f4f4 
[Stub Code]
  0x00007447b9d58480: ;   {no_reloc}
  0x00007447b9d58480: 0f1f 4400 

  0x00007447b9d58484: ;   {static_stub}
  0x00007447b9d58484: 0048 bb00 | 0000 0000 

  0x00007447b9d5848c: ;   {runtime_call}
  0x00007447b9d5848c: 0000 00e9 | fbff ffff 
[Exception Handler]
  0x00007447b9d58494: ;   {runtime_call handle_exception_from_callee Runtime1 stub}
  0x00007447b9d58494: e867 45cd 

  0x00007447b9d58498: ;   {external_word}
  0x00007447b9d58498: 0648 bf1f | ddb4 d847 | 7400 0048 

  0x00007447b9d584a4: ;   {runtime_call MacroAssembler::debug64(char*, long, long*)}
  0x00007447b9d584a4: 83e4 f0e8 | 2492 971e 

  0x00007447b9d584ac: ;   {section_word}
  0x00007447b9d584ac: f449 baad | 84d5 b947 | 7400 0041 

  0x00007447b9d584b8: ;   {runtime_call DeoptimizationBlob}
  0x00007447b9d584b8: 52e9 e256 | c306 f4f4 
[/MachCode]


---------------  P R O C E S S  ---------------

Threads class SMR info:
_java_thread_list=0x00007447205bce90, length=12, elements={
0x00007447d00268d0, 0x00007447d0128980, 0x00007447d0129d70, 0x00007447d012f310,
0x00007447d01306d0, 0x00007447d0131af0, 0x00007447d01334b0, 0x00007447d01349f0,
0x00007447d013de60, 0x00007447d0145db0, 0x00007447d01498f0, 0x00007447205bc460
}

Java Threads: ( => current thread )
=>0x00007447d00268d0 JavaThread "main" [_thread_in_Java, id=13424, stack(0x00007447d796a000,0x00007447d7a6b000)]
  0x00007447d0128980 JavaThread "Reference Handler" daemon [_thread_blocked, id=13431, stack(0x00007447b4dfa000,0x00007447b4efb000)]
  0x00007447d0129d70 JavaThread "Finalizer" daemon [_thread_blocked, id=13432, stack(0x00007447b4cf9000,0x00007447b4dfa000)]
  0x00007447d012f310 JavaThread "Signal Dispatcher" daemon [_thread_blocked, id=13433, stack(0x00007447b4911000,0x00007447b4a12000)]
  0x00007447d01306d0 JavaThread "Service Thread" daemon [_thread_blocked, id=13434, stack(0x00007447b4810000,0x00007447b4911000)]
  0x00007447d0131af0 JavaThread "Monitor Deflation Thread" daemon [_thread_blocked, id=13435, stack(0x00007447b470f000,0x00007447b4810000)]
  0x00007447d01334b0 JavaThread "C2 CompilerThread0" daemon [_thread_blocked, id=13436, stack(0x00007447b460e000,0x00007447b470f000)]
  0x00007447d01349f0 JavaThread "C1 CompilerThread0" daemon [_thread_blocked, id=13437, stack(0x00007447b450d000,0x00007447b460e000)]
  0x00007447d013de60 JavaThread "Sweeper thread" daemon [_thread_blocked, id=13438, stack(0x00007447b440c000,0x00007447b450d000)]
  0x00007447d0145db0 JavaThread "Notification Thread" daemon [_thread_blocked, id=13439, stack(0x00007447b430b000,0x00007447b440c000)]
  0x00007447d01498f0 JavaThread "Common-Cleaner" daemon [_thread_blocked, id=13441, stack(0x00007447b4109000,0x00007447b420a000)]
  0x00007447205bc460 JavaThread "C2 CompilerThread1" daemon [_thread_blocked, id=13530, stack(0x00007447afbfb000,0x00007447afcfc000)]

Other Threads:
  0x00007447d0124a50 VMThread "VM Thread" [stack: 0x00007447b4efc000,0x00007447b4ffc000] [id=13430]
  0x00007447d0147af0 WatcherThread [stack: 0x00007447b420b000,0x00007447b430b000] [id=13440]
  0x00007447d0080140 GCTaskThread "GC Thread#0" [stack: 0x00007447d4500000,0x00007447d4600000] [id=13425]
  0x000074474c004f40 GCTaskThread "GC Thread#1" [stack: 0x00007447b4009000,0x00007447b4109000] [id=13468]
  0x000074474c005980 GCTaskThread "GC Thread#2" [stack: 0x00007447afcfd000,0x00007447afdfd000] [id=13469]
  0x000074474c00b3e0 GCTaskThread "GC Thread#3" [stack: 0x00007447afafb000,0x00007447afbfb000] [id=13476]
  0x00007447d0090f70 ConcurrentGCThread "G1 Main Marker" [stack: 0x00007447d43ff000,0x00007447d44ff000] [id=13426]
  0x00007447d0091ee0 ConcurrentGCThread "G1 Conc#0" [stack: 0x00007447d42fe000,0x00007447d43fe000] [id=13427]
  0x00007447d00f7b20 ConcurrentGCThread "G1 Refine#0" [stack: 0x00007447b50fe000,0x00007447b51fe000] [id=13428]
  0x00007447d00f8a20 ConcurrentGCThread "G1 Service" [stack: 0x00007447b4ffd000,0x00007447b50fd000] [id=13429]

Threads with active compile tasks:

VM state: not at safepoint (normal execution)

VM Mutex/Monitor currently owned by a thread: None

Heap address: 0x0000000083e00000, size: 1986 MB, Compressed Oops mode: 32-bit

CDS archive(s) mapped at: [0x0000744757000000-0x0000744757bc7000-0x0000744757bc7000), size 12349440, SharedBaseAddress: 0x0000744757000000, ArchiveRelocationMode: 1.
Compressed class space mapped at: 0x0000744758000000-0x0000744798000000, reserved size: 1073741824
Narrow klass base: 0x0000744757000000, Narrow klass shift: 0, Narrow klass range: 0x100000000

GC Precious Log:
 CPUs: 4 total, 4 available
 Memory: 7936M
 Large Page Support: Disabled
 NUMA Support: Disabled
 Compressed Oops: Enabled (32-bit)
 Heap Region Size: 1M
 Heap Min Capacity: 8M
 Heap Initial Capacity: 126M
 Heap Max Capacity: 1986M
 Pre-touch: Disabled
 Parallel Workers: 4
 Concurrent Workers: 1
 Concurrent Refinement Workers: 4
 Periodic GC: Disabled

Heap:
 garbage-first heap   total 157696K, used 59824K [0x0000000083e00000, 0x0000000100000000)
  region size 1024K, 7 young (7168K), 5 survivors (5120K)
 Metaspace       used 18545K, committed 18880K, reserved 1114112K
  class space    used 2024K, committed 2176K, reserved 1048576K

Heap Regions: E=young(eden), S=young(survivor), O=old, HS=humongous(starts), HC=humongous(continues), CS=collection set, F=free, OA=open archive, CA=closed archive, TAMS=top-at-mark-start (previous, next)
|   0|0x0000000083e00000, 0x0000000083f00000, 0x0000000083f00000|100%| O|  |TAMS 0x0000000083e00000, 0x0000000083e00000| Untracked 
|   1|0x0000000083f00000, 0x0000000084000000, 0x0000000084000000|100%| O|  |TAMS 0x0000000083f00000, 0x0000000083f00000| Untracked 
|   2|0x0000000084000000, 0x0000000084100000, 0x0000000084100000|100%| O|  |TAMS 0x0000000084000000, 0x0000000084000000| Untracked 
|   3|0x0000000084100000, 0x0000000084200000, 0x0000000084200000|100%| O|  |TAMS 0x0000000084100000, 0x0000000084100000| Untracked 
|   4|0x0000000084200000, 0x0000000084300000, 0x0000000084300000|100%| O|  |TAMS 0x0000000084200000, 0x0000000084200000| Untracked 
|   5|0x0000000084300000, 0x0000000084400000, 0x0000000084400000|100%| O|  |TAMS 0x0000000084300000, 0x0000000084300000| Untracked 
|   6|0x0000000084400000, 0x0000000084500000, 0x0000000084500000|100%| O|  |TAMS 0x0000000084400000, 0x0000000084400000| Untracked 
|   7|0x0000000084500000, 0x0000000084600000, 0x0000000084600000|100%| O|  |TAMS 0x0000000084500000, 0x0000000084500000| Untracked 
|   8|0x0000000084600000, 0x0000000084700000, 0x0000000084700000|100%| O|  |TAMS 0x0000000084600000, 0x0000000084600000| Untracked 
|   9|0x0000000084700000, 0x0000000084800000, 0x0000000084800000|100%| O|  |TAMS 0x0000000084700000, 0x0000000084700000| Untracked 
|  10|0x0000000084800000, 0x0000000084900000, 0x0000000084900000|100%| O|  |TAMS 0x0000000084800000, 0x0000000084800000| Untracked 
|  11|0x0000000084900000, 0x0000000084a00000, 0x0000000084a00000|100%| O|  |TAMS 0x0000000084900000, 0x0000000084900000| Untracked 
|  12|0x0000000084a00000, 0x0000000084b00000, 0x0000000084b00000|100%| O|  |TAMS 0x0000000084a00000, 0x0000000084a00000| Untracked 
|  13|0x0000000084b00000, 0x0000000084c00000, 0x0000000084c00000|100%| O|  |TAMS 0x0000000084b00000, 0x0000000084b00000| Untracked 
|  14|0x0000000084c00000, 0x0000000084d00000, 0x0000000084d00000|100%| O|  |TAMS 0x0000000084c00000, 0x0000000084c00000| Untracked 
|  15|0x0000000084d00000, 0x0000000084e00000, 0x0000000084e00000|100%| O|  |TAMS 0x0000000084d00000, 0x0000000084d00000| Untracked 
|  16|0x0000000084e00000, 0x0000000084f00000, 0x0000000084f00000|100%| O|  |TAMS 0x0000000084e00000, 0x0000000084e00000| Untracked 
|  17|0x0000000084f00000, 0x0000000085000000, 0x0000000085000000|100%| O|  |TAMS 0x0000000084f00000, 0x0000000084f00000| Untracked 
|  18|0x0000000085000000, 0x0000000085100000, 0x0000000085100000|100%| O|  |TAMS 0x0000000085000000, 0x0000000085000000| Untracked 
|  19|0x0000000085100000, 0x0000000085200000, 0x0000000085200000|100%| O|  |TAMS 0x0000000085100000, 0x0000000085100000| Untracked 
|  20|0x0000000085200000, 0x0000000085300000, 0x0000000085300000|100%| O|  |TAMS 0x0000000085200000, 0x0000000085200000| Untracked 
|  21|0x0000000085300000, 0x0000000085400000, 0x0000000085400000|100%| O|  |TAMS 0x0000000085300000, 0x0000000085300000| Untracked 
|  22|0x0000000085400000, 0x0000000085500000, 0x0000000085500000|100%| O|  |TAMS 0x0000000085400000, 0x0000000085400000| Untracked 
|  23|0x0000000085500000, 0x0000000085600000, 0x0000000085600000|100%| O|  |TAMS 0x0000000085500000, 0x0000000085500000| Untracked 
|  24|0x0000000085600000, 0x0000000085700000, 0x0000000085700000|100%| O|  |TAMS 0x0000000085600000, 0x0000000085600000| Untracked 
|  25|0x0000000085700000, 0x0000000085800000, 0x0000000085800000|100%| O|  |TAMS 0x0000000085700000, 0x0000000085700000| Untracked 
|  26|0x0000000085800000, 0x0000000085900000, 0x0000000085900000|100%| O|  |TAMS 0x0000000085800000, 0x0000000085800000| Untracked 
|  27|0x0000000085900000, 0x0000000085a00000, 0x0000000085a00000|100%| O|  |TAMS 0x0000000085900000, 0x0000000085900000| Untracked 
|  28|0x0000000085a00000, 0x0000000085b00000, 0x0000000085b00000|100%| O|  |TAMS 0x0000000085a00000, 0x0000000085a00000| Untracked 
|  29|0x0000000085b00000, 0x0000000085c00000, 0x0000000085c00000|100%| O|  |TAMS 0x0000000085b00000, 0x0000000085b00000| Untracked 
|  30|0x0000000085c00000, 0x0000000085d00000, 0x0000000085d00000|100%| O|  |TAMS 0x0000000085c00000, 0x0000000085c00000| Untracked 
|  31|0x0000000085d00000, 0x0000000085e00000, 0x0000000085e00000|100%| O|  |TAMS 0x0000000085d00000, 0x0000000085d00000| Untracked 
|  32|0x0000000085e00000, 0x0000000085f00000, 0x0000000085f00000|100%| O|  |TAMS 0x0000000085e00000, 0x0000000085e00000| Untracked 
|  33|0x0000000085f00000, 0x0000000086000000, 0x0000000086000000|100%| O|  |TAMS 0x0000000085f00000, 0x0000000085f00000| Untracked 
|  34|0x0000000086000000, 0x0000000086100000, 0x0000000086100000|100%| O|  |TAMS 0x0000000086000000, 0x0000000086000000| Untracked 
|  35|0x0000000086100000, 0x0000000086200000, 0x0000000086200000|100%| O|  |TAMS 0x0000000086100000, 0x0000000086100000| Untracked 
|  36|0x0000000086200000, 0x0000000086300000, 0x0000000086300000|100%| O|  |TAMS 0x0000000086200000, 0x0000000086200000| Untracked 
|  37|0x0000000086300000, 0x0000000086400000, 0x0000000086400000|100%| O|  |TAMS 0x0000000086300000, 0x0000000086300000| Untracked 
|  38|0x0000000086400000, 0x0000000086500000, 0x0000000086500000|100%|HS|  |TAMS 0x0000000086400000, 0x0000000086400000| Complete 
|  39|0x0000000086500000, 0x0000000086600000, 0x0000000086600000|100%|HC|  |TAMS 0x0000000086500000, 0x0000000086500000| Complete 
|  40|0x0000000086600000, 0x0000000086700000, 0x0000000086700000|100%|HS|  |TAMS 0x0000000086600000, 0x0000000086600000| Complete 
|  41|0x0000000086700000, 0x0000000086800000, 0x0000000086800000|100%|HC|  |TAMS 0x0000000086700000, 0x0000000086700000| Complete 
|  42|0x0000000086800000, 0x0000000086900000, 0x0000000086900000|100%| O|  |TAMS 0x0000000086800000, 0x0000000086800000| Untracked 
|  43|0x0000000086900000, 0x0000000086a00000, 0x0000000086a00000|100%| O|  |TAMS 0x0000000086900000, 0x0000000086900000| Untracked 
|  44|0x0000000086a00000, 0x0000000086b00000, 0x0000000086b00000|100%| O|  |TAMS 0x0000000086a00000, 0x0000000086a00000| Untracked 
|  45|0x0000000086b00000, 0x0000000086c00000, 0x0000000086c00000|100%| O|  |TAMS 0x0000000086b00000, 0x0000000086b00000| Untracked 
|  46|0x0000000086c00000, 0x0000000086d00000, 0x0000000086d00000|100%| O|  |TAMS 0x0000000086c00000, 0x0000000086c00000| Untracked 
|  47|0x0000000086d00000, 0x0000000086e00000, 0x0000000086e00000|100%| O|  |TAMS 0x0000000086d00000, 0x0000000086d00000| Untracked 
|  48|0x0000000086e00000, 0x0000000086f00000, 0x0000000086f00000|100%| O|  |TAMS 0x0000000086e00000, 0x0000000086e00000| Untracked 
|  49|0x0000000086f00000, 0x0000000087000000, 0x0000000087000000|100%| O|  |TAMS 0x0000000086f00000, 0x0000000086f00000| Untracked 
|  50|0x0000000087000000, 0x0000000087100000, 0x0000000087100000|100%| O|  |TAMS 0x0000000087000000, 0x0000000087000000| Untracked 
|  51|0x0000000087100000, 0x0000000087180000, 0x0000000087200000| 50%| O|  |TAMS 0x0000000087100000, 0x0000000087100000| Untracked 
|  52|0x0000000087200000, 0x0000000087200000, 0x0000000087300000|  0%| F|  |TAMS 0x0000000087200000, 0x0000000087200000| Untracked 
|  53|0x0000000087300000, 0x0000000087300000, 0x0000000087400000|  0%| F|  |TAMS 0x0000000087300000, 0x0000000087300000| Untracked 
|  54|0x0000000087400000, 0x0000000087400000, 0x0000000087500000|  0%| F|  |TAMS 0x0000000087400000, 0x0000000087400000| Untracked 
|  55|0x0000000087500000, 0x0000000087500000, 0x0000000087600000|  0%| F|  |TAMS 0x0000000087500000, 0x0000000087500000| Untracked 
|  56|0x0000000087600000, 0x0000000087600000, 0x0000000087700000|  0%| F|  |TAMS 0x0000000087600000, 0x0000000087600000| Untracked 
|  57|0x0000000087700000, 0x0000000087700000, 0x0000000087800000|  0%| F|  |TAMS 0x0000000087700000, 0x0000000087700000| Untracked 
|  58|0x0000000087800000, 0x0000000087800000, 0x0000000087900000|  0%| F|  |TAMS 0x0000000087800000, 0x0000000087800000| Untracked 
|  59|0x0000000087900000, 0x0000000087900000, 0x0000000087a00000|  0%| F|  |TAMS 0x0000000087900000, 0x0000000087900000| Untracked 
|  60|0x0000000087a00000, 0x0000000087a00000, 0x0000000087b00000|  0%| F|  |TAMS 0x0000000087a00000, 0x0000000087a00000| Untracked 
|  61|0x0000000087b00000, 0x0000000087b00000, 0x0000000087c00000|  0%| F|  |TAMS 0x0000000087b00000, 0x0000000087b00000| Untracked 
|  62|0x0000000087c00000, 0x0000000087c00000, 0x0000000087d00000|  0%| F|  |TAMS 0x0000000087c00000, 0x0000000087c00000| Untracked 
|  63|0x0000000087d00000, 0x0000000087d00000, 0x0000000087e00000|  0%| F|  |TAMS 0x0000000087d00000, 0x0000000087d00000| Untracked 
|  64|0x0000000087e00000, 0x0000000087e00000, 0x0000000087f00000|  0%| F|  |TAMS 0x0000000087e00000, 0x0000000087e00000| Untracked 
|  65|0x0000000087f00000, 0x0000000087f00000, 0x0000000088000000|  0%| F|  |TAMS 0x0000000087f00000, 0x0000000087f00000| Untracked 
|  66|0x0000000088000000, 0x0000000088000000, 0x0000000088100000|  0%| F|  |TAMS 0x0000000088000000, 0x0000000088000000| Untracked 
|  67|0x0000000088100000, 0x0000000088100000, 0x0000000088200000|  0%| F|  |TAMS 0x0000000088100000, 0x0000000088100000| Untracked 
|  68|0x0000000088200000, 0x0000000088200000, 0x0000000088300000|  0%| F|  |TAMS 0x0000000088200000, 0x0000000088200000| Untracked 
|  69|0x0000000088300000, 0x0000000088300000, 0x0000000088400000|  0%| F|  |TAMS 0x0000000088300000, 0x0000000088300000| Untracked 
|  70|0x0000000088400000, 0x0000000088400000, 0x0000000088500000|  0%| F|  |TAMS 0x0000000088400000, 0x0000000088400000| Untracked 
|  71|0x0000000088500000, 0x0000000088500000, 0x0000000088600000|  0%| F|  |TAMS 0x0000000088500000, 0x0000000088500000| Untracked 
|  72|0x0000000088600000, 0x0000000088600000, 0x0000000088700000|  0%| F|  |TAMS 0x0000000088600000, 0x0000000088600000| Untracked 
|  73|0x0000000088700000, 0x0000000088700000, 0x0000000088800000|  0%| F|  |TAMS 0x0000000088700000, 0x0000000088700000| Untracked 
|  74|0x0000000088800000, 0x0000000088800000, 0x0000000088900000|  0%| F|  |TAMS 0x0000000088800000, 0x0000000088800000| Untracked 
|  75|0x0000000088900000, 0x0000000088900000, 0x0000000088a00000|  0%| F|  |TAMS 0x0000000088900000, 0x0000000088900000| Untracked 
|  76|0x0000000088a00000, 0x0000000088a00000, 0x0000000088b00000|  0%| F|  |TAMS 0x0000000088a00000, 0x0000000088a00000| Untracked 
|  77|0x0000000088b00000, 0x0000000088c00000, 0x0000000088c00000|100%| S|CS|TAMS 0x0000000088b00000, 0x0000000088b00000| Complete 
|  78|0x0000000088c00000, 0x0000000088d00000, 0x0000000088d00000|100%| S|CS|TAMS 0x0000000088c00000, 0x0000000088c00000| Complete 
|  79|0x0000000088d00000, 0x0000000088e00000, 0x0000000088e00000|100%| S|CS|TAMS 0x0000000088d00000, 0x0000000088d00000| Complete 
|  80|0x0000000088e00000, 0x0000000088f00000, 0x0000000088f00000|100%| S|CS|TAMS 0x0000000088e00000, 0x0000000088e00000| Complete 
|  81|0x0000000088f00000, 0x0000000089000000, 0x0000000089000000|100%| S|CS|TAMS 0x0000000088f00000, 0x0000000088f00000| Complete 
|  82|0x0000000089000000, 0x0000000089000000, 0x0000000089100000|  0%| F|  |TAMS 0x0000000089000000, 0x0000000089000000| Untracked 
|  83|0x0000000089100000, 0x0000000089100000, 0x0000000089200000|  0%| F|  |TAMS 0x0000000089100000, 0x0000000089100000| Untracked 
|  84|0x0000000089200000, 0x0000000089200000, 0x0000000089300000|  0%| F|  |TAMS 0x0000000089200000, 0x0000000089200000| Untracked 
|  85|0x0000000089300000, 0x0000000089300000, 0x0000000089400000|  0%| F|  |TAMS 0x0000000089300000, 0x0000000089300000| Untracked 
|  86|0x0000000089400000, 0x0000000089400000, 0x0000000089500000|  0%| F|  |TAMS 0x0000000089400000, 0x0000000089400000| Untracked 
|  87|0x0000000089500000, 0x0000000089500000, 0x0000000089600000|  0%| F|  |TAMS 0x0000000089500000, 0x0000000089500000| Untracked 
|  88|0x0000000089600000, 0x0000000089600000, 0x0000000089700000|  0%| F|  |TAMS 0x0000000089600000, 0x0000000089600000| Untracked 
|  89|0x0000000089700000, 0x0000000089700000, 0x0000000089800000|  0%| F|  |TAMS 0x0000000089700000, 0x0000000089700000| Untracked 
|  90|0x0000000089800000, 0x0000000089800000, 0x0000000089900000|  0%| F|  |TAMS 0x0000000089800000, 0x0000000089800000| Untracked 
|  91|0x0000000089900000, 0x0000000089900000, 0x0000000089a00000|  0%| F|  |TAMS 0x0000000089900000, 0x0000000089900000| Untracked 
|  92|0x0000000089a00000, 0x0000000089a00000, 0x0000000089b00000|  0%| F|  |TAMS 0x0000000089a00000, 0x0000000089a00000| Untracked 
|  93|0x0000000089b00000, 0x0000000089b00000, 0x0000000089c00000|  0%| F|  |TAMS 0x0000000089b00000, 0x0000000089b00000| Untracked 
|  94|0x0000000089c00000, 0x0000000089c00000, 0x0000000089d00000|  0%| F|  |TAMS 0x0000000089c00000, 0x0000000089c00000| Untracked 
|  95|0x0000000089d00000, 0x0000000089d00000, 0x0000000089e00000|  0%| F|  |TAMS 0x0000000089d00000, 0x0000000089d00000| Untracked 
|  96|0x0000000089e00000, 0x0000000089e00000, 0x0000000089f00000|  0%| F|  |TAMS 0x0000000089e00000, 0x0000000089e00000| Untracked 
|  97|0x0000000089f00000, 0x0000000089f00000, 0x000000008a000000|  0%| F|  |TAMS 0x0000000089f00000, 0x0000000089f00000| Untracked 
|  98|0x000000008a000000, 0x000000008a000000, 0x000000008a100000|  0%| F|  |TAMS 0x000000008a000000, 0x000000008a000000| Untracked 
|  99|0x000000008a100000, 0x000000008a100000, 0x000000008a200000|  0%| F|  |TAMS 0x000000008a100000, 0x000000008a100000| Untracked 
| 100|0x000000008a200000, 0x000000008a200000, 0x000000008a300000|  0%| F|  |TAMS 0x000000008a200000, 0x000000008a200000| Untracked 
| 101|0x000000008a300000, 0x000000008a300000, 0x000000008a400000|  0%| F|  |TAMS 0x000000008a300000, 0x000000008a300000| Untracked 
| 102|0x000000008a400000, 0x000000008a400000, 0x000000008a500000|  0%| F|  |TAMS 0x000000008a400000, 0x000000008a400000| Untracked 
| 103|0x000000008a500000, 0x000000008a500000, 0x000000008a600000|  0%| F|  |TAMS 0x000000008a500000, 0x000000008a500000| Untracked 
| 104|0x000000008a600000, 0x000000008a600000, 0x000000008a700000|  0%| F|  |TAMS 0x000000008a600000, 0x000000008a600000| Untracked 
| 105|0x000000008a700000, 0x000000008a700000, 0x000000008a800000|  0%| F|  |TAMS 0x000000008a700000, 0x000000008a700000| Untracked 
| 106|0x000000008a800000, 0x000000008a800000, 0x000000008a900000|  0%| F|  |TAMS 0x000000008a800000, 0x000000008a800000| Untracked 
| 107|0x000000008a900000, 0x000000008a900000, 0x000000008aa00000|  0%| F|  |TAMS 0x000000008a900000, 0x000000008a900000| Untracked 
| 108|0x000000008aa00000, 0x000000008aa00000, 0x000000008ab00000|  0%| F|  |TAMS 0x000000008aa00000, 0x000000008aa00000| Untracked 
| 109|0x000000008ab00000, 0x000000008ab00000, 0x000000008ac00000|  0%| F|  |TAMS 0x000000008ab00000, 0x000000008ab00000| Untracked 
| 110|0x000000008ac00000, 0x000000008ac00000, 0x000000008ad00000|  0%| F|  |TAMS 0x000000008ac00000, 0x000000008ac00000| Untracked 
| 111|0x000000008ad00000, 0x000000008ad00000, 0x000000008ae00000|  0%| F|  |TAMS 0x000000008ad00000, 0x000000008ad00000| Untracked 
| 112|0x000000008ae00000, 0x000000008ae00000, 0x000000008af00000|  0%| F|  |TAMS 0x000000008ae00000, 0x000000008ae00000| Untracked 
| 113|0x000000008af00000, 0x000000008af00000, 0x000000008b000000|  0%| F|  |TAMS 0x000000008af00000, 0x000000008af00000| Untracked 
| 114|0x000000008b000000, 0x000000008b000000, 0x000000008b100000|  0%| F|  |TAMS 0x000000008b000000, 0x000000008b000000| Untracked 
| 115|0x000000008b100000, 0x000000008b100000, 0x000000008b200000|  0%| F|  |TAMS 0x000000008b100000, 0x000000008b100000| Untracked 
| 116|0x000000008b200000, 0x000000008b200000, 0x000000008b300000|  0%| F|  |TAMS 0x000000008b200000, 0x000000008b200000| Untracked 
| 117|0x000000008b300000, 0x000000008b300000, 0x000000008b400000|  0%| F|  |TAMS 0x000000008b300000, 0x000000008b300000| Untracked 
| 118|0x000000008b400000, 0x000000008b400000, 0x000000008b500000|  0%| F|  |TAMS 0x000000008b400000, 0x000000008b400000| Untracked 
| 119|0x000000008b500000, 0x000000008b500000, 0x000000008b600000|  0%| F|  |TAMS 0x000000008b500000, 0x000000008b500000| Untracked 
| 120|0x000000008b600000, 0x000000008b600000, 0x000000008b700000|  0%| F|  |TAMS 0x000000008b600000, 0x000000008b600000| Untracked 
| 121|0x000000008b700000, 0x000000008b700000, 0x000000008b800000|  0%| F|  |TAMS 0x000000008b700000, 0x000000008b700000| Untracked 
| 122|0x000000008b800000, 0x000000008b800000, 0x000000008b900000|  0%| F|  |TAMS 0x000000008b800000, 0x000000008b800000| Untracked 
| 123|0x000000008b900000, 0x000000008b900000, 0x000000008ba00000|  0%| F|  |TAMS 0x000000008b900000, 0x000000008b900000| Untracked 
| 124|0x000000008ba00000, 0x000000008ba00000, 0x000000008bb00000|  0%| F|  |TAMS 0x000000008ba00000, 0x000000008ba00000| Untracked 
| 125|0x000000008bb00000, 0x000000008bb00000, 0x000000008bc00000|  0%| F|  |TAMS 0x000000008bb00000, 0x000000008bb00000| Untracked 
| 126|0x000000008bc00000, 0x000000008bc00000, 0x000000008bd00000|  0%| F|  |TAMS 0x000000008bc00000, 0x000000008bc00000| Untracked 
| 127|0x000000008bd00000, 0x000000008bd00000, 0x000000008be00000|  0%| F|  |TAMS 0x000000008bd00000, 0x000000008bd00000| Untracked 
| 128|0x000000008be00000, 0x000000008be00000, 0x000000008bf00000|  0%| F|  |TAMS 0x000000008be00000, 0x000000008be00000| Untracked 
| 129|0x000000008bf00000, 0x000000008bf00000, 0x000000008c000000|  0%| F|  |TAMS 0x000000008bf00000, 0x000000008bf00000| Untracked 
| 130|0x000000008c000000, 0x000000008c000000, 0x000000008c100000|  0%| F|  |TAMS 0x000000008c000000, 0x000000008c000000| Untracked 
| 131|0x000000008c100000, 0x000000008c100000, 0x000000008c200000|  0%| F|  |TAMS 0x000000008c100000, 0x000000008c100000| Untracked 
| 132|0x000000008c200000, 0x000000008c200000, 0x000000008c300000|  0%| F|  |TAMS 0x000000008c200000, 0x000000008c200000| Untracked 
| 133|0x000000008c300000, 0x000000008c300000, 0x000000008c400000|  0%| F|  |TAMS 0x000000008c300000, 0x000000008c300000| Untracked 
| 134|0x000000008c400000, 0x000000008c400000, 0x000000008c500000|  0%| F|  |TAMS 0x000000008c400000, 0x000000008c400000| Untracked 
| 135|0x000000008c500000, 0x000000008c500000, 0x000000008c600000|  0%| F|  |TAMS 0x000000008c500000, 0x000000008c500000| Untracked 
| 136|0x000000008c600000, 0x000000008c600000, 0x000000008c700000|  0%| F|  |TAMS 0x000000008c600000, 0x000000008c600000| Untracked 
| 137|0x000000008c700000, 0x000000008c700000, 0x000000008c800000|  0%| F|  |TAMS 0x000000008c700000, 0x000000008c700000| Untracked 
| 138|0x000000008c800000, 0x000000008c800000, 0x000000008c900000|  0%| F|  |TAMS 0x000000008c800000, 0x000000008c800000| Untracked 
| 139|0x000000008c900000, 0x000000008c900000, 0x000000008ca00000|  0%| F|  |TAMS 0x000000008c900000, 0x000000008c900000| Untracked 
| 140|0x000000008ca00000, 0x000000008ca00000, 0x000000008cb00000|  0%| F|  |TAMS 0x000000008ca00000, 0x000000008ca00000| Untracked 
| 141|0x000000008cb00000, 0x000000008cb00000, 0x000000008cc00000|  0%| F|  |TAMS 0x000000008cb00000, 0x000000008cb00000| Untracked 
| 142|0x000000008cc00000, 0x000000008cc00000, 0x000000008cd00000|  0%| F|  |TAMS 0x000000008cc00000, 0x000000008cc00000| Untracked 
| 143|0x000000008cd00000, 0x000000008cd00000, 0x000000008ce00000|  0%| F|  |TAMS 0x000000008cd00000, 0x000000008cd00000| Untracked 
| 144|0x000000008ce00000, 0x000000008ce00000, 0x000000008cf00000|  0%| F|  |TAMS 0x000000008ce00000, 0x000000008ce00000| Untracked 
| 145|0x000000008cf00000, 0x000000008cf00000, 0x000000008d000000|  0%| F|  |TAMS 0x000000008cf00000, 0x000000008cf00000| Untracked 
| 146|0x000000008d000000, 0x000000008d000000, 0x000000008d100000|  0%| F|  |TAMS 0x000000008d000000, 0x000000008d000000| Untracked 
| 147|0x000000008d100000, 0x000000008d100000, 0x000000008d200000|  0%| F|  |TAMS 0x000000008d100000, 0x000000008d100000| Untracked 
| 148|0x000000008d200000, 0x000000008d200000, 0x000000008d300000|  0%| F|  |TAMS 0x000000008d200000, 0x000000008d200000| Untracked 
| 149|0x000000008d300000, 0x000000008d300000, 0x000000008d400000|  0%| F|  |TAMS 0x000000008d300000, 0x000000008d300000| Untracked 
| 150|0x000000008d400000, 0x000000008d500000, 0x000000008d500000|100%| E|  |TAMS 0x000000008d400000, 0x000000008d400000| Complete 
| 151|0x000000008d500000, 0x000000008d600000, 0x000000008d600000|100%| E|CS|TAMS 0x000000008d500000, 0x000000008d500000| Complete 
|1984|0x00000000ffe00000, 0x00000000ffe75000, 0x00000000fff00000| 45%|OA|  |TAMS 0x00000000ffe00000, 0x00000000ffe00000| Untracked 
|1985|0x00000000fff00000, 0x00000000fff77000, 0x0000000100000000| 46%|CA|  |TAMS 0x00000000fff00000, 0x00000000fff00000| Untracked 

Card table byte_map: [0x00007447d6a00000,0x00007447d6de1000] _byte_map_base: 0x00007447d65e1000

Marking Bits (Prev, Next): (CMBitMap*) 0x00007447d0080bd0, (CMBitMap*) 0x00007447d0080c10
 Prev Bits: [0x00007447d4600000, 0x00007447d6508000)
 Next Bits: [0x00007447b7400000, 0x00007447b9308000)

Polling page: 0x00007447d9167000

Metaspace:

Usage:
  Non-class:     16.13 MB used.
      Class:      1.98 MB used.
       Both:     18.11 MB used.

Virtual space:
  Non-class space:       64.00 MB reserved,      16.31 MB ( 25%) committed,  1 nodes.
      Class space:        1.00 GB reserved,       2.12 MB ( <1%) committed,  1 nodes.
             Both:        1.06 GB reserved,      18.44 MB (  2%) committed. 

Chunk freelists:
   Non-Class:  15.42 MB
       Class:  13.77 MB
        Both:  29.19 MB

MaxMetaspaceSize: unlimited
CompressedClassSpaceSize: 1.00 GB
Initial GC threshold: 21.00 MB
Current GC threshold: 21.00 MB
CDS: on
MetaspaceReclaimPolicy: balanced
 - commit_granule_bytes: 65536.
 - commit_granule_words: 8192.
 - virtual_space_node_default_size: 8388608.
 - enlarge_chunks_in_place: 1.
 - new_chunks_are_fully_committed: 0.
 - uncommit_free_chunks: 1.
 - use_allocation_guard: 0.
 - handle_deallocations: 1.


Internal statistics:

num_allocs_failed_limit: 0.
num_arena_births: 146.
num_arena_deaths: 0.
num_vsnodes_births: 2.
num_vsnodes_deaths: 0.
num_space_committed: 295.
num_space_uncommitted: 0.
num_chunks_returned_to_freelist: 0.
num_chunks_taken_from_freelist: 789.
num_chunk_merges: 0.
num_chunk_splits: 575.
num_chunks_enlarged: 456.
num_inconsistent_stats: 0.

CodeHeap 'non-profiled nmethods': size=120032Kb used=2729Kb max_used=2729Kb free=117302Kb
 bounds [0x00007447c0ec8000, 0x00007447c1178000, 0x00007447c8400000]
CodeHeap 'profiled nmethods': size=120028Kb used=9625Kb max_used=9625Kb free=110403Kb
 bounds [0x00007447b9400000, 0x00007447b9d70000, 0x00007447c0937000]
CodeHeap 'non-nmethods': size=5700Kb used=1175Kb max_used=1216Kb free=4524Kb
 bounds [0x00007447c0937000, 0x00007447c0ba7000, 0x00007447c0ec8000]
 total_blobs=5156 nmethods=4684 adapters=386
 compilation: enabled
              stopped_count=0, restarted_count=0
 full_count=0

Compilation events (20 events):
Event: 21.503 Thread 0x00007447205bc460 nmethod 4679 0x00007447c115b090 code [0x00007447c115b220, 0x00007447c115b458]
Event: 21.503 Thread 0x00007447205bc460 4681       4       jdk.nio.zipfs.ZipFileSystem$IndexNode::pathHasDotOrDotDot (123 bytes)
Event: 21.522 Thread 0x00007447205bc460 nmethod 4681 0x00007447c115b610 code [0x00007447c115b7a0, 0x00007447c115ba58]
Event: 21.522 Thread 0x00007447205bc460 4682   !   4       jdk.nio.zipfs.ZipFileSystem::checkUTF8 (56 bytes)
Event: 21.536 Thread 0x00007447205bc460 nmethod 4682 0x00007447c115bc90 code [0x00007447c115be20, 0x00007447c115c038]
Event: 21.536 Thread 0x00007447205bc460 4686       4       jdk.nio.zipfs.ZipCoder::isUTF8 (16 bytes)
Event: 21.538 Thread 0x00007447205bc460 nmethod 4686 0x00007447c115c190 code [0x00007447c115c320, 0x00007447c115c3b8]
Event: 21.538 Thread 0x00007447205bc460 4687       4       jdk.nio.zipfs.ZipConstants::pkSigAt (60 bytes)
Event: 21.543 Thread 0x00007447205bc460 nmethod 4687 0x00007447c115c490 code [0x00007447c115c620, 0x00007447c115c738]
Event: 21.544 Thread 0x00007447205bc460 4690       4       jdk.nio.zipfs.ZipFileSystem$ParentLookup::name (43 bytes)
Event: 21.560 Thread 0x00007447205bc460 nmethod 4690 0x00007447c115c810 code [0x00007447c115c9a0, 0x00007447c115cc38]
Event: 21.560 Thread 0x00007447205bc460 4691       4       jdk.nio.zipfs.ZipFileSystem::getParentOff (40 bytes)
Event: 21.571 Thread 0x00007447205bc460 nmethod 4691 0x00007447c115cd10 code [0x00007447c115cea0, 0x00007447c115d058]
Event: 21.571 Thread 0x00007447205bc460 4693       4       jdk.internal.util.ArraysSupport::vectorizedMismatch (268 bytes)
Event: 21.665 Thread 0x00007447205bc460 nmethod 4693 0x00007447c115d190 code [0x00007447c115d320, 0x00007447c115d678]
Event: 21.666 Thread 0x00007447205bc460 4694       4       jdk.internal.util.ArraysSupport::mismatch (103 bytes)
Event: 21.668 Thread 0x00007447d01349f0 4698       3       java.util.concurrent.locks.ReentrantReadWriteLock$Sync::exclusiveCount (5 bytes)
Event: 21.669 Thread 0x00007447d01349f0 nmethod 4698 0x00007447b9d66110 code [0x00007447b9d662a0, 0x00007447b9d66390]
Event: 21.696 Thread 0x00007447205bc460 nmethod 4694 0x00007447c115d910 code [0x00007447c115daa0, 0x00007447c115df58]
Event: 21.697 Thread 0x00007447205bc460 4703 %     4       java.util.LinkedHashMap::valuesToArray @ 10 (38 bytes)

GC Heap History (16 events):
Event: 2.797 GC heap before
{Heap before GC invocations=0 (full 0):
 garbage-first heap   total 131072K, used 14256K [0x0000000083e00000, 0x0000000100000000)
  region size 1024K, 13 young (13312K), 0 survivors (0K)
 Metaspace       used 3904K, committed 3968K, reserved 1114112K
  class space    used 430K, committed 448K, reserved 1048576K
}
Event: 2.839 GC heap after
{Heap after GC invocations=1 (full 0):
 garbage-first heap   total 131072K, used 3461K [0x0000000083e00000, 0x0000000100000000)
  region size 1024K, 2 young (2048K), 2 survivors (2048K)
 Metaspace       used 3904K, committed 3968K, reserved 1114112K
  class space    used 430K, committed 448K, reserved 1048576K
}
Event: 4.249 GC heap before
{Heap before GC invocations=1 (full 0):
 garbage-first heap   total 131072K, used 21893K [0x0000000083e00000, 0x0000000100000000)
  region size 1024K, 20 young (20480K), 2 survivors (2048K)
 Metaspace       used 6228K, committed 6400K, reserved 1114112K
  class space    used 742K, committed 832K, reserved 1048576K
}
Event: 4.267 GC heap after
{Heap after GC invocations=2 (full 0):
 garbage-first heap   total 131072K, used 4299K [0x0000000083e00000, 0x0000000100000000)
  region size 1024K, 1 young (1024K), 1 survivors (1024K)
 Metaspace       used 6228K, committed 6400K, reserved 1114112K
  class space    used 742K, committed 832K, reserved 1048576K
}
Event: 9.734 GC heap before
{Heap before GC invocations=2 (full 0):
 garbage-first heap   total 131072K, used 80075K [0x0000000083e00000, 0x0000000100000000)
  region size 1024K, 75 young (76800K), 1 survivors (1024K)
 Metaspace       used 12769K, committed 12928K, reserved 1114112K
  class space    used 1492K, committed 1536K, reserved 1048576K
}
Event: 9.776 GC heap after
{Heap after GC invocations=3 (full 0):
 garbage-first heap   total 131072K, used 10193K [0x0000000083e00000, 0x0000000100000000)
  region size 1024K, 7 young (7168K), 7 survivors (7168K)
 Metaspace       used 12769K, committed 12928K, reserved 1114112K
  class space    used 1492K, committed 1536K, reserved 1048576K
}
Event: 11.539 GC heap before
{Heap before GC invocations=3 (full 0):
 garbage-first heap   total 131072K, used 79825K [0x0000000083e00000, 0x0000000100000000)
  region size 1024K, 75 young (76800K), 7 survivors (7168K)
 Metaspace       used 13220K, committed 13376K, reserved 1114112K
  class space    used 1496K, committed 1536K, reserved 1048576K
}
Event: 11.623 GC heap after
{Heap after GC invocations=4 (full 0):
 garbage-first heap   total 131072K, used 17369K [0x0000000083e00000, 0x0000000100000000)
  region size 1024K, 8 young (8192K), 8 survivors (8192K)
 Metaspace       used 13220K, committed 13376K, reserved 1114112K
  class space    used 1496K, committed 1536K, reserved 1048576K
}
Event: 14.233 GC heap before
{Heap before GC invocations=4 (full 0):
 garbage-first heap   total 131072K, used 85977K [0x0000000083e00000, 0x0000000100000000)
  region size 1024K, 75 young (76800K), 8 survivors (8192K)
 Metaspace       used 14976K, committed 15168K, reserved 1114112K
  class space    used 1661K, committed 1792K, reserved 1048576K
}
Event: 14.287 GC heap after
{Heap after GC invocations=5 (full 0):
 garbage-first heap   total 131072K, used 27445K [0x0000000083e00000, 0x0000000100000000)
  region size 1024K, 10 young (10240K), 10 survivors (10240K)
 Metaspace       used 14976K, committed 15168K, reserved 1114112K
  class space    used 1661K, committed 1792K, reserved 1048576K
}
Event: 15.644 GC heap before
{Heap before GC invocations=5 (full 0):
 garbage-first heap   total 131072K, used 92981K [0x0000000083e00000, 0x0000000100000000)
  region size 1024K, 74 young (75776K), 10 survivors (10240K)
 Metaspace       used 15112K, committed 15360K, reserved 1114112K
  class space    used 1662K, committed 1792K, reserved 1048576K
}
Event: 15.879 GC heap after
{Heap after GC invocations=6 (full 0):
 garbage-first heap   total 157696K, used 37808K [0x0000000083e00000, 0x0000000100000000)
  region size 1024K, 10 young (10240K), 10 survivors (10240K)
 Metaspace       used 15112K, committed 15360K, reserved 1114112K
  class space    used 1662K, committed 1792K, reserved 1048576K
}
Event: 17.255 GC heap before
{Heap before GC invocations=6 (full 0):
 garbage-first heap   total 157696K, used 100272K [0x0000000083e00000, 0x0000000100000000)
  region size 1024K, 71 young (72704K), 10 survivors (10240K)
 Metaspace       used 15172K, committed 15424K, reserved 1114112K
  class space    used 1662K, committed 1792K, reserved 1048576K
}
Event: 17.331 GC heap after
{Heap after GC invocations=7 (full 0):
 garbage-first heap   total 157696K, used 49072K [0x0000000083e00000, 0x0000000100000000)
  region size 1024K, 9 young (9216K), 9 survivors (9216K)
 Metaspace       used 15172K, committed 15424K, reserved 1114112K
  class space    used 1662K, committed 1792K, reserved 1048576K
}
Event: 21.583 GC heap before
{Heap before GC invocations=7 (full 0):
 garbage-first heap   total 157696K, used 115632K [0x0000000083e00000, 0x0000000100000000)
  region size 1024K, 70 young (71680K), 9 survivors (9216K)
 Metaspace       used 18544K, committed 18880K, reserved 1114112K
  class space    used 2024K, committed 2176K, reserved 1048576K
}
Event: 21.663 GC heap after
{Heap after GC invocations=8 (full 0):
 garbage-first heap   total 157696K, used 58800K [0x0000000083e00000, 0x0000000100000000)
  region size 1024K, 5 young (5120K), 5 survivors (5120K)
 Metaspace       used 18544K, committed 18880K, reserved 1114112K
  class space    used 2024K, committed 2176K, reserved 1048576K
}

Dll operation events (8 events):
Event: 0.047 Loaded shared library /usr/lib/jvm/msopenjdk-current/lib/libjava.so
Event: 0.278 Loaded shared library /usr/lib/jvm/msopenjdk-current/lib/libjsvml.so
Event: 0.398 Loaded shared library /usr/lib/jvm/msopenjdk-current/lib/libnio.so
Event: 0.448 Loaded shared library /usr/lib/jvm/msopenjdk-current/lib/libzip.so
Event: 0.500 Loaded shared library /usr/lib/jvm/msopenjdk-current/lib/libjimage.so
Event: 0.706 Loaded shared library /usr/lib/jvm/msopenjdk-current/lib/libnet.so
Event: 1.209 Loaded shared library /tmp/jansi-2.4.0-9c83e723d5fcf903-libjansi.so
Event: 1.265 Loaded shared library /usr/lib/jvm/msopenjdk-current/lib/libverify.so

Deoptimization events (20 events):
Event: 21.275 Thread 0x00007447d00268d0 Uncommon trap: trap_request=0xffffffc6 fr.pc=0x00007447c0f22e74 relative=0x0000000000000334
Event: 21.275 Thread 0x00007447d00268d0 Uncommon trap: reason=bimorphic_or_optimized_type_check action=maybe_recompile pc=0x00007447c0f22e74 method=java.nio.Buffer.<init>(IIIILjdk/internal/access/foreign/MemorySegmentProxy;)V @ 39 c2
Event: 21.275 Thread 0x00007447d00268d0 DEOPT PACKING pc=0x00007447c0f22e74 sp=0x00007447d7a62110
Event: 21.275 Thread 0x00007447d00268d0 DEOPT UNPACKING pc=0x00007447c098d693 sp=0x00007447d7a620b8 mode 2
Event: 21.398 Thread 0x00007447d00268d0 Uncommon trap: trap_request=0xffffff45 fr.pc=0x00007447c11334c4 relative=0x00000000000005e4
Event: 21.398 Thread 0x00007447d00268d0 Uncommon trap: reason=unstable_if action=reinterpret pc=0x00007447c11334c4 method=java.util.Properties$LineReader.readLine()I @ 25 c2
Event: 21.398 Thread 0x00007447d00268d0 DEOPT PACKING pc=0x00007447c11334c4 sp=0x00007447d7a66a70
Event: 21.399 Thread 0x00007447d00268d0 DEOPT UNPACKING pc=0x00007447c098d693 sp=0x00007447d7a669e8 mode 2
Event: 21.400 Thread 0x00007447d00268d0 Uncommon trap: trap_request=0xffffff45 fr.pc=0x00007447c11008b4 relative=0x0000000000000474
Event: 21.400 Thread 0x00007447d00268d0 Uncommon trap: reason=unstable_if action=reinterpret pc=0x00007447c11008b4 method=java.util.Properties.loadConvert([CIILjava/lang/StringBuilder;)Ljava/lang/String; @ 26 c2
Event: 21.400 Thread 0x00007447d00268d0 DEOPT PACKING pc=0x00007447c11008b4 sp=0x00007447d7a66a60
Event: 21.400 Thread 0x00007447d00268d0 DEOPT UNPACKING pc=0x00007447c098d693 sp=0x00007447d7a669f8 mode 2
Event: 21.414 Thread 0x00007447d00268d0 Uncommon trap: trap_request=0xffffff45 fr.pc=0x00007447c10cd630 relative=0x0000000000000090
Event: 21.414 Thread 0x00007447d00268d0 Uncommon trap: reason=unstable_if action=reinterpret pc=0x00007447c10cd630 method=java.util.regex.Pattern.escape(ZZZ)I @ 8 c2
Event: 21.414 Thread 0x00007447d00268d0 DEOPT PACKING pc=0x00007447c10cd630 sp=0x00007447d7a66310
Event: 21.414 Thread 0x00007447d00268d0 DEOPT UNPACKING pc=0x00007447c098d693 sp=0x00007447d7a662b0 mode 2
Event: 21.468 Thread 0x00007447d00268d0 Uncommon trap: trap_request=0xffffff45 fr.pc=0x00007447c10fec68 relative=0x00000000000005e8
Event: 21.468 Thread 0x00007447d00268d0 Uncommon trap: reason=unstable_if action=reinterpret pc=0x00007447c10fec68 method=java.util.Properties$LineReader.readLine()I @ 117 c2
Event: 21.468 Thread 0x00007447d00268d0 DEOPT PACKING pc=0x00007447c10fec68 sp=0x00007447d7a66930
Event: 21.469 Thread 0x00007447d00268d0 DEOPT UNPACKING pc=0x00007447c098d693 sp=0x00007447d7a668c8 mode 2

Classes loaded (20 events):
Event: 21.341 Loading class java/nio/channels/spi/AbstractInterruptibleChannel$1
Event: 21.341 Loading class sun/nio/ch/Interruptible
Event: 21.341 Loading class sun/nio/ch/Interruptible done
Event: 21.341 Loading class java/nio/channels/spi/AbstractInterruptibleChannel$1 done
Event: 21.365 Loading class java/time/DateTimeException
Event: 21.365 Loading class java/time/DateTimeException done
Event: 21.365 Loading class java/util/regex/PatternSyntaxException
Event: 21.365 Loading class java/util/regex/PatternSyntaxException done
Event: 21.371 Loading class java/time/zone/ZoneRulesProvider
Event: 21.371 Loading class java/time/zone/ZoneRulesProvider done
Event: 21.371 Loading class java/time/zone/ZoneRulesProvider$1
Event: 21.371 Loading class java/time/zone/ZoneRulesProvider$1 done
Event: 21.372 Loading class java/time/zone/TzdbZoneRulesProvider
Event: 21.372 Loading class java/time/zone/TzdbZoneRulesProvider done
Event: 21.381 Loading class java/time/zone/Ser
Event: 21.381 Loading class java/io/Externalizable
Event: 21.381 Loading class java/io/Externalizable done
Event: 21.382 Loading class java/time/zone/Ser done
Event: 21.383 Loading class java/time/zone/ZoneOffsetTransition
Event: 21.383 Loading class java/time/zone/ZoneOffsetTransition done

Classes unloaded (0 events):
No events

Classes redefined (0 events):
No events

Internal exceptions (20 events):
Event: 1.234 Thread 0x00007447d00268d0 Exception <a 'java/lang/NullPointerException'{0x000000008b8e3238}> (0x000000008b8e3238) 
thrown [../../src/hotspot/share/interpreter/linkResolver.cpp, line 1350]
Event: 1.234 Thread 0x00007447d00268d0 Exception <a 'java/lang/NullPointerException'{0x000000008b8e3510}> (0x000000008b8e3510) 
thrown [../../src/hotspot/share/interpreter/linkResolver.cpp, line 1350]
Event: 1.234 Thread 0x00007447d00268d0 Exception <a 'java/lang/NullPointerException'{0x000000008b8e3820}> (0x000000008b8e3820) 
thrown [../../src/hotspot/share/interpreter/linkResolver.cpp, line 1350]
Event: 3.079 Thread 0x00007447d00268d0 Exception <a 'java/lang/NoSuchMethodError'{0x000000008ba882a0}: 'java.lang.Object java.lang.invoke.DirectMethodHandle$Holder.newInvokeSpecial(java.lang.Object, java.lang.Object, java.lang.Object, java.lang.Object, java.lang.Object)'> (0x000000008ba882a0) 
thrown [../../src/hotspot/share/interpreter/linkResolver.cpp, line 758]
Event: 3.263 Thread 0x00007447d00268d0 Exception <a 'java/lang/NoClassDefFoundError'{0x000000008b817328}: javax/enterprise/inject/Typed> (0x000000008b817328) 
thrown [../../src/hotspot/share/classfile/systemDictionary.cpp, line 245]
Event: 5.918 Thread 0x00007447d00268d0 Exception <a 'java/lang/NoClassDefFoundError'{0x000000008a508978}: com/google/inject/servlet/ServletModuleTargetVisitor> (0x000000008a508978) 
thrown [../../src/hotspot/share/classfile/systemDictionary.cpp, line 245]
Event: 7.058 Thread 0x00007447d00268d0 Implicit null exception at 0x00007447c0ef8454 to 0x00007447c0ef893c
Event: 7.059 Thread 0x00007447d00268d0 Implicit null exception at 0x00007447c0eeaed4 to 0x00007447c0eeb3a8
Event: 13.757 Thread 0x00007447d00268d0 Implicit null exception at 0x00007447c100075c to 0x00007447c1000814
Event: 13.758 Thread 0x00007447d00268d0 Implicit null exception at 0x00007447c0f45fea to 0x00007447c0f461a0
Event: 13.759 Thread 0x00007447d00268d0 Implicit null exception at 0x00007447c0f267d8 to 0x00007447c0f2686a
Event: 17.348 Thread 0x00007447d00268d0 Implicit null exception at 0x00007447c10618f0 to 0x00007447c10656d4
Event: 17.349 Thread 0x00007447d00268d0 Implicit null exception at 0x00007447c107433d to 0x00007447c10777cc
Event: 17.349 Thread 0x00007447d00268d0 Implicit null exception at 0x00007447c105ac4c to 0x00007447c105ac94
Event: 17.384 Thread 0x00007447d00268d0 Implicit null exception at 0x00007447c0f42eea to 0x00007447c0f43094
Event: 17.386 Thread 0x00007447d00268d0 Implicit null exception at 0x00007447c0f36daf to 0x00007447c0f36e29
Event: 17.530 Thread 0x00007447d00268d0 Implicit null exception at 0x00007447c10a1343 to 0x00007447c10a1de0
Event: 18.781 Thread 0x00007447d00268d0 Exception <a 'java/lang/NoSuchMethodError'{0x000000008b876f60}: 'int java.lang.invoke.DirectMethodHandle$Holder.invokeStatic(java.lang.Object, java.lang.Object, int)'> (0x000000008b876f60) 
thrown [../../src/hotspot/share/interpreter/linkResolver.cpp, line 758]
Event: 20.324 Thread 0x00007447d00268d0 Exception <a 'java/lang/NoSuchMethodError'{0x000000008a727920}: 'void java.lang.invoke.DirectMethodHandle$Holder.invokeSpecial(java.lang.Object, java.lang.Object, java.lang.Object)'> (0x000000008a727920) 
thrown [../../src/hotspot/share/interpreter/linkResolver.cpp, line 758]
Event: 21.298 Thread 0x00007447d00268d0 Exception <a 'java/lang/NoSuchMethodError'{0x0000000089c08220}: 'java.lang.Object java.lang.invoke.DirectMethodHandle$Holder.invokeStaticInit(java.lang.Object)'> (0x0000000089c08220) 
thrown [../../src/hotspot/share/interpreter/linkResolver.cpp, line 758]

VM Operations (20 events):
Event: 16.880 Executing VM operation: Cleanup
Event: 16.880 Executing VM operation: Cleanup done
Event: 17.254 Executing VM operation: G1CollectForAllocation
Event: 17.331 Executing VM operation: G1CollectForAllocation done
Event: 18.297 Executing VM operation: ICBufferFull
Event: 18.300 Executing VM operation: ICBufferFull done
Event: 18.704 Executing VM operation: HandshakeAllThreads
Event: 18.705 Executing VM operation: HandshakeAllThreads done
Event: 19.450 Executing VM operation: ICBufferFull
Event: 19.452 Executing VM operation: ICBufferFull done
Event: 20.372 Executing VM operation: HandshakeAllThreads
Event: 20.375 Executing VM operation: HandshakeAllThreads done
Event: 21.230 Executing VM operation: HandshakeAllThreads
Event: 21.231 Executing VM operation: HandshakeAllThreads done
Event: 21.231 Executing VM operation: Cleanup
Event: 21.235 Executing VM operation: Cleanup done
Event: 21.335 Executing VM operation: HandshakeAllThreads
Event: 21.336 Executing VM operation: HandshakeAllThreads done
Event: 21.580 Executing VM operation: G1CollectForAllocation
Event: 21.664 Executing VM operation: G1CollectForAllocation done

Events (20 events):
Event: 0.354 Thread 0x00007447d0131af0 Thread added: 0x00007447d0131af0
Event: 0.354 Protecting memory [0x00007447b470f000,0x00007447b4713000] with protection modes 0
Event: 0.356 Thread 0x00007447d01334b0 Thread added: 0x00007447d01334b0
Event: 0.356 Protecting memory [0x00007447b460e000,0x00007447b4612000] with protection modes 0
Event: 0.356 Thread 0x00007447d01349f0 Thread added: 0x00007447d01349f0
Event: 0.356 Protecting memory [0x00007447b450d000,0x00007447b4511000] with protection modes 0
Event: 0.357 Thread 0x00007447d013de60 Thread added: 0x00007447d013de60
Event: 0.357 Protecting memory [0x00007447b440c000,0x00007447b4410000] with protection modes 0
Event: 0.378 Thread 0x00007447d0145db0 Thread added: 0x00007447d0145db0
Event: 0.378 Protecting memory [0x00007447b430b000,0x00007447b430f000] with protection modes 0
Event: 0.390 Thread 0x00007447d01498f0 Thread added: 0x00007447d01498f0
Event: 0.391 Protecting memory [0x00007447b4109000,0x00007447b410d000] with protection modes 0
Event: 3.394 Thread 0x000074472023ffc0 Thread added: 0x000074472023ffc0
Event: 3.395 Protecting memory [0x00007447afbfb000,0x00007447afbff000] with protection modes 0
Event: 4.669 Thread 0x000074472023ffc0 Thread exited: 0x000074472023ffc0
Event: 5.878 Thread 0x00007447281bd6a0 Thread added: 0x00007447281bd6a0
Event: 5.878 Protecting memory [0x00007447afbfb000,0x00007447afbff000] with protection modes 0
Event: 20.762 Thread 0x00007447281bd6a0 Thread exited: 0x00007447281bd6a0
Event: 20.902 Thread 0x00007447205bc460 Thread added: 0x00007447205bc460
Event: 20.903 Protecting memory [0x00007447afbfb000,0x00007447afbff000] with protection modes 0


Dynamic libraries:
83e00000-8d600000 rw-p 00000000 00:00 0 
8d600000-ffe00000 ---p 00000000 00:00 0 
ffe00000-ffe75000 rw-p 00c76000 00:49 845587                             /usr/lib/jvm/msopenjdk-current/lib/server/classes.jsa
ffe75000-fff00000 rw-p 00000000 00:00 0 
fff00000-fff77000 rw-p 00bff000 00:49 845587                             /usr/lib/jvm/msopenjdk-current/lib/server/classes.jsa
fff77000-100000000 rw-p 00000000 00:00 0 
5a680f1a3000-5a680f1a4000 r-xp 00000000 00:49 845090                     /usr/lib/jvm/msopenjdk-current/bin/java
5a680f1a5000-5a680f1a6000 r--p 00001000 00:49 845090                     /usr/lib/jvm/msopenjdk-current/bin/java
5a680f1a6000-5a680f1a7000 rw-p 00002000 00:49 845090                     /usr/lib/jvm/msopenjdk-current/bin/java
5a6810904000-5a681094b000 rw-p 00000000 00:00 0                          [heap]
7446f0000000-7446f0021000 rw-p 00000000 00:00 0 
7446f0021000-7446f4000000 ---p 00000000 00:00 0 
7446f8000000-7446f8f2b000 rw-p 00000000 00:00 0 
7446f8f2b000-7446fc000000 ---p 00000000 00:00 0 
7446fc000000-7446fc021000 rw-p 00000000 00:00 0 
7446fc021000-744700000000 ---p 00000000 00:00 0 
744704000000-744704021000 rw-p 00000000 00:00 0 
744704021000-744708000000 ---p 00000000 00:00 0 
744708000000-744708021000 rw-p 00000000 00:00 0 
744708021000-74470c000000 ---p 00000000 00:00 0 
744710000000-744710021000 rw-p 00000000 00:00 0 
744710021000-744714000000 ---p 00000000 00:00 0 
744714000000-744714021000 rw-p 00000000 00:00 0 
744714021000-744718000000 ---p 00000000 00:00 0 
74471c000000-74471c021000 rw-p 00000000 00:00 0 
74471c021000-744720000000 ---p 00000000 00:00 0 
744720000000-744720674000 rw-p 00000000 00:00 0 
744720674000-744724000000 ---p 00000000 00:00 0 
744728000000-74472903b000 rw-p 00000000 00:00 0 
74472903b000-74472c000000 ---p 00000000 00:00 0 
74472c000000-74472c021000 rw-p 00000000 00:00 0 
74472c021000-744730000000 ---p 00000000 00:00 0 
744734000000-744734021000 rw-p 00000000 00:00 0 
744734021000-744738000000 ---p 00000000 00:00 0 
744738000000-744738021000 rw-p 00000000 00:00 0 
744738021000-74473c000000 ---p 00000000 00:00 0 
744740000000-744740021000 rw-p 00000000 00:00 0 
744740021000-744744000000 ---p 00000000 00:00 0 
744744000000-744744021000 rw-p 00000000 00:00 0 
744744021000-744748000000 ---p 00000000 00:00 0 
74474c000000-74474c024000 rw-p 00000000 00:00 0 
74474c024000-744750000000 ---p 00000000 00:00 0 
744753000000-7447533b0000 rw-p 00000000 00:00 0 
7447533b0000-744753400000 ---p 00000000 00:00 0 
744753400000-7447540a0000 rw-p 00000000 00:00 0 
7447540a0000-744757000000 ---p 00000000 00:00 0 
744757000000-744757454000 rw-p 00001000 00:49 845587                     /usr/lib/jvm/msopenjdk-current/lib/server/classes.jsa
744757454000-744757bc7000 rw-p 00455000 00:49 845587                     /usr/lib/jvm/msopenjdk-current/lib/server/classes.jsa
744757bc7000-744758000000 ---p 00000000 00:00 0 
744758000000-744758030000 rw-p 00000000 00:00 0 
744758030000-744758070000 rw-p 00000000 00:00 0 
744758070000-7447581b0000 rw-p 00000000 00:00 0 
7447581b0000-7447581e0000 rw-p 00000000 00:00 0 
7447581e0000-744758200000 ---p 00000000 00:00 0 
744758200000-744758240000 rw-p 00000000 00:00 0 
744758240000-744798000000 ---p 00000000 00:00 0 
744798000000-744798021000 rw-p 00000000 00:00 0 
744798021000-74479c000000 ---p 00000000 00:00 0 
74479c000000-74479c021000 rw-p 00000000 00:00 0 
74479c021000-7447a0000000 ---p 00000000 00:00 0 
7447a4000000-7447a4021000 rw-p 00000000 00:00 0 
7447a4021000-7447a8000000 ---p 00000000 00:00 0 
7447a8000000-7447a8021000 rw-p 00000000 00:00 0 
7447a8021000-7447ac000000 ---p 00000000 00:00 0 
7447af800000-7447afa91000 rw-p 00000000 00:00 0 
7447afafa000-7447afafb000 ---p 00000000 00:00 0 
7447afafb000-7447afbfb000 rw-p 00000000 00:00 0 
7447afbfb000-7447afbff000 ---p 00000000 00:00 0 
7447afbff000-7447afcfc000 rw-p 00000000 00:00 0 
7447afcfc000-7447afcfd000 ---p 00000000 00:00 0 
7447afcfd000-7447afdfd000 rw-p 00000000 00:00 0 
7447afdfd000-7447afe00000 r-xp 00000000 00:49 1057013                    /tmp/jansi-2.4.0-9c83e723d5fcf903-libjansi.so
7447afe00000-7447affff000 ---p 00003000 00:49 1057013                    /tmp/jansi-2.4.0-9c83e723d5fcf903-libjansi.so
7447affff000-7447b0000000 rw-p 00002000 00:49 1057013                    /tmp/jansi-2.4.0-9c83e723d5fcf903-libjansi.so
7447b0000000-7447b0021000 rw-p 00000000 00:00 0 
7447b0021000-7447b4000000 ---p 00000000 00:00 0 
7447b4008000-7447b4009000 ---p 00000000 00:00 0 
7447b4009000-7447b4109000 rw-p 00000000 00:00 0 
7447b4109000-7447b410d000 ---p 00000000 00:00 0 
7447b410d000-7447b420a000 rw-p 00000000 00:00 0 
7447b420a000-7447b420b000 ---p 00000000 00:00 0 
7447b420b000-7447b430b000 rw-p 00000000 00:00 0 
7447b430b000-7447b430f000 ---p 00000000 00:00 0 
7447b430f000-7447b440c000 rw-p 00000000 00:00 0 
7447b440c000-7447b4410000 ---p 00000000 00:00 0 
7447b4410000-7447b450d000 rw-p 00000000 00:00 0 
7447b450d000-7447b4511000 ---p 00000000 00:00 0 
7447b4511000-7447b460e000 rw-p 00000000 00:00 0 
7447b460e000-7447b4612000 ---p 00000000 00:00 0 
7447b4612000-7447b470f000 rw-p 00000000 00:00 0 
7447b470f000-7447b4713000 ---p 00000000 00:00 0 
7447b4713000-7447b4810000 rw-p 00000000 00:00 0 
7447b4810000-7447b4814000 ---p 00000000 00:00 0 
7447b4814000-7447b4911000 rw-p 00000000 00:00 0 
7447b4911000-7447b4915000 ---p 00000000 00:00 0 
7447b4915000-7447b4a12000 rw-p 00000000 00:00 0 
7447b4a12000-7447b4cf9000 r--p 00000000 00:49 827992                     /usr/lib/locale/locale-archive
7447b4cf9000-7447b4cfd000 ---p 00000000 00:00 0 
7447b4cfd000-7447b4dfa000 rw-p 00000000 00:00 0 
7447b4dfa000-7447b4dfe000 ---p 00000000 00:00 0 
7447b4dfe000-7447b4efb000 rw-p 00000000 00:00 0 
7447b4efb000-7447b4efc000 ---p 00000000 00:00 0 
7447b4efc000-7447b4ffc000 rw-p 00000000 00:00 0 
7447b4ffc000-7447b4ffd000 ---p 00000000 00:00 0 
7447b4ffd000-7447b50fd000 rw-p 00000000 00:00 0 
7447b50fd000-7447b50fe000 ---p 00000000 00:00 0 
7447b50fe000-7447b51fe000 rw-p 00000000 00:00 0 
7447b51fe000-7447b7660000 rw-p 00000000 00:00 0 
7447b7660000-7447b9300000 ---p 00000000 00:00 0 
7447b9300000-7447b9308000 rw-p 00000000 00:00 0 
7447b9400000-7447b9d70000 rwxp 00000000 00:00 0 
7447b9d70000-7447c0937000 ---p 00000000 00:00 0 
7447c0937000-7447c0ba7000 rwxp 00000000 00:00 0 
7447c0ba7000-7447c0ec8000 ---p 00000000 00:00 0 
7447c0ec8000-7447c1178000 rwxp 00000000 00:00 0 
7447c1178000-7447c8400000 ---p 00000000 00:00 0 
7447c842b000-7447d0000000 r--s 00000000 00:49 845578                     /usr/lib/jvm/msopenjdk-current/lib/modules
7447d0000000-7447d1455000 rw-p 00000000 00:00 0 
7447d1455000-7447d4000000 ---p 00000000 00:00 0 
7447d402b000-7447d40f9000 r-xp 00000000 00:49 845562                     /usr/lib/jvm/msopenjdk-current/lib/libjsvml.so
7447d40f9000-7447d40fa000 r--p 000cd000 00:49 845562                     /usr/lib/jvm/msopenjdk-current/lib/libjsvml.so
7447d40fa000-7447d40fb000 rw-p 000ce000 00:49 845562                     /usr/lib/jvm/msopenjdk-current/lib/libjsvml.so
7447d40fb000-7447d42fd000 rw-p 00000000 00:00 0 
7447d42fd000-7447d42fe000 ---p 00000000 00:00 0 
7447d42fe000-7447d43fe000 rw-p 00000000 00:00 0 
7447d43fe000-7447d43ff000 ---p 00000000 00:00 0 
7447d43ff000-7447d44ff000 rw-p 00000000 00:00 0 
7447d44ff000-7447d4500000 ---p 00000000 00:00 0 
7447d4500000-7447d4600000 rw-p 00000000 00:00 0 
7447d4600000-7447d4860000 rw-p 00000000 00:00 0 
7447d4860000-7447d6500000 ---p 00000000 00:00 0 
7447d6500000-7447d6508000 rw-p 00000000 00:00 0 
7447d654e000-7447d664c000 rw-p 00000000 00:00 0 
7447d664c000-7447d69e0000 ---p 00000000 00:00 0 
7447d69e0000-7447d69e1000 rw-p 00000000 00:00 0 
7447d6a00000-7447d6a4c000 rw-p 00000000 00:00 0 
7447d6a4c000-7447d6de0000 ---p 00000000 00:00 0 
7447d6de0000-7447d6de1000 rw-p 00000000 00:00 0 
7447d6e00000-7447d6e4c000 rw-p 00000000 00:00 0 
7447d6e4c000-7447d71e0000 ---p 00000000 00:00 0 
7447d71e0000-7447d71e1000 rw-p 00000000 00:00 0 
7447d71ed000-7447d71fa000 r-xp 00000000 00:49 845576                     /usr/lib/jvm/msopenjdk-current/lib/libverify.so
7447d71fa000-7447d71fc000 r--p 0000c000 00:49 845576                     /usr/lib/jvm/msopenjdk-current/lib/libverify.so
7447d71fc000-7447d71fd000 rw-p 0000e000 00:49 845576                     /usr/lib/jvm/msopenjdk-current/lib/libverify.so
7447d71fd000-7447d7204000 r-xp 00000000 00:49 845577                     /usr/lib/jvm/msopenjdk-current/lib/libzip.so
7447d7204000-7447d7205000 ---p 00007000 00:49 845577                     /usr/lib/jvm/msopenjdk-current/lib/libzip.so
7447d7205000-7447d7206000 r--p 00007000 00:49 845577                     /usr/lib/jvm/msopenjdk-current/lib/libzip.so
7447d7206000-7447d7207000 rw-p 00008000 00:49 845577                     /usr/lib/jvm/msopenjdk-current/lib/libzip.so
7447d7207000-7447d72a3000 rw-p 00000000 00:00 0 
7447d72a5000-7447d72ac000 r--s 00000000 00:49 816724                     /usr/lib/x86_64-linux-gnu/gconv/gconv-modules.cache
7447d72ac000-7447d72c1000 r-xp 00000000 00:49 845568                     /usr/lib/jvm/msopenjdk-current/lib/libnet.so
7447d72c1000-7447d72c2000 ---p 00015000 00:49 845568                     /usr/lib/jvm/msopenjdk-current/lib/libnet.so
7447d72c2000-7447d72c3000 r--p 00015000 00:49 845568                     /usr/lib/jvm/msopenjdk-current/lib/libnet.so
7447d72c3000-7447d72c4000 rw-p 00016000 00:49 845568                     /usr/lib/jvm/msopenjdk-current/lib/libnet.so
7447d72c4000-7447d72d7000 r-xp 00000000 00:49 845569                     /usr/lib/jvm/msopenjdk-current/lib/libnio.so
7447d72d7000-7447d72d8000 ---p 00013000 00:49 845569                     /usr/lib/jvm/msopenjdk-current/lib/libnio.so
7447d72d8000-7447d72d9000 r--p 00013000 00:49 845569                     /usr/lib/jvm/msopenjdk-current/lib/libnio.so
7447d72d9000-7447d72da000 rw-p 00014000 00:49 845569                     /usr/lib/jvm/msopenjdk-current/lib/libnio.so
7447d72da000-7447d7726000 rw-p 00000000 00:00 0 
7447d7726000-7447d780b000 ---p 00000000 00:00 0 
7447d780b000-7447d781e000 rw-p 00000000 00:00 0 
7447d781e000-7447d78f6000 ---p 00000000 00:00 0 
7447d78f6000-7447d78fb000 rw-p 00000000 00:00 0 
7447d78fb000-7447d7902000 ---p 00000000 00:00 0 
7447d7902000-7447d7926000 r-xp 00000000 00:49 845554                     /usr/lib/jvm/msopenjdk-current/lib/libjava.so
7447d7926000-7447d7927000 ---p 00024000 00:49 845554                     /usr/lib/jvm/msopenjdk-current/lib/libjava.so
7447d7927000-7447d7928000 r--p 00024000 00:49 845554                     /usr/lib/jvm/msopenjdk-current/lib/libjava.so
7447d7928000-7447d7929000 rw-p 00025000 00:49 845554                     /usr/lib/jvm/msopenjdk-current/lib/libjava.so
7447d7929000-7447d792a000 rw-p 00000000 00:00 0 
7447d792a000-7447d7932000 rw-s 00000000 00:49 1056995                    /tmp/hsperfdata_vscode/13415
7447d7932000-7447d7935000 r--p 00000000 00:49 816047                     /lib/x86_64-linux-gnu/libnss_files-2.31.so
7447d7935000-7447d793c000 r-xp 00003000 00:49 816047                     /lib/x86_64-linux-gnu/libnss_files-2.31.so
7447d793c000-7447d793e000 r--p 0000a000 00:49 816047                     /lib/x86_64-linux-gnu/libnss_files-2.31.so
7447d793e000-7447d793f000 r--p 0000b000 00:49 816047                     /lib/x86_64-linux-gnu/libnss_files-2.31.so
7447d793f000-7447d7940000 rw-p 0000c000 00:49 816047                     /lib/x86_64-linux-gnu/libnss_files-2.31.so
7447d7940000-7447d7946000 rw-p 00000000 00:00 0 
7447d794b000-7447d7966000 r-xp 00000000 00:49 845558                     /usr/lib/jvm/msopenjdk-current/lib/libjimage.so
7447d7966000-7447d7967000 ---p 0001b000 00:49 845558                     /usr/lib/jvm/msopenjdk-current/lib/libjimage.so
7447d7967000-7447d7969000 r--p 0001b000 00:49 845558                     /usr/lib/jvm/msopenjdk-current/lib/libjimage.so
7447d7969000-7447d796a000 rw-p 0001d000 00:49 845558                     /usr/lib/jvm/msopenjdk-current/lib/libjimage.so
7447d796a000-7447d796e000 ---p 00000000 00:00 0 
7447d796e000-7447d7a6b000 rw-p 00000000 00:00 0 
7447d7a6b000-7447d7a78000 r--p 00000000 00:49 816036                     /lib/x86_64-linux-gnu/libm-2.31.so
7447d7a78000-7447d7b12000 r-xp 0000d000 00:49 816036                     /lib/x86_64-linux-gnu/libm-2.31.so
7447d7b12000-7447d7bad000 r--p 000a7000 00:49 816036                     /lib/x86_64-linux-gnu/libm-2.31.so
7447d7bad000-7447d7bae000 r--p 00141000 00:49 816036                     /lib/x86_64-linux-gnu/libm-2.31.so
7447d7bae000-7447d7baf000 rw-p 00142000 00:49 816036                     /lib/x86_64-linux-gnu/libm-2.31.so
7447d7baf000-7447d7bb1000 r--p 00000000 00:49 816064                     /lib/x86_64-linux-gnu/librt-2.31.so
7447d7bb1000-7447d7bb5000 r-xp 00002000 00:49 816064                     /lib/x86_64-linux-gnu/librt-2.31.so
7447d7bb5000-7447d7bb7000 r--p 00006000 00:49 816064                     /lib/x86_64-linux-gnu/librt-2.31.so
7447d7bb7000-7447d7bb8000 r--p 00007000 00:49 816064                     /lib/x86_64-linux-gnu/librt-2.31.so
7447d7bb8000-7447d7bb9000 rw-p 00008000 00:49 816064                     /lib/x86_64-linux-gnu/librt-2.31.so
7447d7bb9000-7447d8ded000 r-xp 00000000 00:49 845590                     /usr/lib/jvm/msopenjdk-current/lib/server/libjvm.so
7447d8ded000-7447d8dee000 ---p 01234000 00:49 845590                     /usr/lib/jvm/msopenjdk-current/lib/server/libjvm.so
7447d8dee000-7447d8ea7000 r--p 01234000 00:49 845590                     /usr/lib/jvm/msopenjdk-current/lib/server/libjvm.so
7447d8ea7000-7447d8edc000 rw-p 012ed000 00:49 845590                     /usr/lib/jvm/msopenjdk-current/lib/server/libjvm.so
7447d8edc000-7447d8f38000 rw-p 00000000 00:00 0 
7447d8f38000-7447d8f5a000 r--p 00000000 00:49 816015                     /lib/x86_64-linux-gnu/libc-2.31.so
7447d8f5a000-7447d90b3000 r-xp 00022000 00:49 816015                     /lib/x86_64-linux-gnu/libc-2.31.so
7447d90b3000-7447d9102000 r--p 0017b000 00:49 816015                     /lib/x86_64-linux-gnu/libc-2.31.so
7447d9102000-7447d9106000 r--p 001c9000 00:49 816015                     /lib/x86_64-linux-gnu/libc-2.31.so
7447d9106000-7447d9108000 rw-p 001cd000 00:49 816015                     /lib/x86_64-linux-gnu/libc-2.31.so
7447d9108000-7447d910c000 rw-p 00000000 00:00 0 
7447d910c000-7447d910d000 r--p 00000000 00:49 816023                     /lib/x86_64-linux-gnu/libdl-2.31.so
7447d910d000-7447d910f000 r-xp 00001000 00:49 816023                     /lib/x86_64-linux-gnu/libdl-2.31.so
7447d910f000-7447d9110000 r--p 00003000 00:49 816023                     /lib/x86_64-linux-gnu/libdl-2.31.so
7447d9110000-7447d9111000 r--p 00003000 00:49 816023                     /lib/x86_64-linux-gnu/libdl-2.31.so
7447d9111000-7447d9112000 rw-p 00004000 00:49 816023                     /lib/x86_64-linux-gnu/libdl-2.31.so
7447d9112000-7447d9118000 r--p 00000000 00:49 816060                     /lib/x86_64-linux-gnu/libpthread-2.31.so
7447d9118000-7447d9128000 r-xp 00006000 00:49 816060                     /lib/x86_64-linux-gnu/libpthread-2.31.so
7447d9128000-7447d912e000 r--p 00016000 00:49 816060                     /lib/x86_64-linux-gnu/libpthread-2.31.so
7447d912e000-7447d912f000 r--p 0001b000 00:49 816060                     /lib/x86_64-linux-gnu/libpthread-2.31.so
7447d912f000-7447d9130000 rw-p 0001c000 00:49 816060                     /lib/x86_64-linux-gnu/libpthread-2.31.so
7447d9130000-7447d9134000 rw-p 00000000 00:00 0 
7447d9134000-7447d9142000 r-xp 00000000 00:49 845559                     /usr/lib/jvm/msopenjdk-current/lib/libjli.so
7447d9142000-7447d9143000 ---p 0000e000 00:49 845559                     /usr/lib/jvm/msopenjdk-current/lib/libjli.so
7447d9143000-7447d9144000 r--p 0000e000 00:49 845559                     /usr/lib/jvm/msopenjdk-current/lib/libjli.so
7447d9144000-7447d9145000 rw-p 0000f000 00:49 845559                     /usr/lib/jvm/msopenjdk-current/lib/libjli.so
7447d9145000-7447d9148000 r--p 00000000 00:49 816079                     /lib/x86_64-linux-gnu/libz.so.1.2.11
7447d9148000-7447d9159000 r-xp 00003000 00:49 816079                     /lib/x86_64-linux-gnu/libz.so.1.2.11
7447d9159000-7447d915f000 r--p 00014000 00:49 816079                     /lib/x86_64-linux-gnu/libz.so.1.2.11
7447d915f000-7447d9160000 ---p 0001a000 00:49 816079                     /lib/x86_64-linux-gnu/libz.so.1.2.11
7447d9160000-7447d9161000 r--p 0001a000 00:49 816079                     /lib/x86_64-linux-gnu/libz.so.1.2.11
7447d9161000-7447d9162000 rw-p 0001b000 00:49 816079                     /lib/x86_64-linux-gnu/libz.so.1.2.11
7447d9162000-7447d9164000 rw-p 00000000 00:00 0 
7447d9167000-7447d9168000 ---p 00000000 00:00 0 
7447d9168000-7447d9169000 r--p 00000000 00:00 0 
7447d9169000-7447d916a000 r--p 00000000 00:49 816003                     /lib/x86_64-linux-gnu/ld-2.31.so
7447d916a000-7447d918a000 r-xp 00001000 00:49 816003                     /lib/x86_64-linux-gnu/ld-2.31.so
7447d918a000-7447d9192000 r--p 00021000 00:49 816003                     /lib/x86_64-linux-gnu/ld-2.31.so
7447d9192000-7447d9193000 ---p 00000000 00:00 0 
7447d9193000-7447d9194000 r--p 00029000 00:49 816003                     /lib/x86_64-linux-gnu/ld-2.31.so
7447d9194000-7447d9195000 rw-p 0002a000 00:49 816003                     /lib/x86_64-linux-gnu/ld-2.31.so
7447d9195000-7447d9196000 rw-p 00000000 00:00 0 
7ffc4c7c2000-7ffc4c7e4000 rw-p 00000000 00:00 0                          [stack]
7ffc4c7ec000-7ffc4c7f0000 r--p 00000000 00:00 0                          [vvar]
7ffc4c7f0000-7ffc4c7f2000 r-xp 00000000 00:00 0                          [vdso]
ffffffffff600000-ffffffffff601000 --xp 00000000 00:00 0                  [vsyscall]


VM Arguments:
jvm_args: -Dmaven.home=/workspaces/UeK-223/tasks/3.1 -Dmaven.multiModuleProjectDirectory=/workspaces/UeK-223/tasks/3.1/punchclock-quarkus 
java_command: org.apache.maven.wrapper.MavenWrapperMain quarkus:dev
java_class_path (initial): /workspaces/UeK-223/tasks/3.1/punchclock-quarkus/.mvn/wrapper/maven-wrapper.jar
Launcher Type: SUN_STANDARD

[Global flags]
     intx CICompilerCount                          = 3                                         {product} {ergonomic}
     uint ConcGCThreads                            = 1                                         {product} {ergonomic}
     uint G1ConcRefinementThreads                  = 4                                         {product} {ergonomic}
   size_t G1HeapRegionSize                         = 1048576                                   {product} {ergonomic}
    uintx GCDrainStackTargetSize                   = 64                                        {product} {ergonomic}
   size_t InitialHeapSize                          = 132120576                                 {product} {ergonomic}
   size_t MarkStackSize                            = 4194304                                   {product} {ergonomic}
   size_t MaxHeapSize                              = 2082471936                                {product} {ergonomic}
   size_t MaxNewSize                               = 1248854016                                {product} {ergonomic}
   size_t MinHeapDeltaBytes                        = 1048576                                   {product} {ergonomic}
   size_t MinHeapSize                              = 8388608                                   {product} {ergonomic}
    uintx NonNMethodCodeHeapSize                   = 5832780                                {pd product} {ergonomic}
    uintx NonProfiledCodeHeapSize                  = 122912730                              {pd product} {ergonomic}
    uintx ProfiledCodeHeapSize                     = 122912730                              {pd product} {ergonomic}
    uintx ReservedCodeCacheSize                    = 251658240                              {pd product} {ergonomic}
     bool SegmentedCodeCache                       = true                                      {product} {ergonomic}
   size_t SoftMaxHeapSize                          = 2082471936                             {manageable} {ergonomic}
     bool UseCompressedClassPointers               = true                           {product lp64_product} {ergonomic}
     bool UseCompressedOops                        = true                           {product lp64_product} {ergonomic}
     bool UseG1GC                                  = true                                      {product} {ergonomic}

Logging:
Log output configuration:
 #0: stdout all=warning uptime,level,tags
 #1: stderr all=off uptime,level,tags

Environment Variables:
JAVA_HOME=/usr/lib/jvm/msopenjdk-current
PATH=/vscode/vscode-server/bin/linux-x64/65edc4939843c90c34d61f4ce11704f09d3e5cb6/bin/remote-cli:/usr/local/sdkman/bin:/usr/local/sdkman/candidates/java/current/bin:/usr/local/sdkman/candidates/gradle/current/bin:/usr/local/sdkman/candidates/maven/current/bin:/usr/local/sdkman/candidates/ant/current/bin:/usr/local/share/nvm/current/bin:/usr/local/sdkman/bin:/usr/local/sdkman/candidates/java/current/bin:/usr/local/sdkman/candidates/gradle/current/bin:/usr/local/sdkman/candidates/maven/current/bin:/usr/local/sdkman/candidates/ant/current/bin:/usr/lib/jvm/msopenjdk-current/bin:/usr/local/sdkman/bin:/usr/local/sdkman/candidates/java/current/bin:/usr/local/sdkman/candidates/gradle/current/bin:/usr/local/sdkman/candidates/maven/current/bin:/usr/local/sdkman/candidates/ant/current/bin:/usr/local/share/nvm/current/bin:/usr/local/sdkman/bin:/usr/local/sdkman/candidates/java/current/bin:/usr/local/sdkman/candidates/gradle/current/bin:/usr/local/sdkman/candidates/maven/current/bin:/usr/local/sdkman/candidates/ant/current/bin:/usr/lib/jvm/msopenjdk-current/bin:/usr/local/sbin:/usr/local/bin:/usr/sbin:/usr/bin:/sbin:/bin:/home/vscode/.local/bin
SHELL=/bin/bash
LANG=en_US.UTF-8
TERM=xterm-256color

Active Locale:
LC_ALL=en_US.UTF-8
LC_COLLATE=en_US.UTF-8
LC_CTYPE=en_US.UTF-8
LC_MESSAGES=en_US.UTF-8
LC_MONETARY=en_US.UTF-8
LC_NUMERIC=en_US.UTF-8
LC_TIME=en_US.UTF-8

Signal Handlers:
   SIGSEGV: crash_handler in libjvm.so, mask=11100100010111111101111111111110, flags=SA_RESTART|SA_SIGINFO, unblocked
    SIGBUS: crash_handler in libjvm.so, mask=11100100010111111101111111111110, flags=SA_RESTART|SA_SIGINFO, unblocked
    SIGFPE: crash_handler in libjvm.so, mask=11100100010111111101111111111110, flags=SA_RESTART|SA_SIGINFO, unblocked
   SIGPIPE: javaSignalHandler in libjvm.so, mask=11100100010111111101111111111110, flags=SA_RESTART|SA_SIGINFO, blocked
   SIGXFSZ: javaSignalHandler in libjvm.so, mask=11100100010111111101111111111110, flags=SA_RESTART|SA_SIGINFO, blocked
    SIGILL: crash_handler in libjvm.so, mask=11100100010111111101111111111110, flags=SA_RESTART|SA_SIGINFO, unblocked
   SIGUSR2: SR_handler in libjvm.so, mask=00000000000000000000000000000000, flags=SA_RESTART|SA_SIGINFO, blocked
    SIGHUP: UserHandler in libjvm.so, mask=11100100010111111101111111111110, flags=SA_RESTART|SA_SIGINFO, blocked
    SIGINT: UserHandler in libjvm.so, mask=11100100010111111101111111111110, flags=SA_RESTART|SA_SIGINFO, blocked
   SIGTERM: UserHandler in libjvm.so, mask=11100100010111111101111111111110, flags=SA_RESTART|SA_SIGINFO, blocked
   SIGQUIT: UserHandler in libjvm.so, mask=11100100010111111101111111111110, flags=SA_RESTART|SA_SIGINFO, blocked
   SIGTRAP: crash_handler in libjvm.so, mask=11100100010111111101111111111110, flags=SA_RESTART|SA_SIGINFO, unblocked


Periodic native trim disabled


---------------  S Y S T E M  ---------------

OS:
PRETTY_NAME="Debian GNU/Linux 11 (bullseye)"
NAME="Debian GNU/Linux"
VERSION_ID="11"
VERSION="11 (bullseye)"
VERSION_CODENAME=bullseye
ID=debian
HOME_URL="https://www.debian.org/"
SUPPORT_URL="https://www.debian.org/support"
BUG_REPORT_URL="https://bugs.debian.org/"
uname: Linux 6.8.0-39-generic #39-Ubuntu SMP PREEMPT_DYNAMIC Fri Jul  5 21:49:14 UTC 2024 x86_64
OS uptime: 0 days 1:35 hours
libc: glibc 2.31 NPTL 2.31 
rlimit (soft/hard): STACK 8192k/infinity , CORE infinity/infinity , NPROC infinity/infinity , NOFILE 1048576/1048576 , AS infinity/infinity , CPU infinity/infinity , DATA infinity/infinity , FSIZE infinity/infinity , MEMLOCK 8192k/8192k
load average: 2.83 1.96 1.34

/proc/meminfo:
MemTotal:        8127400 kB
MemFree:         1254584 kB
MemAvailable:    3034356 kB
Buffers:           59012 kB
Cached:          1923564 kB
SwapCached:            0 kB
Active:          5530188 kB
Inactive:        1036988 kB
Active(anon):    4603252 kB
Inactive(anon):     2240 kB
Active(file):     926936 kB
Inactive(file):  1034748 kB
Unevictable:       11848 kB
Mlocked:               0 kB
SwapTotal:             0 kB
SwapFree:              0 kB
Zswap:                 0 kB
Zswapped:              0 kB
Dirty:               208 kB
Writeback:             0 kB
AnonPages:       4596576 kB
Mapped:           535648 kB
Shmem:             17392 kB
KReclaimable:      86028 kB
Slab:             163264 kB
SReclaimable:      86028 kB
SUnreclaim:        77236 kB
KernelStack:       16096 kB
PageTables:        49172 kB
SecPageTables:         0 kB
NFS_Unstable:          0 kB
Bounce:                0 kB
WritebackTmp:          0 kB
CommitLimit:     4063700 kB
Committed_AS:    6811500 kB
VmallocTotal:   34359738367 kB
VmallocUsed:       28900 kB
VmallocChunk:          0 kB
Percpu:             2144 kB
HardwareCorrupted:     0 kB
AnonHugePages:         0 kB
ShmemHugePages:        0 kB
ShmemPmdMapped:        0 kB
FileHugePages:         0 kB
FilePmdMapped:         0 kB
Unaccepted:            0 kB
HugePages_Total:       0
HugePages_Free:        0
HugePages_Rsvd:        0
HugePages_Surp:        0
Hugepagesize:       2048 kB
Hugetlb:               0 kB
DirectMap4k:       91812 kB
DirectMap2M:     8292352 kB

/sys/kernel/mm/transparent_hugepage/enabled: always [madvise] never
/sys/kernel/mm/transparent_hugepage/hpage_pmd_size: 2097152
/sys/kernel/mm/transparent_hugepage/defrag (defrag/compaction efforts parameter): always defer defer+madvise [madvise] never

Process Memory:
Virtual Size: 5154492K (peak: 5217372K)
Resident Set Size: 276724K (peak: 276724K) (anon: 254452K, file: 22272K, shmem: 0K)
Swapped out: 0K
C-Heap outstanding allocations: 52018K, retained: 22013K
glibc malloc tunables: (default)

/proc/sys/kernel/threads-max (system-wide limit on the number of threads): 63379
/proc/sys/vm/max_map_count (maximum number of memory map areas a process may have): 1048576
/proc/sys/vm/swappiness (control to define how aggressively the kernel swaps out anonymous memory): 60
/proc/sys/kernel/pid_max (system-wide limit on number of process identifiers): 4194304

container (cgroup) information:
container_type: cgroupv2
cpu_cpuset_cpus: not supported
cpu_memory_nodes: not supported
active_processor_count: 4
cpu_quota: no quota
cpu_period: 100000
cpu_shares: no shares
memory_limit_in_bytes: unlimited
memory_and_swap_limit_in_bytes: unlimited
memory_soft_limit_in_bytes: unlimited
memory_usage_in_bytes: 3109268 k
memory_max_usage_in_bytes: not supported
memory_swap_current_in_bytes: unlimited
memory_swap_max_limit_in_bytes: unlimited
maximum number of tasks: unlimited
current number of tasks: 272

Steal ticks since vm start: 0
Steal ticks percentage since vm start:  0.000

CPU: total 4 (initial active 4) (4 cores per cpu, 1 threads per core) family 15 model 107 stepping 1 microcode 0x1000065, cx8, cmov, fxsr, mmx, sse, sse2, sse3, tsc, clflush, hv
CPU Model and flags from /proc/cpuinfo:
model name	: QEMU Virtual CPU version 2.5+
flags		: fpu de pse tsc msr pae mce cx8 apic sep mtrr pge mca cmov pat pse36 clflush mmx fxsr sse sse2 ht syscall nx lm rep_good nopl cpuid extd_apicid pni cx16 hypervisor lahf_lm cmp_legacy svm 3dnowprefetch vmmcall

Online cpus: 0-3
Offline cpus: 
BIOS frequency limitation: <Not Available>
Frequency switch latency (ns): <Not Available>
Available cpu frequencies: <Not Available>
Current governor: <Not Available>
Core performance/turbo boost: <Not Available>

Memory: 4k page, physical 8127400k(1254584k free), swap 0k(0k free)
Page Sizes: 4k

vm_info: OpenJDK 64-Bit Server VM (17.0.12+7-LTS) for linux-amd64 JRE (17.0.12+7-LTS), built on Jul 16 2024 17:37:06 by "MicrosoftCorporation" with gcc 11.3.0

END.
