#
# A fatal error has been detected by the Java Runtime Environment:
#
#  SIGSEGV (0xb) at pc=0x000071db157f1600, pid=42965, tid=42974
#
# JRE version: OpenJDK Runtime Environment Microsoft-9889599 (17.0.12+7) (build 17.0.12+7-LTS)
# Java VM: OpenJDK 64-Bit Server VM Microsoft-9889599 (17.0.12+7-LTS, mixed mode, sharing, tiered, compressed oops, compressed class ptrs, g1 gc, linux-amd64)
# Problematic frame:
# J 2206 c1 org.eclipse.aether.graph.Dependency.<init>(Lorg/eclipse/aether/artifact/Artifact;Ljava/lang/String;Ljava/util/Set;Ljava/lang/Boolean;)V (43 bytes) @ 0x000071db157f1600 [0x000071db157f15e0+0x0000000000000020]
#
# Core dump will be written. Default location: /workspaces/UeK-223/tasks/3.1/punchclock-quarkus/core
#
# If you would like to submit a bug report, please visit:
#   https://github.com/microsoft/openjdk/issues
#

---------------  S U M M A R Y ------------

Command Line: -Dmaven.home=/workspaces/UeK-223/tasks/3.1 -Dmaven.multiModuleProjectDirectory=/workspaces/UeK-223/tasks/3.1/punchclock-quarkus org.apache.maven.wrapper.MavenWrapperMain quarkus:dev

Host: QEMU Virtual CPU version 2.5+, 4 cores, 7G, Debian GNU/Linux 11 (bullseye)
Time: Wed Nov  6 10:19:42 2024 UTC elapsed time: 9.662997 seconds (0d 0h 0m 9s)

---------------  T H R E A D  ---------------

Current thread (0x000071db2c0268d0):  JavaThread "main" [_thread_in_Java, id=42974, stack(0x000071db33da9000,0x000071db33eaa000)]

Stack: [0x000071db33da9000,0x000071db33eaa000],  sp=0x000071db33ea5f28,  free space=1011k
Native frames: (J=compiled Java code, j=interpreted, Vv=VM code, C=native code)
J 2206 c1 org.eclipse.aether.graph.Dependency.<init>(Lorg/eclipse/aether/artifact/Artifact;Ljava/lang/String;Ljava/util/Set;Ljava/lang/Boolean;)V (43 bytes) @ 0x000071db157f1600 [0x000071db157f15e0+0x0000000000000020]

[error occurred during error reporting (printing native stack), id 0xb, SIGSEGV (0xb) at pc=0x000071db346c90c8]


siginfo: si_signo: 11 (SIGSEGV), si_code: 1 (SEGV_MAPERR), si_addr: 0x0000000000000129

Registers:
RAX=0x0000000000000001, RBX=0x00000000000000c8, RCX=0x0000000000000000, RDX=0x000000008bafb338
RSP=0x000071db33ea5f28, RBP=0x000071db33ea6178, RSI=0x000000008bafb518, RDI=0x000000008bafb518
R8 =0x0000000083ef64c0, R9 =0x0000000000000000, R10=0x000071dab300e140, R11=0x0000000000000000
R12=0x0000000000000000, R13=0x000000008bafb3a8, R14=0x000000008bafb4a0, R15=0x000071db2c0268d0
RIP=0x000071db157f1600, EFLAGS=0x0000000000010202, CSGSFS=0x002b000000000033, ERR=0x0000000000000006
  TRAPNO=0x000000000000000e


Register to memory mapping:

RAX=0x0000000000000001 is an unknown value
RBX=0x00000000000000c8 is an unknown value
RCX=0x0 is NULL
RDX=0x000000008bafb338 is an oop: org.eclipse.aether.artifact.DefaultArtifact 
{0x000000008bafb338} - klass: 'org/eclipse/aether/artifact/DefaultArtifact'
 - ---- fields (total size 5 words):
 - private final 'groupId' 'Ljava/lang/String;' @12  "io.quarkus"{0x0000000086cc8538} (86cc8538)
 - private final 'artifactId' 'Ljava/lang/String;' @16  "quarkus-container-image-spi"{0x0000000086cc8570} (86cc8570)
 - private final 'version' 'Ljava/lang/String;' @20  "2.12.1.Final"{0x0000000086cc85b8} (86cc85b8)
 - private final 'classifier' 'Ljava/lang/String;' @24  ""{0x00000000fff00010} (fff00010)
 - private final 'extension' 'Ljava/lang/String;' @28  "jar"{0x0000000086f10108} (86f10108)
 - private final 'file' 'Ljava/io/File;' @32  NULL (0)
 - private final 'properties' 'Ljava/util/Map;' @36  a 'java/util/Collections$UnmodifiableMap'{0x000000008bafb4c0} (8bafb4c0)
RSP=0x000071db33ea5f28 is pointing into the stack for thread: 0x000071db2c0268d0
RBP=0x000071db33ea6178 is pointing into the stack for thread: 0x000071db2c0268d0
RSI=0x000000008bafb518 is an oop: org.eclipse.aether.graph.Dependency 
{0x000000008bafb518} - klass: 'org/eclipse/aether/graph/Dependency'
 - ---- fields (total size 4 words):
 - private final 'artifact' 'Lorg/eclipse/aether/artifact/Artifact;' @12  NULL (0)
 - private final 'scope' 'Ljava/lang/String;' @16  NULL (0)
 - private final 'optional' 'Ljava/lang/Boolean;' @20  NULL (0)
 - private final 'exclusions' 'Ljava/util/Set;' @24  NULL (0)
RDI=0x000000008bafb518 is an oop: org.eclipse.aether.graph.Dependency 
{0x000000008bafb518} - klass: 'org/eclipse/aether/graph/Dependency'
 - ---- fields (total size 4 words):
 - private final 'artifact' 'Lorg/eclipse/aether/artifact/Artifact;' @12  NULL (0)
 - private final 'scope' 'Ljava/lang/String;' @16  NULL (0)
 - private final 'optional' 'Ljava/lang/Boolean;' @20  NULL (0)
 - private final 'exclusions' 'Ljava/util/Set;' @24  NULL (0)
R8 =0x0000000083ef64c0 is an oop: java.util.Collections$EmptySet 
{0x0000000083ef64c0} - klass: 'java/util/Collections$EmptySet'
 - ---- fields (total size 2 words):
R9 =0x0 is NULL
R10=0x000071dab300e140 is a pointer to class: 
java.util.ArrayList {0x000071dab300e140}
 - instance size:     3
 - klass size:        165
 - access:            public synchronized 
 - state:             fully_initialized
 - name:              'java/util/ArrayList'
 - super:             'java/util/AbstractList'
 - sub:               'org/apache/maven/artifact/versioning/ComparableVersion$ListItem'   'org/eclipse/sisu/bean/BeanScheduler$Pending'   
 - arrays:            NULL
 - methods:           Array<T>(0x000071dab3b36a40)
 - method ordering:   Array<T>(0x000071dab3b368c0)
 - default_methods:   Array<T>(0x000071dab3b36a20)
 - default vtable indices:   Array<T>(0x000071dab3b368b0)
 - local interfaces:  Array<T>(0x000071dab3b369f8)
 - trans. interfaces: Array<T>(0x000071dab3b369c0)
 - constants:         constant pool [492] {0x000071dab3b34af8} for 'java/util/ArrayList' cache=0x000071dab3432458
 - class loader data:  loader data: 0x000071db2c10bc10 of 'bootstrap'
 - source file:       'ArrayList.java'
 - class annotations:       Array<T>(0x0000000000000000)
 - class type annotations:  Array<T>(0x0000000000000000)
 - field annotations:       Array<T>(0x0000000000000000)
 - field type annotations:  Array<T>(0x0000000000000000)
 - generic signature: '<E:Ljava/lang/Object;>Ljava/util/AbstractList<TE;>;Ljava/util/List<TE;>;Ljava/util/RandomAccess;Ljava/lang/Cloneable;Ljava/io/Serializable;'
 - inner classes:     Array<T>(0x000071dab3b384e8)
 - nest members:     Array<T>(0x000071dab3b34a90)
 - permitted subclasses:     Array<T>(0x000071dab35d6458)
 - java mirror:       a 'java/lang/Class'{0x00000000ffe07340} = 'java/util/ArrayList'
 - vtable length      47  (start addr: 0x000071dab300e310)
 - itable length      59 (start addr: 0x000071dab300e488)
 - ---- static fields (3 words):
 - private static final 'serialVersionUID' 'J' @120 
 - private static final 'DEFAULT_CAPACITY' 'I' @128 
 - private static final 'EMPTY_ELEMENTDATA' '[Ljava/lang/Object;' @112 
 - private static final 'DEFAULTCAPACITY_EMPTY_ELEMENTDATA' '[Ljava/lang/Object;' @116 
 - ---- non-static fields (3 words):
 - protected transient 'modCount' 'I' @12 
 - private 'size' 'I' @16 
 - transient 'elementData' '[Ljava/lang/Object;' @20 
 - non-static oop maps: 20-20 
R11=0x0 is NULL
R12=0x0 is NULL
R13=0x000000008bafb3a8 is an oop: java.util.HashMap$EntryIterator 
{0x000000008bafb3a8} - klass: 'java/util/HashMap$EntryIterator'
 - ---- fields (total size 5 words):
 - 'expectedModCount' 'I' @12  4
 - 'index' 'I' @16  16 (10)
 - 'next' 'Ljava/util/HashMap$Node;' @20  NULL (0)
 - 'current' 'Ljava/util/HashMap$Node;' @24  a 'java/util/HashMap$Node'{0x0000000086d229a0} (86d229a0)
 - final synthetic 'this$0' 'Ljava/util/HashMap;' @28  a 'java/util/HashMap'{0x0000000086d22920} (86d22920)
 - final synthetic 'this$0' 'Ljava/util/HashMap;' @32  a 'java/util/HashMap'{0x0000000086d22920} (86d22920)
R14=0x000000008bafb4a0 is an oop: java.util.HashMap$Node 
{0x000000008bafb4a0} - klass: 'java/util/HashMap$Node'
 - ---- fields (total size 4 words):
 - final 'hash' 'I' @12  121224877 (739bead)
 - final 'key' 'Ljava/lang/Object;' @16  "includesDependencies"{0x000000008704d918} (8704d918)
 - 'value' 'Ljava/lang/Object;' @20  "false"{0x00000000fff1b4c8} (fff1b4c8)
 - 'next' 'Ljava/util/HashMap$Node;' @24  NULL (0)
R15=0x000071db2c0268d0 is a thread


Top of Stack: (sp=0x000071db33ea5f28)
0x000071db33ea5f28:   000071db15817e9c 0000000086d226f0
0x000071db33ea5f38:   000071db1cf41400 00000000fff45c48
0x000071db33ea5f48:   0000000086d22900 0000000000000000
0x000071db33ea5f58:   000000008bafb360 0000000086cc8570
0x000071db33ea5f68:   00000000000000d5 000071db33ea6178
0x000071db33ea5f78:   000071db157f2004 000000008bafb338
0x000071db33ea5f88:   000071db15829c54 000000008bafb4e0
0x000071db33ea5f98:   000000008bafb338 0000000000000000
0x000071db33ea5fa8:   0000000000000000 000000008bafb518
0x000071db33ea5fb8:   000000008bafb338 0000000086d226a8
0x000071db33ea5fc8:   000071daafbdb648 000071db33ea6178
0x000071db33ea5fd8:   000071db15817194 0000000000000000
0x000071db33ea5fe8:   0000000086d228e0 000071db33ea6130
0x000071db33ea5ff8:   000071db1c94ca03 000071db1c93fb10
0x000071db33ea6008:   0000000000000000 000000008bad54a8
0x000071db33ea6018:   000071db1cf7ed2c 000000008baecb40
0x000071db33ea6028:   000000008bafb318 000071db00000292
0x000071db33ea6038:   0000000000000000 000071db33ea6178
0x000071db33ea6048:   000071db33ea6130 000000008baa4a58
0x000071db33ea6058:   000000008baa4d10 0000000000000000
0x000071db33ea6068:   000071daafbdb239 000071db33ea6178
0x000071db33ea6078:   000071db1582a24c 000071db33ea6110
0x000071db33ea6088:   000071db34824e68 000000008baa18e8
0x000071db33ea6098:   000000008bb46028 000000008baa1678
0x000071db33ea60a8:   000071db1c9407fa 000000008bafb338
0x000071db33ea60b8:   000000008bafb4e0 000000008bafb4f8
0x000071db33ea60c8:   000071db33ea60c8 000071daaf9529e0
0x000071db33ea60d8:   0000000000000000 000000008bafb518
0x000071db33ea60e8:   0000000086c02c78 000071db33ea6178
0x000071db33ea60f8:   000071db1c9403b9 000071db33ea6178
0x000071db33ea6108:   000071db1c9403b9 0000000086d226a8
0x000071db33ea6118:   000000008bb46028 000000008baa1678 

Instructions: (pc=0x000071db157f1600)
0x000071db157f1500:   64 05 00 00 0a 05 00 00 d0 01 00 00 50 05 00 00
0x000071db157f1510:   90 05 00 00 a0 05 00 00 00 00 00 00 10 06 00 00
0x000071db157f1520:   80 06 00 00 88 06 00 00 88 06 00 00 88 06 00 00
0x000071db157f1530:   88 06 00 00 88 06 00 00 88 06 00 00 68 00 00 00
0x000071db157f1540:   9e 08 00 00 02 00 00 00 00 00 00 02 02 00 00 00
0x000071db157f1550:   00 00 00 00 00 00 00 00 00 00 00 00 00 00 00 00
0x000071db157f1560:   e0 01 00 00 02 00 00 00 ff ff ff ff ff ff ff ff
0x000071db157f1570:   14 60 4e c0 2f 64 42 10 8e b0 27 00 5c 10 13 34
0x000071db157f1580:   0f c0 17 64 0e 64 16 64 18 64 1b 64 18 64 1b 64
0x000071db157f1590:   18 64 1b 64 18 64 9b f1 0a 80 11 64 05 c0 0f 64
0x000071db157f15a0:   0d 64 2e 64 24 00 01 f8 09 fe 05 50 00 c0 0a 64
0x000071db157f15b0:   05 64 03 f8 f8 34 1f cd db 71 05 70 0e 64 01 f8
0x000071db157f15c0:   4e ff 06 90 0c 64 00 00 00 00 00 00 00 00 00 00
0x000071db157f15d0:   00 00 00 00 00 00 00 00 00 00 00 00 00 00 00 00
0x000071db157f15e0:   44 8b 56 08 49 bb 00 00 00 b3 da 71 00 00 4d 03
0x000071db157f15f0:   d3 4c 3b d0 0f 85 86 67 19 07 66 0f 1f 44 00 00
0x000071db157f1600:   e9 7b 61 19 07 fe ff 55 48 83 ec 70 48 bf 88 1c
0x000071db157f1610:   bb af da 71 00 00 8b 47 08 83 c0 02 89 47 08 81
0x000071db157f1620:   e0 fe 0f 00 00 83 f8 00 0f 84 b8 01 00 00 48 83
0x000071db157f1630:   fa 00 0f 84 17 01 00 00 48 83 fa 00 0f 84 44 00
0x000071db157f1640:   00 00 48 bb c0 d8 10 b4 da 71 00 00 8b 42 08 49
0x000071db157f1650:   ba 00 00 00 b3 da 71 00 00 49 03 c2 48 3b 58 20
0x000071db157f1660:   0f 84 20 00 00 00 48 3b c3 0f 84 17 00 00 00 50
0x000071db157f1670:   53 e8 8a bf 23 07 58 58 83 f8 00 0f 84 86 01 00
0x000071db157f1680:   00 e9 00 00 00 00 41 0f be 7f 38 83 ff 00 0f 85
0x000071db157f1690:   7c 01 00 00 4c 8b d2 44 89 56 0c 48 8b fe 48 33
0x000071db157f16a0:   fa 48 c1 ef 14 48 83 ff 00 0f 85 7c 01 00 00 48
0x000071db157f16b0:   83 f9 00 48 ba 10 00 f0 ff 00 00 00 00 48 0f 45
0x000071db157f16c0:   d1 41 0f be 7f 38 83 ff 00 0f 85 74 01 00 00 4c
0x000071db157f16d0:   8b d2 44 89 56 10 48 8b fe 48 33 fa 48 c1 ef 14
0x000071db157f16e0:   48 83 ff 00 0f 85 74 01 00 00 41 0f be 57 38 83
0x000071db157f16f0:   fa 00 0f 85 7e 01 00 00 4d 8b d1 44 89 56 14 48 


Stack slot to memory mapping:
stack at sp + 0 slots: 0x000071db15817e9c is at entry_point+316 in (nmethod*)0x000071db15817b90
Compiled method (c1)   10378 2284       2       org.eclipse.aether.graph.Dependency::<init> (13 bytes)
 total in heap  [0x000071db15817b90,0x000071db15818098] = 1288
 relocation     [0x000071db15817cf0,0x000071db15817d48] = 88
 main code      [0x000071db15817d60,0x000071db15817f40] = 480
 stub code      [0x000071db15817f40,0x000071db15817fa0] = 96
 oops           [0x000071db15817fa0,0x000071db15817fa8] = 8
 metadata       [0x000071db15817fa8,0x000071db15817fb8] = 16
 scopes data    [0x000071db15817fb8,0x000071db15818020] = 104
 scopes pcs     [0x000071db15818020,0x000071db15818090] = 112
 dependencies   [0x000071db15818090,0x000071db15818098] = 8
stack at sp + 1 slots: 0x0000000086d226f0 is an oop: [Ljava.util.HashMap$Node; 
{0x0000000086d226f0} - klass: 'java/util/HashMap$Node'[]
 - length: 16
stack at sp + 2 slots: 0x000071db1cf41400 is at entry_point+704 in (nmethod*)0x000071db1cf40f90
Compiled method (c2)   10387 1370       4       java.util.HashMap::get (19 bytes)
 total in heap  [0x000071db1cf40f90,0x000071db1cf417a0] = 2064
 relocation     [0x000071db1cf410f0,0x000071db1cf41128] = 56
 main code      [0x000071db1cf41140,0x000071db1cf41500] = 960
 stub code      [0x000071db1cf41500,0x000071db1cf41518] = 24
 metadata       [0x000071db1cf41518,0x000071db1cf41548] = 48
 scopes data    [0x000071db1cf41548,0x000071db1cf41690] = 328
 scopes pcs     [0x000071db1cf41690,0x000071db1cf41740] = 176
 dependencies   [0x000071db1cf41740,0x000071db1cf41748] = 8
 handler table  [0x000071db1cf41748,0x000071db1cf41790] = 72
 nul chk table  [0x000071db1cf41790,0x000071db1cf417a0] = 16
stack at sp + 3 slots: 0x00000000fff45c48 is an oop: java.lang.String 
{0x00000000fff45c48} - klass: 'java/lang/String'
 - string: "jar"
stack at sp + 4 slots: 0x0000000086d22900 is an oop: java.util.Collections$UnmodifiableMap 
{0x0000000086d22900} - klass: 'java/util/Collections$UnmodifiableMap'
 - ---- fields (total size 4 words):
 - private final 'm' 'Ljava/util/Map;' @12  a 'java/util/HashMap'{0x0000000086d22920} (86d22920)
 - private transient 'keySet' 'Ljava/util/Set;' @16  NULL (0)
 - private transient 'entrySet' 'Ljava/util/Set;' @20  a 'java/util/Collections$UnmodifiableMap$UnmodifiableEntrySet'{0x0000000086d22a30} (86d22a30)
 - private transient 'values' 'Ljava/util/Collection;' @24  NULL (0)
stack at sp + 5 slots: 0x0 is NULL
stack at sp + 6 slots: 0x000000008bafb360 is an oop: java.util.HashMap 
{0x000000008bafb360} - klass: 'java/util/HashMap'
 - ---- fields (total size 6 words):
 - transient 'keySet' 'Ljava/util/Set;' @12  NULL (0)
 - transient 'values' 'Ljava/util/Collection;' @16  NULL (0)
 - transient 'size' 'I' @20  4
 - transient 'modCount' 'I' @24  4
 - 'threshold' 'I' @28  6
 - final 'loadFactor' 'F' @32  0.750000 (3f400000)
 - transient 'table' '[Ljava/util/HashMap$Node;' @36  a 'java/util/HashMap$Node'[8] {0x000000008bafb3e0} (8bafb3e0)
 - transient 'entrySet' 'Ljava/util/Set;' @40  NULL (0)
stack at sp + 7 slots: 0x0000000086cc8570 is an oop: java.lang.String 
{0x0000000086cc8570} - klass: 'java/lang/String'
 - string: "quarkus-container-image-spi"


Compiled method (c1)   10510 2206       2       org.eclipse.aether.graph.Dependency::<init> (43 bytes)
 total in heap  [0x000071db157f1410,0x000071db157f1a98] = 1672
 relocation     [0x000071db157f1570,0x000071db157f15c8] = 88
 main code      [0x000071db157f15e0,0x000071db157f1960] = 896
 stub code      [0x000071db157f1960,0x000071db157f19a0] = 64
 oops           [0x000071db157f19a0,0x000071db157f19b0] = 16
 metadata       [0x000071db157f19b0,0x000071db157f19c0] = 16
 scopes data    [0x000071db157f19c0,0x000071db157f1a20] = 96
 scopes pcs     [0x000071db157f1a20,0x000071db157f1a90] = 112
 dependencies   [0x000071db157f1a90,0x000071db157f1a98] = 8

[Constant Pool (empty)]

[MachCode]
[Entry Point]
  # {method} {0x000071daaf984638} '<init>' '(Lorg/eclipse/aether/artifact/Artifact;Ljava/lang/String;Ljava/util/Set;Ljava/lang/Boolean;)V' in 'org/eclipse/aether/graph/Dependency'
  # this:     rsi:rsi   = 'org/eclipse/aether/graph/Dependency'
  # parm0:    rdx:rdx   = 'org/eclipse/aether/artifact/Artifact'
  # parm1:    rcx:rcx   = 'java/lang/String'
  # parm2:    r8:r8     = 'java/util/Set'
  # parm3:    r9:r9     = 'java/lang/Boolean'
  #           [sp+0x80]  (sp of caller)
  0x000071db157f15e0: 448b 5608 | 49bb 0000 | 00b3 da71 | 0000 4d03 | d34c 3bd0 

  0x000071db157f15f4: ;   {runtime_call ic_miss_stub}
  0x000071db157f15f4: 0f85 8667 | 1907 660f | 1f44 0000 
[Verified Entry Point]
  0x000071db157f1600: e97b 6119 | 07fe ff55 | 4883 ec70 | 48bf 881c | bbaf da71 | 0000 8b47 | 0883 c002 | 8947 0881 
  0x000071db157f1620: e0fe 0f00 | 0083 f800 | 0f84 b801 | 0000 4883 | fa00 0f84 | 1701 0000 | 4883 fa00 | 0f84 4400 
  0x000071db157f1640: ;   {metadata('org/eclipse/aether/artifact/Artifact')}
  0x000071db157f1640: 0000 48bb | c0d8 10b4 | da71 0000 | 8b42 0849 | ba00 0000 | b3da 7100 | 0049 03c2 | 483b 5820 
  0x000071db157f1660: 0f84 2000 | 0000 483b | c30f 8417 | 0000 0050 

  0x000071db157f1670: ;   {runtime_call slow_subtype_check Runtime1 stub}
  0x000071db157f1670: 53e8 8abf | 2307 5858 | 83f8 000f | 8486 0100 | 00e9 0000 | 0000 410f | be7f 3883 | ff00 0f85 
  0x000071db157f1690: 7c01 0000 | 4c8b d244 | 8956 0c48 | 8bfe 4833 | fa48 c1ef | 1448 83ff | 000f 857c | 0100 0048 
  0x000071db157f16b0: ;   {oop(""{0x00000000fff00010})}
  0x000071db157f16b0: 83f9 0048 | ba10 00f0 | ff00 0000 | 0048 0f45 | d141 0fbe | 7f38 83ff | 000f 8574 | 0100 004c 
  0x000071db157f16d0: 8bd2 4489 | 5610 488b | fe48 33fa | 48c1 ef14 | 4883 ff00 | 0f85 7401 | 0000 410f | be57 3883 
  0x000071db157f16f0: fa00 0f85 | 7e01 0000 | 4d8b d144 | 8956 1448 | 8bd6 4933 | d148 c1ea | 1448 83fa | 000f 857e 
  0x000071db157f1710: 0100 0041 | 0fbe 5738 | 83fa 000f | 8588 0100 | 004d 8bd0 | 4489 5618 | 488b d649 | 33d0 48c1 
  0x000071db157f1730: ea14 4883 | fa00 0f85 | 8801 0000 | 4883 c470 

  0x000071db157f1740: ;   {poll_return}
  0x000071db157f1740: 5d49 3ba7 | 4803 0000 | 0f87 8e01 | 0000 c34c | 894c 2460 | 4c89 4424 | 5848 894c | 2448 4889 
  0x000071db157f1760: 7424 500f | 1f44 0000 

  0x000071db157f1768: ;   {no_reloc}
  0x000071db157f1768: e994 0100 | 0000 0000 | 0000 498b | 8708 0100 | 0048 8d78 | 3049 3bbf | 1801 0000 | 0f87 8101 
  0x000071db157f1788: 0000 4989 | bf08 0100 | 0048 c700 | 0100 0000 | 488b ca49 | ba00 0000 | b3da 7100 | 0049 2bca 
  0x000071db157f17a8: 8948 0848 | 33c9 8948 | 0c48 33c9 | 4889 4810 | 4889 4818 | 4889 4820 | 4889 4828 

  0x000071db157f17c4: ;   {oop("artifact cannot be null"{0x00000000870301a8})}
  0x000071db157f17c4: 48ba a801 | 0387 0000 | 0000 488b | f048 8944 

  0x000071db157f17d4: ;   {optimized virtual_call}
  0x000071db157f17d4: 2440 90e8 

  0x000071db157f17d8: ; ImmutableOopMap {[64]=Oop [72]=Oop [80]=Oop [88]=Oop [96]=Oop }
                      ;*invokespecial <init> {reexecute=0 rethrow=0 return_oop=0}
                      ; - java.util.Objects::requireNonNull@9 (line 235)
                      ; - org.eclipse.aether.graph.Dependency::<init>@8 (line 89)
  0x000071db157f17d8: a468 1907 | 488b 4424 | 40e9 5101 

  0x000071db157f17e4: ;   {metadata({method} {0x000071daaf984638} '<init>' '(Lorg/eclipse/aether/artifact/Artifact;Ljava/lang/String;Ljava/util/Set;Ljava/lang/Boolean;)V' in 'org/eclipse/aether/graph/Dependency')}
  0x000071db157f17e4: 0000 49ba | 3846 98af | da71 0000 | 4c89 5424 | 0848 c704 | 24ff ffff 

  0x000071db157f17fc: ;   {runtime_call counter_overflow Runtime1 stub}
  0x000071db157f17fc: ffe8 fee4 

  0x000071db157f1800: ; ImmutableOopMap {rsi=Oop rdx=Oop rcx=Oop r8=Oop r9=Oop }
                      ;*synchronization entry
                      ; - org.eclipse.aether.graph.Dependency::<init>@-1 (line 87)
  0x000071db157f1800: 2307 e927 | feff ff48 

  0x000071db157f1808: ;   {runtime_call throw_class_cast_exception Runtime1 stub}
  0x000071db157f1808: 8914 24e8 

  0x000071db157f180c: ; ImmutableOopMap {rsi=Oop rcx=Oop r8=Oop r9=Oop }
                      ;*checkcast {reexecute=0 rethrow=0 return_oop=0}
                      ; - org.eclipse.aether.graph.Dependency::<init>@11 (line 89)
  0x000071db157f180c: 10b8 2307 | 8b7e 0c48 | 83ff 000f | 8477 feff | ff48 893c 

  0x000071db157f1820: ;   {runtime_call g1_pre_barrier_slow}
  0x000071db157f1820: 24e8 daea | 2307 e969 | feff ff48 | 83fa 000f | 847a feff | ff48 8934 

  0x000071db157f1838: ;   {runtime_call g1_post_barrier_slow}
  0x000071db157f1838: 24e8 c2f0 | 2307 e96c | feff ff8b | 7e10 4883 | ff00 0f84 | 7ffe ffff | 4889 3c24 

  0x000071db157f1854: ;   {runtime_call g1_pre_barrier_slow}
  0x000071db157f1854: e8a7 ea23 | 07e9 71fe | ffff 4883 | fa00 0f84 | 82fe ffff | 4889 3424 

  0x000071db157f186c: ;   {runtime_call g1_post_barrier_slow}
  0x000071db157f186c: e88f f023 | 07e9 74fe | ffff 8b56 | 1448 83fa | 000f 8475 | feff ff48 

  0x000071db157f1884: ;   {runtime_call g1_pre_barrier_slow}
  0x000071db157f1884: 8914 24e8 | 74ea 2307 | e967 feff | ff49 83f9 | 000f 8478 | feff ff48 

  0x000071db157f189c: ;   {runtime_call g1_post_barrier_slow}
  0x000071db157f189c: 8934 24e8 | 5cf0 2307 | e96a feff | ff8b 5618 | 4883 fa00 | 0f84 6bfe | ffff 4889 

  0x000071db157f18b8: ;   {runtime_call g1_pre_barrier_slow}
  0x000071db157f18b8: 1424 e841 | ea23 07e9 | 5dfe ffff | 4983 f800 | 0f84 6efe | ffff 4889 

  0x000071db157f18d0: ;   {runtime_call g1_post_barrier_slow}
  0x000071db157f18d0: 3424 e829 | f023 07e9 | 60fe ffff 

  0x000071db157f18dc: ;   {internal_word}
  0x000071db157f18dc: 49ba 4117 | 7f15 db71 | 0000 4d89 | 9760 0300 

  0x000071db157f18ec: ;   {runtime_call SafepointBlob}
  0x000071db157f18ec: 00e9 8ec9 

  0x000071db157f18f0: ;   {metadata(NULL)}
  0x000071db157f18f0: 1907 48ba | 0000 0000 | 0000 0000 | b800 0f05 

  0x000071db157f1900: ;   {runtime_call load_klass_patching Runtime1 stub}
  0x000071db157f1900: 0ae8 7ad3 

  0x000071db157f1904: ; ImmutableOopMap {[96]=Oop [88]=Oop [72]=Oop [80]=Oop }
                      ;*new {reexecute=1 rethrow=0 return_oop=0}
                      ; - (reexecute) java.util.Objects::requireNonNull@4 (line 235)
                      ; - org.eclipse.aether.graph.Dependency::<init>@8 (line 89)
  0x000071db157f1904: 2307 e95d | feff ff48 

  0x000071db157f190c: ;   {runtime_call fast_new_instance Runtime1 stub}
  0x000071db157f190c: 8bd2 e8ed 

  0x000071db157f1910: ; ImmutableOopMap {[96]=Oop [88]=Oop [80]=Oop [72]=Oop }
                      ;*new {reexecute=0 rethrow=0 return_oop=0}
                      ; - java.util.Objects::requireNonNull@4 (line 235)
                      ; - org.eclipse.aether.graph.Dependency::<init>@8 (line 89)
  0x000071db157f1910: 9b23 07e9 | acfe ffff | 9090 498b | 87d8 0300 | 0049 c787 | d803 0000 | 0000 0000 | 49c7 87e0 
  0x000071db157f1930: 0300 0000 | 0000 0048 | 83c4 705d 

  0x000071db157f193c: ;   {runtime_call unwind_exception Runtime1 stub}
  0x000071db157f193c: e9bf 7d23 | 07f4 f4f4 | f4f4 f4f4 | f4f4 f4f4 | f4f4 f4f4 | f4f4 f4f4 | f4f4 f4f4 | f4f4 f4f4 
  0x000071db157f195c: f4f4 f4f4 
[Stub Code]
  0x000071db157f1960: ;   {no_reloc}
  0x000071db157f1960: 0f1f 4400 

  0x000071db157f1964: ;   {static_stub}
  0x000071db157f1964: 0048 bb00 | 0000 0000 

  0x000071db157f196c: ;   {runtime_call}
  0x000071db157f196c: 0000 00e9 | fbff ffff 
[Exception Handler]
  0x000071db157f1974: ;   {runtime_call handle_exception_from_callee Runtime1 stub}
  0x000071db157f1974: e887 b023 

  0x000071db157f1978: ;   {external_word}
  0x000071db157f1978: 0748 bf1f | cdf8 34db | 7100 0048 

  0x000071db157f1984: ;   {runtime_call MacroAssembler::debug64(char*, long, long*)}
  0x000071db157f1984: 83e4 f0e8 | 44ed 311f 

  0x000071db157f198c: ;   {section_word}
  0x000071db157f198c: f449 ba8d | 197f 15db | 7100 0041 

  0x000071db157f1998: ;   {runtime_call DeoptimizationBlob}
  0x000071db157f1998: 52e9 02c2 | 1907 f4f4 
[/MachCode]


---------------  P R O C E S S  ---------------

Threads class SMR info:
_java_thread_list=0x000071db2c14a890, length=11, elements={
0x000071db2c0268d0, 0x000071db2c128980, 0x000071db2c129d70, 0x000071db2c12f310,
0x000071db2c1306d0, 0x000071db2c131af0, 0x000071db2c1334b0, 0x000071db2c1349f0,
0x000071db2c13de60, 0x000071db2c145db0, 0x000071db2c1498f0
}

Java Threads: ( => current thread )
=>0x000071db2c0268d0 JavaThread "main" [_thread_in_Java, id=42974, stack(0x000071db33da9000,0x000071db33eaa000)]
  0x000071db2c128980 JavaThread "Reference Handler" daemon [_thread_blocked, id=42981, stack(0x000071db111fe000,0x000071db112ff000)]
  0x000071db2c129d70 JavaThread "Finalizer" daemon [_thread_blocked, id=42982, stack(0x000071db110fd000,0x000071db111fe000)]
  0x000071db2c12f310 JavaThread "Signal Dispatcher" daemon [_thread_blocked, id=42983, stack(0x000071db10d15000,0x000071db10e16000)]
  0x000071db2c1306d0 JavaThread "Service Thread" daemon [_thread_blocked, id=42984, stack(0x000071db10c14000,0x000071db10d15000)]
  0x000071db2c131af0 JavaThread "Monitor Deflation Thread" daemon [_thread_blocked, id=42985, stack(0x000071db10b13000,0x000071db10c14000)]
  0x000071db2c1334b0 JavaThread "C2 CompilerThread0" daemon [_thread_blocked, id=42986, stack(0x000071db10a12000,0x000071db10b13000)]
  0x000071db2c1349f0 JavaThread "C1 CompilerThread0" daemon [_thread_blocked, id=42987, stack(0x000071db10911000,0x000071db10a12000)]
  0x000071db2c13de60 JavaThread "Sweeper thread" daemon [_thread_blocked, id=42988, stack(0x000071db10810000,0x000071db10911000)]
  0x000071db2c145db0 JavaThread "Notification Thread" daemon [_thread_blocked, id=42989, stack(0x000071db1070f000,0x000071db10810000)]
  0x000071db2c1498f0 JavaThread "Common-Cleaner" daemon [_thread_blocked, id=42991, stack(0x000071db1050d000,0x000071db1060e000)]

Other Threads:
  0x000071db2c124a50 VMThread "VM Thread" [stack: 0x000071db11300000,0x000071db11400000] [id=42980]
  0x000071db2c147af0 WatcherThread [stack: 0x000071db1060f000,0x000071db1070f000] [id=42990]
  0x000071db2c080140 GCTaskThread "GC Thread#0" [stack: 0x000071db33619000,0x000071db33719000] [id=42975]
  0x000071daa8004f60 GCTaskThread "GC Thread#1" [stack: 0x000071db1020a000,0x000071db1030a000] [id=43009]
  0x000071daa80059a0 GCTaskThread "GC Thread#2" [stack: 0x000071db10109000,0x000071db10209000] [id=43010]
  0x000071daa800b400 GCTaskThread "GC Thread#3" [stack: 0x000071db10008000,0x000071db10108000] [id=43013]
  0x000071db2c090f70 ConcurrentGCThread "G1 Main Marker" [stack: 0x000071db30900000,0x000071db30a00000] [id=42976]
  0x000071db2c091ee0 ConcurrentGCThread "G1 Conc#0" [stack: 0x000071db307ff000,0x000071db308ff000] [id=42977]
  0x000071db2c0f7b20 ConcurrentGCThread "G1 Refine#0" [stack: 0x000071db302fa000,0x000071db303fa000] [id=42978]
  0x000071db2c0f8a20 ConcurrentGCThread "G1 Service" [stack: 0x000071db301f9000,0x000071db302f9000] [id=42979]

Threads with active compile tasks:

VM state: not at safepoint (normal execution)

VM Mutex/Monitor currently owned by a thread: None

Heap address: 0x0000000083e00000, size: 1986 MB, Compressed Oops mode: 32-bit

CDS archive(s) mapped at: [0x000071dab3000000-0x000071dab3bc7000-0x000071dab3bc7000), size 12349440, SharedBaseAddress: 0x000071dab3000000, ArchiveRelocationMode: 1.
Compressed class space mapped at: 0x000071dab4000000-0x000071daf4000000, reserved size: 1073741824
Narrow klass base: 0x000071dab3000000, Narrow klass shift: 0, Narrow klass range: 0x100000000

GC Precious Log:
 CPUs: 4 total, 4 available
 Memory: 7936M
 Large Page Support: Disabled
 NUMA Support: Disabled
 Compressed Oops: Enabled (32-bit)
 Heap Region Size: 1M
 Heap Min Capacity: 8M
 Heap Initial Capacity: 126M
 Heap Max Capacity: 1986M
 Pre-touch: Disabled
 Parallel Workers: 4
 Concurrent Workers: 1
 Concurrent Refinement Workers: 4
 Periodic GC: Disabled

Heap:
 garbage-first heap   total 131072K, used 11203K [0x0000000083e00000, 0x0000000100000000)
  region size 1024K, 9 young (9216K), 7 survivors (7168K)
 Metaspace       used 12771K, committed 12928K, reserved 1114112K
  class space    used 1492K, committed 1536K, reserved 1048576K

Heap Regions: E=young(eden), S=young(survivor), O=old, HS=humongous(starts), HC=humongous(continues), CS=collection set, F=free, OA=open archive, CA=closed archive, TAMS=top-at-mark-start (previous, next)
|   0|0x0000000083e00000, 0x0000000083f00000, 0x0000000083f00000|100%| O|  |TAMS 0x0000000083e00000, 0x0000000083e00000| Untracked 
|   1|0x0000000083f00000, 0x0000000084000000, 0x0000000084000000|100%| O|  |TAMS 0x0000000083f00000, 0x0000000083f00000| Untracked 
|   2|0x0000000084000000, 0x0000000084073a00, 0x0000000084100000| 45%| O|  |TAMS 0x0000000084000000, 0x0000000084000000| Untracked 
|   3|0x0000000084100000, 0x0000000084100000, 0x0000000084200000|  0%| F|  |TAMS 0x0000000084100000, 0x0000000084100000| Untracked 
|   4|0x0000000084200000, 0x0000000084200000, 0x0000000084300000|  0%| F|  |TAMS 0x0000000084200000, 0x0000000084200000| Untracked 
|   5|0x0000000084300000, 0x0000000084300000, 0x0000000084400000|  0%| F|  |TAMS 0x0000000084300000, 0x0000000084300000| Untracked 
|   6|0x0000000084400000, 0x0000000084400000, 0x0000000084500000|  0%| F|  |TAMS 0x0000000084400000, 0x0000000084400000| Untracked 
|   7|0x0000000084500000, 0x0000000084500000, 0x0000000084600000|  0%| F|  |TAMS 0x0000000084500000, 0x0000000084500000| Untracked 
|   8|0x0000000084600000, 0x0000000084600000, 0x0000000084700000|  0%| F|  |TAMS 0x0000000084600000, 0x0000000084600000| Untracked 
|   9|0x0000000084700000, 0x0000000084700000, 0x0000000084800000|  0%| F|  |TAMS 0x0000000084700000, 0x0000000084700000| Untracked 
|  10|0x0000000084800000, 0x0000000084800000, 0x0000000084900000|  0%| F|  |TAMS 0x0000000084800000, 0x0000000084800000| Untracked 
|  11|0x0000000084900000, 0x0000000084900000, 0x0000000084a00000|  0%| F|  |TAMS 0x0000000084900000, 0x0000000084900000| Untracked 
|  12|0x0000000084a00000, 0x0000000084a00000, 0x0000000084b00000|  0%| F|  |TAMS 0x0000000084a00000, 0x0000000084a00000| Untracked 
|  13|0x0000000084b00000, 0x0000000084b00000, 0x0000000084c00000|  0%| F|  |TAMS 0x0000000084b00000, 0x0000000084b00000| Untracked 
|  14|0x0000000084c00000, 0x0000000084c00000, 0x0000000084d00000|  0%| F|  |TAMS 0x0000000084c00000, 0x0000000084c00000| Untracked 
|  15|0x0000000084d00000, 0x0000000084d00000, 0x0000000084e00000|  0%| F|  |TAMS 0x0000000084d00000, 0x0000000084d00000| Untracked 
|  16|0x0000000084e00000, 0x0000000084e00000, 0x0000000084f00000|  0%| F|  |TAMS 0x0000000084e00000, 0x0000000084e00000| Untracked 
|  17|0x0000000084f00000, 0x0000000084f00000, 0x0000000085000000|  0%| F|  |TAMS 0x0000000084f00000, 0x0000000084f00000| Untracked 
|  18|0x0000000085000000, 0x0000000085000000, 0x0000000085100000|  0%| F|  |TAMS 0x0000000085000000, 0x0000000085000000| Untracked 
|  19|0x0000000085100000, 0x0000000085100000, 0x0000000085200000|  0%| F|  |TAMS 0x0000000085100000, 0x0000000085100000| Untracked 
|  20|0x0000000085200000, 0x0000000085200000, 0x0000000085300000|  0%| F|  |TAMS 0x0000000085200000, 0x0000000085200000| Untracked 
|  21|0x0000000085300000, 0x0000000085300000, 0x0000000085400000|  0%| F|  |TAMS 0x0000000085300000, 0x0000000085300000| Untracked 
|  22|0x0000000085400000, 0x0000000085400000, 0x0000000085500000|  0%| F|  |TAMS 0x0000000085400000, 0x0000000085400000| Untracked 
|  23|0x0000000085500000, 0x0000000085500000, 0x0000000085600000|  0%| F|  |TAMS 0x0000000085500000, 0x0000000085500000| Untracked 
|  24|0x0000000085600000, 0x0000000085600000, 0x0000000085700000|  0%| F|  |TAMS 0x0000000085600000, 0x0000000085600000| Untracked 
|  25|0x0000000085700000, 0x0000000085700000, 0x0000000085800000|  0%| F|  |TAMS 0x0000000085700000, 0x0000000085700000| Untracked 
|  26|0x0000000085800000, 0x0000000085800000, 0x0000000085900000|  0%| F|  |TAMS 0x0000000085800000, 0x0000000085800000| Untracked 
|  27|0x0000000085900000, 0x0000000085900000, 0x0000000085a00000|  0%| F|  |TAMS 0x0000000085900000, 0x0000000085900000| Untracked 
|  28|0x0000000085a00000, 0x0000000085a00000, 0x0000000085b00000|  0%| F|  |TAMS 0x0000000085a00000, 0x0000000085a00000| Untracked 
|  29|0x0000000085b00000, 0x0000000085b00000, 0x0000000085c00000|  0%| F|  |TAMS 0x0000000085b00000, 0x0000000085b00000| Untracked 
|  30|0x0000000085c00000, 0x0000000085c00000, 0x0000000085d00000|  0%| F|  |TAMS 0x0000000085c00000, 0x0000000085c00000| Untracked 
|  31|0x0000000085d00000, 0x0000000085d00000, 0x0000000085e00000|  0%| F|  |TAMS 0x0000000085d00000, 0x0000000085d00000| Untracked 
|  32|0x0000000085e00000, 0x0000000085e00000, 0x0000000085f00000|  0%| F|  |TAMS 0x0000000085e00000, 0x0000000085e00000| Untracked 
|  33|0x0000000085f00000, 0x0000000085f00000, 0x0000000086000000|  0%| F|  |TAMS 0x0000000085f00000, 0x0000000085f00000| Untracked 
|  34|0x0000000086000000, 0x0000000086000000, 0x0000000086100000|  0%| F|  |TAMS 0x0000000086000000, 0x0000000086000000| Untracked 
|  35|0x0000000086100000, 0x0000000086100000, 0x0000000086200000|  0%| F|  |TAMS 0x0000000086100000, 0x0000000086100000| Untracked 
|  36|0x0000000086200000, 0x0000000086200000, 0x0000000086300000|  0%| F|  |TAMS 0x0000000086200000, 0x0000000086200000| Untracked 
|  37|0x0000000086300000, 0x0000000086300000, 0x0000000086400000|  0%| F|  |TAMS 0x0000000086300000, 0x0000000086300000| Untracked 
|  38|0x0000000086400000, 0x0000000086400000, 0x0000000086500000|  0%| F|  |TAMS 0x0000000086400000, 0x0000000086400000| Untracked 
|  39|0x0000000086500000, 0x0000000086500000, 0x0000000086600000|  0%| F|  |TAMS 0x0000000086500000, 0x0000000086500000| Untracked 
|  40|0x0000000086600000, 0x0000000086600000, 0x0000000086700000|  0%| F|  |TAMS 0x0000000086600000, 0x0000000086600000| Untracked 
|  41|0x0000000086700000, 0x0000000086700000, 0x0000000086800000|  0%| F|  |TAMS 0x0000000086700000, 0x0000000086700000| Untracked 
|  42|0x0000000086800000, 0x0000000086800000, 0x0000000086900000|  0%| F|  |TAMS 0x0000000086800000, 0x0000000086800000| Untracked 
|  43|0x0000000086900000, 0x0000000086900000, 0x0000000086a00000|  0%| F|  |TAMS 0x0000000086900000, 0x0000000086900000| Untracked 
|  44|0x0000000086a00000, 0x0000000086a91320, 0x0000000086b00000| 56%| S|CS|TAMS 0x0000000086a00000, 0x0000000086a00000| Complete 
|  45|0x0000000086b00000, 0x0000000086c00000, 0x0000000086c00000|100%| S|CS|TAMS 0x0000000086b00000, 0x0000000086b00000| Complete 
|  46|0x0000000086c00000, 0x0000000086d00000, 0x0000000086d00000|100%| S|CS|TAMS 0x0000000086c00000, 0x0000000086c00000| Complete 
|  47|0x0000000086d00000, 0x0000000086e00000, 0x0000000086e00000|100%| S|CS|TAMS 0x0000000086d00000, 0x0000000086d00000| Complete 
|  48|0x0000000086e00000, 0x0000000086f00000, 0x0000000086f00000|100%| S|CS|TAMS 0x0000000086e00000, 0x0000000086e00000| Complete 
|  49|0x0000000086f00000, 0x0000000087000000, 0x0000000087000000|100%| S|CS|TAMS 0x0000000086f00000, 0x0000000086f00000| Complete 
|  50|0x0000000087000000, 0x0000000087100000, 0x0000000087100000|100%| S|CS|TAMS 0x0000000087000000, 0x0000000087000000| Complete 
|  51|0x0000000087100000, 0x0000000087100000, 0x0000000087200000|  0%| F|  |TAMS 0x0000000087100000, 0x0000000087100000| Untracked 
|  52|0x0000000087200000, 0x0000000087200000, 0x0000000087300000|  0%| F|  |TAMS 0x0000000087200000, 0x0000000087200000| Untracked 
|  53|0x0000000087300000, 0x0000000087300000, 0x0000000087400000|  0%| F|  |TAMS 0x0000000087300000, 0x0000000087300000| Untracked 
|  54|0x0000000087400000, 0x0000000087400000, 0x0000000087500000|  0%| F|  |TAMS 0x0000000087400000, 0x0000000087400000| Untracked 
|  55|0x0000000087500000, 0x0000000087500000, 0x0000000087600000|  0%| F|  |TAMS 0x0000000087500000, 0x0000000087500000| Untracked 
|  56|0x0000000087600000, 0x0000000087600000, 0x0000000087700000|  0%| F|  |TAMS 0x0000000087600000, 0x0000000087600000| Untracked 
|  57|0x0000000087700000, 0x0000000087700000, 0x0000000087800000|  0%| F|  |TAMS 0x0000000087700000, 0x0000000087700000| Untracked 
|  58|0x0000000087800000, 0x0000000087800000, 0x0000000087900000|  0%| F|  |TAMS 0x0000000087800000, 0x0000000087800000| Untracked 
|  59|0x0000000087900000, 0x0000000087900000, 0x0000000087a00000|  0%| F|  |TAMS 0x0000000087900000, 0x0000000087900000| Untracked 
|  60|0x0000000087a00000, 0x0000000087a00000, 0x0000000087b00000|  0%| F|  |TAMS 0x0000000087a00000, 0x0000000087a00000| Untracked 
|  61|0x0000000087b00000, 0x0000000087b00000, 0x0000000087c00000|  0%| F|  |TAMS 0x0000000087b00000, 0x0000000087b00000| Untracked 
|  62|0x0000000087c00000, 0x0000000087c00000, 0x0000000087d00000|  0%| F|  |TAMS 0x0000000087c00000, 0x0000000087c00000| Untracked 
|  63|0x0000000087d00000, 0x0000000087d00000, 0x0000000087e00000|  0%| F|  |TAMS 0x0000000087d00000, 0x0000000087d00000| Untracked 
|  64|0x0000000087e00000, 0x0000000087e00000, 0x0000000087f00000|  0%| F|  |TAMS 0x0000000087e00000, 0x0000000087e00000| Untracked 
|  65|0x0000000087f00000, 0x0000000087f00000, 0x0000000088000000|  0%| F|  |TAMS 0x0000000087f00000, 0x0000000087f00000| Untracked 
|  66|0x0000000088000000, 0x0000000088000000, 0x0000000088100000|  0%| F|  |TAMS 0x0000000088000000, 0x0000000088000000| Untracked 
|  67|0x0000000088100000, 0x0000000088100000, 0x0000000088200000|  0%| F|  |TAMS 0x0000000088100000, 0x0000000088100000| Untracked 
|  68|0x0000000088200000, 0x0000000088200000, 0x0000000088300000|  0%| F|  |TAMS 0x0000000088200000, 0x0000000088200000| Untracked 
|  69|0x0000000088300000, 0x0000000088300000, 0x0000000088400000|  0%| F|  |TAMS 0x0000000088300000, 0x0000000088300000| Untracked 
|  70|0x0000000088400000, 0x0000000088400000, 0x0000000088500000|  0%| F|  |TAMS 0x0000000088400000, 0x0000000088400000| Untracked 
|  71|0x0000000088500000, 0x0000000088500000, 0x0000000088600000|  0%| F|  |TAMS 0x0000000088500000, 0x0000000088500000| Untracked 
|  72|0x0000000088600000, 0x0000000088600000, 0x0000000088700000|  0%| F|  |TAMS 0x0000000088600000, 0x0000000088600000| Untracked 
|  73|0x0000000088700000, 0x0000000088700000, 0x0000000088800000|  0%| F|  |TAMS 0x0000000088700000, 0x0000000088700000| Untracked 
|  74|0x0000000088800000, 0x0000000088800000, 0x0000000088900000|  0%| F|  |TAMS 0x0000000088800000, 0x0000000088800000| Untracked 
|  75|0x0000000088900000, 0x0000000088900000, 0x0000000088a00000|  0%| F|  |TAMS 0x0000000088900000, 0x0000000088900000| Untracked 
|  76|0x0000000088a00000, 0x0000000088a00000, 0x0000000088b00000|  0%| F|  |TAMS 0x0000000088a00000, 0x0000000088a00000| Untracked 
|  77|0x0000000088b00000, 0x0000000088b00000, 0x0000000088c00000|  0%| F|  |TAMS 0x0000000088b00000, 0x0000000088b00000| Untracked 
|  78|0x0000000088c00000, 0x0000000088c00000, 0x0000000088d00000|  0%| F|  |TAMS 0x0000000088c00000, 0x0000000088c00000| Untracked 
|  79|0x0000000088d00000, 0x0000000088d00000, 0x0000000088e00000|  0%| F|  |TAMS 0x0000000088d00000, 0x0000000088d00000| Untracked 
|  80|0x0000000088e00000, 0x0000000088e00000, 0x0000000088f00000|  0%| F|  |TAMS 0x0000000088e00000, 0x0000000088e00000| Untracked 
|  81|0x0000000088f00000, 0x0000000088f00000, 0x0000000089000000|  0%| F|  |TAMS 0x0000000088f00000, 0x0000000088f00000| Untracked 
|  82|0x0000000089000000, 0x0000000089000000, 0x0000000089100000|  0%| F|  |TAMS 0x0000000089000000, 0x0000000089000000| Untracked 
|  83|0x0000000089100000, 0x0000000089100000, 0x0000000089200000|  0%| F|  |TAMS 0x0000000089100000, 0x0000000089100000| Untracked 
|  84|0x0000000089200000, 0x0000000089200000, 0x0000000089300000|  0%| F|  |TAMS 0x0000000089200000, 0x0000000089200000| Untracked 
|  85|0x0000000089300000, 0x0000000089300000, 0x0000000089400000|  0%| F|  |TAMS 0x0000000089300000, 0x0000000089300000| Untracked 
|  86|0x0000000089400000, 0x0000000089400000, 0x0000000089500000|  0%| F|  |TAMS 0x0000000089400000, 0x0000000089400000| Untracked 
|  87|0x0000000089500000, 0x0000000089500000, 0x0000000089600000|  0%| F|  |TAMS 0x0000000089500000, 0x0000000089500000| Untracked 
|  88|0x0000000089600000, 0x0000000089600000, 0x0000000089700000|  0%| F|  |TAMS 0x0000000089600000, 0x0000000089600000| Untracked 
|  89|0x0000000089700000, 0x0000000089700000, 0x0000000089800000|  0%| F|  |TAMS 0x0000000089700000, 0x0000000089700000| Untracked 
|  90|0x0000000089800000, 0x0000000089800000, 0x0000000089900000|  0%| F|  |TAMS 0x0000000089800000, 0x0000000089800000| Untracked 
|  91|0x0000000089900000, 0x0000000089900000, 0x0000000089a00000|  0%| F|  |TAMS 0x0000000089900000, 0x0000000089900000| Untracked 
|  92|0x0000000089a00000, 0x0000000089a00000, 0x0000000089b00000|  0%| F|  |TAMS 0x0000000089a00000, 0x0000000089a00000| Untracked 
|  93|0x0000000089b00000, 0x0000000089b00000, 0x0000000089c00000|  0%| F|  |TAMS 0x0000000089b00000, 0x0000000089b00000| Untracked 
|  94|0x0000000089c00000, 0x0000000089c00000, 0x0000000089d00000|  0%| F|  |TAMS 0x0000000089c00000, 0x0000000089c00000| Untracked 
|  95|0x0000000089d00000, 0x0000000089d00000, 0x0000000089e00000|  0%| F|  |TAMS 0x0000000089d00000, 0x0000000089d00000| Untracked 
|  96|0x0000000089e00000, 0x0000000089e00000, 0x0000000089f00000|  0%| F|  |TAMS 0x0000000089e00000, 0x0000000089e00000| Untracked 
|  97|0x0000000089f00000, 0x0000000089f00000, 0x000000008a000000|  0%| F|  |TAMS 0x0000000089f00000, 0x0000000089f00000| Untracked 
|  98|0x000000008a000000, 0x000000008a000000, 0x000000008a100000|  0%| F|  |TAMS 0x000000008a000000, 0x000000008a000000| Untracked 
|  99|0x000000008a100000, 0x000000008a100000, 0x000000008a200000|  0%| F|  |TAMS 0x000000008a100000, 0x000000008a100000| Untracked 
| 100|0x000000008a200000, 0x000000008a200000, 0x000000008a300000|  0%| F|  |TAMS 0x000000008a200000, 0x000000008a200000| Untracked 
| 101|0x000000008a300000, 0x000000008a300000, 0x000000008a400000|  0%| F|  |TAMS 0x000000008a300000, 0x000000008a300000| Untracked 
| 102|0x000000008a400000, 0x000000008a400000, 0x000000008a500000|  0%| F|  |TAMS 0x000000008a400000, 0x000000008a400000| Untracked 
| 103|0x000000008a500000, 0x000000008a500000, 0x000000008a600000|  0%| F|  |TAMS 0x000000008a500000, 0x000000008a500000| Untracked 
| 104|0x000000008a600000, 0x000000008a600000, 0x000000008a700000|  0%| F|  |TAMS 0x000000008a600000, 0x000000008a600000| Untracked 
| 105|0x000000008a700000, 0x000000008a700000, 0x000000008a800000|  0%| F|  |TAMS 0x000000008a700000, 0x000000008a700000| Untracked 
| 106|0x000000008a800000, 0x000000008a800000, 0x000000008a900000|  0%| F|  |TAMS 0x000000008a800000, 0x000000008a800000| Untracked 
| 107|0x000000008a900000, 0x000000008a900000, 0x000000008aa00000|  0%| F|  |TAMS 0x000000008a900000, 0x000000008a900000| Untracked 
| 108|0x000000008aa00000, 0x000000008aa00000, 0x000000008ab00000|  0%| F|  |TAMS 0x000000008aa00000, 0x000000008aa00000| Untracked 
| 109|0x000000008ab00000, 0x000000008ab00000, 0x000000008ac00000|  0%| F|  |TAMS 0x000000008ab00000, 0x000000008ab00000| Untracked 
| 110|0x000000008ac00000, 0x000000008ac00000, 0x000000008ad00000|  0%| F|  |TAMS 0x000000008ac00000, 0x000000008ac00000| Untracked 
| 111|0x000000008ad00000, 0x000000008ad00000, 0x000000008ae00000|  0%| F|  |TAMS 0x000000008ad00000, 0x000000008ad00000| Untracked 
| 112|0x000000008ae00000, 0x000000008ae00000, 0x000000008af00000|  0%| F|  |TAMS 0x000000008ae00000, 0x000000008ae00000| Untracked 
| 113|0x000000008af00000, 0x000000008af00000, 0x000000008b000000|  0%| F|  |TAMS 0x000000008af00000, 0x000000008af00000| Untracked 
| 114|0x000000008b000000, 0x000000008b000000, 0x000000008b100000|  0%| F|  |TAMS 0x000000008b000000, 0x000000008b000000| Untracked 
| 115|0x000000008b100000, 0x000000008b100000, 0x000000008b200000|  0%| F|  |TAMS 0x000000008b100000, 0x000000008b100000| Untracked 
| 116|0x000000008b200000, 0x000000008b200000, 0x000000008b300000|  0%| F|  |TAMS 0x000000008b200000, 0x000000008b200000| Untracked 
| 117|0x000000008b300000, 0x000000008b300000, 0x000000008b400000|  0%| F|  |TAMS 0x000000008b300000, 0x000000008b300000| Untracked 
| 118|0x000000008b400000, 0x000000008b400000, 0x000000008b500000|  0%| F|  |TAMS 0x000000008b400000, 0x000000008b400000| Untracked 
| 119|0x000000008b500000, 0x000000008b500000, 0x000000008b600000|  0%| F|  |TAMS 0x000000008b500000, 0x000000008b500000| Untracked 
| 120|0x000000008b600000, 0x000000008b600000, 0x000000008b700000|  0%| F|  |TAMS 0x000000008b600000, 0x000000008b600000| Untracked 
| 121|0x000000008b700000, 0x000000008b700000, 0x000000008b800000|  0%| F|  |TAMS 0x000000008b700000, 0x000000008b700000| Untracked 
| 122|0x000000008b800000, 0x000000008b800000, 0x000000008b900000|  0%| F|  |TAMS 0x000000008b800000, 0x000000008b800000| Untracked 
| 123|0x000000008b900000, 0x000000008b900000, 0x000000008ba00000|  0%| F|  |TAMS 0x000000008b900000, 0x000000008b900000| Untracked 
| 124|0x000000008ba00000, 0x000000008bb00000, 0x000000008bb00000|100%| E|  |TAMS 0x000000008ba00000, 0x000000008ba00000| Complete 
| 125|0x000000008bb00000, 0x000000008bc00000, 0x000000008bc00000|100%| E|CS|TAMS 0x000000008bb00000, 0x000000008bb00000| Complete 
|1984|0x00000000ffe00000, 0x00000000ffe75000, 0x00000000fff00000| 45%|OA|  |TAMS 0x00000000ffe00000, 0x00000000ffe00000| Untracked 
|1985|0x00000000fff00000, 0x00000000fff77000, 0x0000000100000000| 46%|CA|  |TAMS 0x00000000fff00000, 0x00000000fff00000| Untracked 

Card table byte_map: [0x000071db32e00000,0x000071db331e1000] _byte_map_base: 0x000071db329e1000

Marking Bits (Prev, Next): (CMBitMap*) 0x000071db2c080bd0, (CMBitMap*) 0x000071db2c080c10
 Prev Bits: [0x000071db30a00000, 0x000071db32908000)
 Next Bits: [0x000071db13400000, 0x000071db15308000)

Polling page: 0x000071db355a6000

Metaspace:

Usage:
  Non-class:     11.01 MB used.
      Class:      1.46 MB used.
       Both:     12.47 MB used.

Virtual space:
  Non-class space:       64.00 MB reserved,      11.12 MB ( 17%) committed,  1 nodes.
      Class space:        1.00 GB reserved,       1.50 MB ( <1%) committed,  1 nodes.
             Both:        1.06 GB reserved,      12.62 MB (  1%) committed. 

Chunk freelists:
   Non-Class:  3.72 MB
       Class:  14.51 MB
        Both:  18.23 MB

MaxMetaspaceSize: unlimited
CompressedClassSpaceSize: 1.00 GB
Initial GC threshold: 21.00 MB
Current GC threshold: 21.00 MB
CDS: on
MetaspaceReclaimPolicy: balanced
 - commit_granule_bytes: 65536.
 - commit_granule_words: 8192.
 - virtual_space_node_default_size: 8388608.
 - enlarge_chunks_in_place: 1.
 - new_chunks_are_fully_committed: 0.
 - uncommit_free_chunks: 1.
 - use_allocation_guard: 0.
 - handle_deallocations: 1.


Internal statistics:

num_allocs_failed_limit: 0.
num_arena_births: 68.
num_arena_deaths: 0.
num_vsnodes_births: 2.
num_vsnodes_deaths: 0.
num_space_committed: 202.
num_space_uncommitted: 0.
num_chunks_returned_to_freelist: 0.
num_chunks_taken_from_freelist: 490.
num_chunk_merges: 0.
num_chunk_splits: 353.
num_chunks_enlarged: 284.
num_inconsistent_stats: 0.

CodeHeap 'non-profiled nmethods': size=120032Kb used=1033Kb max_used=1033Kb free=118998Kb
 bounds [0x000071db1cec8000, 0x000071db1d138000, 0x000071db24400000]
CodeHeap 'profiled nmethods': size=120028Kb used=5089Kb max_used=5089Kb free=114938Kb
 bounds [0x000071db15400000, 0x000071db15900000, 0x000071db1c937000]
CodeHeap 'non-nmethods': size=5700Kb used=1157Kb max_used=1189Kb free=4542Kb
 bounds [0x000071db1c937000, 0x000071db1cba7000, 0x000071db1cec8000]
 total_blobs=3253 nmethods=2803 adapters=364
 compilation: enabled
              stopped_count=0, restarted_count=0
 full_count=0

Compilation events (20 events):
Event: 9.603 Thread 0x000071db2c1349f0 nmethod 2807 0x000071db158ee490 code [0x000071db158ee6c0, 0x000071db158eecf0]
Event: 9.603 Thread 0x000071db2c1349f0 2808       3       org.apache.maven.model.validation.DefaultModelValidator::validateStringNotEmpty (66 bytes)
Event: 9.606 Thread 0x000071db2c1349f0 nmethod 2808 0x000071db158eef90 code [0x000071db158ef1e0, 0x000071db158efa20]
Event: 9.606 Thread 0x000071db2c1349f0 2803       2       java.util.Hashtable::addEntry (87 bytes)
Event: 9.608 Thread 0x000071db2c1349f0 nmethod 2803 0x000071db158efd90 code [0x000071db158eff60, 0x000071db158f03d0]
Event: 9.608 Thread 0x000071db2c1349f0 2804       2       org.codehaus.plexus.interpolation.reflection.ClassMap::getPublicMethod (29 bytes)
Event: 9.609 Thread 0x000071db2c1349f0 nmethod 2804 0x000071db158f0590 code [0x000071db158f0760, 0x000071db158f0930]
Event: 9.609 Thread 0x000071db2c1349f0 2802       2       org.apache.maven.model.interpolation.StringVisitorModelInterpolator$ModelVisitor::visit (47 bytes)
Event: 9.610 Thread 0x000071db2c1334b0 nmethod 2708 0x000071db1cfc0d10 code [0x000071db1cfc0ec0, 0x000071db1cfc1448]
Event: 9.610 Thread 0x000071db2c1334b0 2806       4       org.apache.maven.model.validation.DefaultModelValidator::isValidIdCharacter (60 bytes)
Event: 9.611 Thread 0x000071db2c1349f0 nmethod 2802 0x000071db158f0a90 code [0x000071db158f0c60, 0x000071db158f0f30]
Event: 9.611 Thread 0x000071db2c1349f0 2811       2       org.apache.maven.repository.internal.ArtifactDescriptorReaderDelegate::convert (20 bytes)
Event: 9.612 Thread 0x000071db2c1349f0 nmethod 2811 0x000071db158f1110 code [0x000071db158f12c0, 0x000071db158f1460]
Event: 9.612 Thread 0x000071db2c1349f0 2800       2       org.apache.maven.model.Exclusion::<init> (5 bytes)
Event: 9.612 Thread 0x000071db2c1349f0 nmethod 2800 0x000071db158f1590 code [0x000071db158f1720, 0x000071db158f1810]
Event: 9.613 Thread 0x000071db2c1349f0 2812       3       org.eclipse.aether.graph.Dependency::<init> (43 bytes)
Event: 9.614 Thread 0x000071db2c1334b0 nmethod 2806 0x000071db1cfc1710 code [0x000071db1cfc18a0, 0x000071db1cfc1978]
Event: 9.614 Thread 0x000071db2c1334b0 2622       4       java.util.HashMap$HashIterator::hasNext (13 bytes)
Event: 9.615 Thread 0x000071db2c1349f0 nmethod 2812 0x000071db158f1890 code [0x000071db158f1a80, 0x000071db158f2040]
Event: 9.615 Thread 0x000071db2c1349f0 2817       3       org.apache.maven.repository.internal.ArtifactDescriptorReaderDelegate::convert (205 bytes)

GC Heap History (6 events):
Event: 2.584 GC heap before
{Heap before GC invocations=0 (full 0):
 garbage-first heap   total 131072K, used 14256K [0x0000000083e00000, 0x0000000100000000)
  region size 1024K, 13 young (13312K), 0 survivors (0K)
 Metaspace       used 3897K, committed 3968K, reserved 1114112K
  class space    used 430K, committed 448K, reserved 1048576K
}
Event: 2.618 GC heap after
{Heap after GC invocations=1 (full 0):
 garbage-first heap   total 131072K, used 3509K [0x0000000083e00000, 0x0000000100000000)
  region size 1024K, 2 young (2048K), 2 survivors (2048K)
 Metaspace       used 3897K, committed 3968K, reserved 1114112K
  class space    used 430K, committed 448K, reserved 1048576K
}
Event: 3.938 GC heap before
{Heap before GC invocations=1 (full 0):
 garbage-first heap   total 131072K, used 21941K [0x0000000083e00000, 0x0000000100000000)
  region size 1024K, 20 young (20480K), 2 survivors (2048K)
 Metaspace       used 6224K, committed 6400K, reserved 1114112K
  class space    used 742K, committed 832K, reserved 1048576K
}
Event: 3.955 GC heap after
{Heap after GC invocations=2 (full 0):
 garbage-first heap   total 131072K, used 4400K [0x0000000083e00000, 0x0000000100000000)
  region size 1024K, 1 young (1024K), 1 survivors (1024K)
 Metaspace       used 6224K, committed 6400K, reserved 1114112K
  class space    used 742K, committed 832K, reserved 1048576K
}
Event: 9.485 GC heap before
{Heap before GC invocations=2 (full 0):
 garbage-first heap   total 131072K, used 80176K [0x0000000083e00000, 0x0000000100000000)
  region size 1024K, 75 young (76800K), 1 survivors (1024K)
 Metaspace       used 12769K, committed 12928K, reserved 1114112K
  class space    used 1492K, committed 1536K, reserved 1048576K
}
Event: 9.558 GC heap after
{Heap after GC invocations=3 (full 0):
 garbage-first heap   total 131072K, used 10179K [0x0000000083e00000, 0x0000000100000000)
  region size 1024K, 7 young (7168K), 7 survivors (7168K)
 Metaspace       used 12769K, committed 12928K, reserved 1114112K
  class space    used 1492K, committed 1536K, reserved 1048576K
}

Dll operation events (8 events):
Event: 0.051 Loaded shared library /usr/lib/jvm/msopenjdk-current/lib/libjava.so
Event: 0.295 Loaded shared library /usr/lib/jvm/msopenjdk-current/lib/libjsvml.so
Event: 0.427 Loaded shared library /usr/lib/jvm/msopenjdk-current/lib/libnio.so
Event: 0.477 Loaded shared library /usr/lib/jvm/msopenjdk-current/lib/libzip.so
Event: 0.532 Loaded shared library /usr/lib/jvm/msopenjdk-current/lib/libjimage.so
Event: 0.738 Loaded shared library /usr/lib/jvm/msopenjdk-current/lib/libnet.so
Event: 1.176 Loaded shared library /tmp/jansi-2.4.0-57bcfedd1a0f489d-libjansi.so
Event: 1.225 Loaded shared library /usr/lib/jvm/msopenjdk-current/lib/libverify.so

Deoptimization events (20 events):
Event: 8.821 Thread 0x000071db2c0268d0 Uncommon trap: trap_request=0xffffff45 fr.pc=0x000071db1cf9ee98 relative=0x0000000000000bb8
Event: 8.821 Thread 0x000071db2c0268d0 Uncommon trap: reason=unstable_if action=reinterpret pc=0x000071db1cf9ee98 method=org.codehaus.plexus.util.xml.pull.MXParser.nextImpl()I @ 924 c2
Event: 8.821 Thread 0x000071db2c0268d0 DEOPT PACKING pc=0x000071db1cf9ee98 sp=0x000071db33ea4500
Event: 8.821 Thread 0x000071db2c0268d0 DEOPT UNPACKING pc=0x000071db1c98d693 sp=0x000071db33ea4488 mode 2
Event: 8.842 Thread 0x000071db2c0268d0 Uncommon trap: trap_request=0xffffff45 fr.pc=0x000071db1cf844e8 relative=0x00000000000001c8
Event: 8.842 Thread 0x000071db2c0268d0 Uncommon trap: reason=unstable_if action=reinterpret pc=0x000071db1cf844e8 method=org.codehaus.plexus.util.xml.pull.MXParser.isS(C)Z @ 21 c2
Event: 8.842 Thread 0x000071db2c0268d0 DEOPT PACKING pc=0x000071db1cf844e8 sp=0x000071db33ea4480
Event: 8.842 Thread 0x000071db2c0268d0 DEOPT UNPACKING pc=0x000071db1c98d693 sp=0x000071db33ea43c0 mode 2
Event: 8.842 Thread 0x000071db2c0268d0 Uncommon trap: trap_request=0xffffff45 fr.pc=0x000071db1cf7c608 relative=0x0000000000000068
Event: 8.842 Thread 0x000071db2c0268d0 Uncommon trap: reason=unstable_if action=reinterpret pc=0x000071db1cf7c608 method=org.codehaus.plexus.util.xml.pull.MXParser.isS(C)Z @ 21 c2
Event: 8.842 Thread 0x000071db2c0268d0 DEOPT PACKING pc=0x000071db1cf7c608 sp=0x000071db33ea4410
Event: 8.842 Thread 0x000071db2c0268d0 DEOPT UNPACKING pc=0x000071db1c98d693 sp=0x000071db33ea43b8 mode 2
Event: 9.093 Thread 0x000071db2c0268d0 DEOPT PACKING pc=0x000071db157602be sp=0x000071db33ea4ba0
Event: 9.094 Thread 0x000071db2c0268d0 DEOPT UNPACKING pc=0x000071db1c98de10 sp=0x000071db33ea40c8 mode 0
Event: 9.109 Thread 0x000071db2c0268d0 DEOPT PACKING pc=0x000071db157602be sp=0x000071db33ea4900
Event: 9.109 Thread 0x000071db2c0268d0 DEOPT UNPACKING pc=0x000071db1c98de10 sp=0x000071db33ea3e20 mode 0
Event: 9.178 Thread 0x000071db2c0268d0 DEOPT PACKING pc=0x000071db157602be sp=0x000071db33ea4c70
Event: 9.178 Thread 0x000071db2c0268d0 DEOPT UNPACKING pc=0x000071db1c98de10 sp=0x000071db33ea4198 mode 0
Event: 9.268 Thread 0x000071db2c0268d0 DEOPT PACKING pc=0x000071db155a9706 sp=0x000071db33ea5200
Event: 9.268 Thread 0x000071db2c0268d0 DEOPT UNPACKING pc=0x000071db1c98de10 sp=0x000071db33ea46d0 mode 0

Classes loaded (20 events):
Event: 6.768 Loading class java/util/Stack
Event: 6.768 Loading class java/util/Stack done
Event: 6.897 Loading class java/util/ArrayList$SubList$1
Event: 6.897 Loading class java/util/ArrayList$SubList$1 done
Event: 6.916 Loading class java/net/URL$2
Event: 6.916 Loading class java/net/URL$2 done
Event: 6.916 Loading class java/net/URL$1
Event: 6.916 Loading class java/net/URL$1 done
Event: 6.917 Loading class java/net/spi/URLStreamHandlerProvider
Event: 6.917 Loading class java/net/spi/URLStreamHandlerProvider done
Event: 6.918 Loading class sun/net/www/protocol/https/Handler
Event: 6.918 Loading class sun/net/www/protocol/http/Handler
Event: 6.918 Loading class sun/net/www/protocol/http/Handler done
Event: 6.918 Loading class sun/net/www/protocol/https/Handler done
Event: 6.928 Loading class java/util/regex/Pattern$Pos
Event: 6.928 Loading class java/util/regex/Pattern$Pos done
Event: 8.386 Loading class sun/nio/cs/ISO_8859_1$Decoder
Event: 8.386 Loading class sun/nio/cs/ISO_8859_1$Decoder done
Event: 9.239 Loading class java/util/Collections$UnmodifiableList$1
Event: 9.240 Loading class java/util/Collections$UnmodifiableList$1 done

Classes unloaded (0 events):
No events

Classes redefined (0 events):
No events

Internal exceptions (15 events):
Event: 1.108 Thread 0x000071db2c0268d0 Exception <a 'java/lang/NullPointerException'{0x000000008b8846f0}> (0x000000008b8846f0) 
thrown [../../src/hotspot/share/interpreter/linkResolver.cpp, line 1350]
Event: 1.184 Thread 0x000071db2c0268d0 Exception <a 'java/lang/NullPointerException'{0x000000008b8c6860}> (0x000000008b8c6860) 
thrown [../../src/hotspot/share/interpreter/linkResolver.cpp, line 1350]
Event: 1.184 Thread 0x000071db2c0268d0 Exception <a 'java/lang/NullPointerException'{0x000000008b8c6b38}> (0x000000008b8c6b38) 
thrown [../../src/hotspot/share/interpreter/linkResolver.cpp, line 1350]
Event: 1.184 Thread 0x000071db2c0268d0 Exception <a 'java/lang/NullPointerException'{0x000000008b8c6e10}> (0x000000008b8c6e10) 
thrown [../../src/hotspot/share/interpreter/linkResolver.cpp, line 1350]
Event: 1.189 Thread 0x000071db2c0268d0 Exception <a 'java/lang/NullPointerException'{0x000000008b8cd1d0}> (0x000000008b8cd1d0) 
thrown [../../src/hotspot/share/interpreter/linkResolver.cpp, line 1350]
Event: 1.200 Thread 0x000071db2c0268d0 Exception <a 'java/lang/NullPointerException'{0x000000008b8e37a8}> (0x000000008b8e37a8) 
thrown [../../src/hotspot/share/interpreter/linkResolver.cpp, line 1350]
Event: 1.200 Thread 0x000071db2c0268d0 Exception <a 'java/lang/NullPointerException'{0x000000008b8e3a80}> (0x000000008b8e3a80) 
thrown [../../src/hotspot/share/interpreter/linkResolver.cpp, line 1350]
Event: 1.200 Thread 0x000071db2c0268d0 Exception <a 'java/lang/NullPointerException'{0x000000008b8e3d58}> (0x000000008b8e3d58) 
thrown [../../src/hotspot/share/interpreter/linkResolver.cpp, line 1350]
Event: 1.200 Thread 0x000071db2c0268d0 Exception <a 'java/lang/NullPointerException'{0x000000008b8e4068}> (0x000000008b8e4068) 
thrown [../../src/hotspot/share/interpreter/linkResolver.cpp, line 1350]
Event: 2.803 Thread 0x000071db2c0268d0 Exception <a 'java/lang/NoSuchMethodError'{0x000000008ba882b8}: 'java.lang.Object java.lang.invoke.DirectMethodHandle$Holder.newInvokeSpecial(java.lang.Object, java.lang.Object, java.lang.Object, java.lang.Object, java.lang.Object)'> (0x000000008ba882b8) 
thrown [../../src/hotspot/share/interpreter/linkResolver.cpp, line 758]
Event: 2.984 Thread 0x000071db2c0268d0 Exception <a 'java/lang/NoClassDefFoundError'{0x000000008b817328}: javax/enterprise/inject/Typed> (0x000000008b817328) 
thrown [../../src/hotspot/share/classfile/systemDictionary.cpp, line 245]
Event: 5.850 Thread 0x000071db2c0268d0 Exception <a 'java/lang/NoClassDefFoundError'{0x000000008a506dd8}: com/google/inject/servlet/ServletModuleTargetVisitor> (0x000000008a506dd8) 
thrown [../../src/hotspot/share/classfile/systemDictionary.cpp, line 245]
Event: 7.099 Thread 0x000071db2c0268d0 Implicit null exception at 0x000071db1cefa354 to 0x000071db1cefa83c
Event: 7.100 Thread 0x000071db2c0268d0 Implicit null exception at 0x000071db1cef6854 to 0x000071db1cef6d28
Event: 9.615 Thread 0x000071db2c0268d0 Implicit null exception at 0x000071db157f1600 to 0x0000000000000000

VM Operations (20 events):
Event: 6.338 Executing VM operation: HandshakeAllThreads
Event: 6.341 Executing VM operation: HandshakeAllThreads done
Event: 6.540 Executing VM operation: HandshakeAllThreads
Event: 6.540 Executing VM operation: HandshakeAllThreads done
Event: 6.540 Executing VM operation: Cleanup
Event: 6.545 Executing VM operation: Cleanup done
Event: 6.919 Executing VM operation: HandshakeAllThreads
Event: 6.920 Executing VM operation: HandshakeAllThreads done
Event: 7.921 Executing VM operation: Cleanup
Event: 7.924 Executing VM operation: Cleanup done
Event: 8.383 Executing VM operation: HandshakeAllThreads
Event: 8.385 Executing VM operation: HandshakeAllThreads done
Event: 8.389 Executing VM operation: HandshakeAllThreads
Event: 8.389 Executing VM operation: HandshakeAllThreads done
Event: 8.391 Executing VM operation: HandshakeAllThreads
Event: 8.391 Executing VM operation: HandshakeAllThreads done
Event: 8.943 Executing VM operation: ICBufferFull
Event: 8.947 Executing VM operation: ICBufferFull done
Event: 9.482 Executing VM operation: G1CollectForAllocation
Event: 9.559 Executing VM operation: G1CollectForAllocation done

Events (20 events):
Event: 0.336 Thread 0x000071db2c128980 Thread added: 0x000071db2c128980
Event: 0.336 Protecting memory [0x000071db111fe000,0x000071db11202000] with protection modes 0
Event: 0.337 Thread 0x000071db2c129d70 Thread added: 0x000071db2c129d70
Event: 0.338 Protecting memory [0x000071db110fd000,0x000071db11101000] with protection modes 0
Event: 0.373 Thread 0x000071db2c12f310 Thread added: 0x000071db2c12f310
Event: 0.373 Protecting memory [0x000071db10d15000,0x000071db10d19000] with protection modes 0
Event: 0.375 Thread 0x000071db2c1306d0 Thread added: 0x000071db2c1306d0
Event: 0.375 Protecting memory [0x000071db10c14000,0x000071db10c18000] with protection modes 0
Event: 0.376 Thread 0x000071db2c131af0 Thread added: 0x000071db2c131af0
Event: 0.376 Protecting memory [0x000071db10b13000,0x000071db10b17000] with protection modes 0
Event: 0.378 Thread 0x000071db2c1334b0 Thread added: 0x000071db2c1334b0
Event: 0.378 Protecting memory [0x000071db10a12000,0x000071db10a16000] with protection modes 0
Event: 0.378 Thread 0x000071db2c1349f0 Thread added: 0x000071db2c1349f0
Event: 0.379 Protecting memory [0x000071db10911000,0x000071db10915000] with protection modes 0
Event: 0.379 Thread 0x000071db2c13de60 Thread added: 0x000071db2c13de60
Event: 0.380 Protecting memory [0x000071db10810000,0x000071db10814000] with protection modes 0
Event: 0.402 Thread 0x000071db2c145db0 Thread added: 0x000071db2c145db0
Event: 0.402 Protecting memory [0x000071db1070f000,0x000071db10713000] with protection modes 0
Event: 0.415 Thread 0x000071db2c1498f0 Thread added: 0x000071db2c1498f0
Event: 0.415 Protecting memory [0x000071db1050d000,0x000071db10511000] with protection modes 0


Dynamic libraries:
83e00000-8bc00000 rw-p 00000000 00:00 0 
8bc00000-ffe00000 ---p 00000000 00:00 0 
ffe00000-ffe75000 rw-p 00c76000 00:49 845587                             /usr/lib/jvm/msopenjdk-current/lib/server/classes.jsa
ffe75000-fff00000 rw-p 00000000 00:00 0 
fff00000-fff77000 rw-p 00bff000 00:49 845587                             /usr/lib/jvm/msopenjdk-current/lib/server/classes.jsa
fff77000-100000000 rw-p 00000000 00:00 0 
608d90ebf000-608d90ec0000 r-xp 00000000 00:49 845090                     /usr/lib/jvm/msopenjdk-current/bin/java
608d90ec1000-608d90ec2000 r--p 00001000 00:49 845090                     /usr/lib/jvm/msopenjdk-current/bin/java
608d90ec2000-608d90ec3000 rw-p 00002000 00:49 845090                     /usr/lib/jvm/msopenjdk-current/bin/java
608d9291c000-608d92963000 rw-p 00000000 00:00 0                          [heap]
71da54000000-71da54021000 rw-p 00000000 00:00 0 
71da54021000-71da58000000 ---p 00000000 00:00 0 
71da58000000-71da58021000 rw-p 00000000 00:00 0 
71da58021000-71da5c000000 ---p 00000000 00:00 0 
71da60000000-71da60021000 rw-p 00000000 00:00 0 
71da60021000-71da64000000 ---p 00000000 00:00 0 
71da64000000-71da64021000 rw-p 00000000 00:00 0 
71da64021000-71da68000000 ---p 00000000 00:00 0 
71da6c000000-71da6c021000 rw-p 00000000 00:00 0 
71da6c021000-71da70000000 ---p 00000000 00:00 0 
71da70000000-71da70021000 rw-p 00000000 00:00 0 
71da70021000-71da74000000 ---p 00000000 00:00 0 
71da78000000-71da78021000 rw-p 00000000 00:00 0 
71da78021000-71da7c000000 ---p 00000000 00:00 0 
71da7c000000-71da7c4db000 rw-p 00000000 00:00 0 
71da7c4db000-71da80000000 ---p 00000000 00:00 0 
71da84000000-71da8496e000 rw-p 00000000 00:00 0 
71da8496e000-71da88000000 ---p 00000000 00:00 0 
71da88000000-71da88021000 rw-p 00000000 00:00 0 
71da88021000-71da8c000000 ---p 00000000 00:00 0 
71da90000000-71da90021000 rw-p 00000000 00:00 0 
71da90021000-71da94000000 ---p 00000000 00:00 0 
71da94000000-71da94021000 rw-p 00000000 00:00 0 
71da94021000-71da98000000 ---p 00000000 00:00 0 
71da9c000000-71da9c021000 rw-p 00000000 00:00 0 
71da9c021000-71daa0000000 ---p 00000000 00:00 0 
71daa0000000-71daa0021000 rw-p 00000000 00:00 0 
71daa0021000-71daa4000000 ---p 00000000 00:00 0 
71daa8000000-71daa8021000 rw-p 00000000 00:00 0 
71daa8021000-71daac000000 ---p 00000000 00:00 0 
71daaf000000-71daaf2d0000 rw-p 00000000 00:00 0 
71daaf2d0000-71daaf400000 ---p 00000000 00:00 0 
71daaf400000-71daafc50000 rw-p 00000000 00:00 0 
71daafc50000-71dab3000000 ---p 00000000 00:00 0 
71dab3000000-71dab3454000 rw-p 00001000 00:49 845587                     /usr/lib/jvm/msopenjdk-current/lib/server/classes.jsa
71dab3454000-71dab3bc7000 rw-p 00455000 00:49 845587                     /usr/lib/jvm/msopenjdk-current/lib/server/classes.jsa
71dab3bc7000-71dab4000000 ---p 00000000 00:00 0 
71dab4000000-71dab4030000 rw-p 00000000 00:00 0 
71dab4030000-71dab4070000 rw-p 00000000 00:00 0 
71dab4070000-71dab4180000 rw-p 00000000 00:00 0 
71dab4180000-71daf4000000 ---p 00000000 00:00 0 
71daf4000000-71daf4021000 rw-p 00000000 00:00 0 
71daf4021000-71daf8000000 ---p 00000000 00:00 0 
71daf8000000-71daf8021000 rw-p 00000000 00:00 0 
71daf8021000-71dafc000000 ---p 00000000 00:00 0 
71db00000000-71db00021000 rw-p 00000000 00:00 0 
71db00021000-71db04000000 ---p 00000000 00:00 0 
71db04000000-71db04021000 rw-p 00000000 00:00 0 
71db04021000-71db08000000 ---p 00000000 00:00 0 
71db0bc00000-71db0be91000 rw-p 00000000 00:00 0 
71db0beaa000-71db0c000000 rw-p 00000000 00:00 0 
71db0c000000-71db0c021000 rw-p 00000000 00:00 0 
71db0c021000-71db10000000 ---p 00000000 00:00 0 
71db10007000-71db10008000 ---p 00000000 00:00 0 
71db10008000-71db10108000 rw-p 00000000 00:00 0 
71db10108000-71db10109000 ---p 00000000 00:00 0 
71db10109000-71db10209000 rw-p 00000000 00:00 0 
71db10209000-71db1020a000 ---p 00000000 00:00 0 
71db1020a000-71db1030a000 rw-p 00000000 00:00 0 
71db1030a000-71db1030d000 r-xp 00000000 00:49 1058140                    /tmp/jansi-2.4.0-57bcfedd1a0f489d-libjansi.so
71db1030d000-71db1050c000 ---p 00003000 00:49 1058140                    /tmp/jansi-2.4.0-57bcfedd1a0f489d-libjansi.so
71db1050c000-71db1050d000 rw-p 00002000 00:49 1058140                    /tmp/jansi-2.4.0-57bcfedd1a0f489d-libjansi.so
71db1050d000-71db10511000 ---p 00000000 00:00 0 
71db10511000-71db1060e000 rw-p 00000000 00:00 0 
71db1060e000-71db1060f000 ---p 00000000 00:00 0 
71db1060f000-71db1070f000 rw-p 00000000 00:00 0 
71db1070f000-71db10713000 ---p 00000000 00:00 0 
71db10713000-71db10810000 rw-p 00000000 00:00 0 
71db10810000-71db10814000 ---p 00000000 00:00 0 
71db10814000-71db10911000 rw-p 00000000 00:00 0 
71db10911000-71db10915000 ---p 00000000 00:00 0 
71db10915000-71db10a12000 rw-p 00000000 00:00 0 
71db10a12000-71db10a16000 ---p 00000000 00:00 0 
71db10a16000-71db10b13000 rw-p 00000000 00:00 0 
71db10b13000-71db10b17000 ---p 00000000 00:00 0 
71db10b17000-71db10c14000 rw-p 00000000 00:00 0 
71db10c14000-71db10c18000 ---p 00000000 00:00 0 
71db10c18000-71db10d15000 rw-p 00000000 00:00 0 
71db10d15000-71db10d19000 ---p 00000000 00:00 0 
71db10d19000-71db10e16000 rw-p 00000000 00:00 0 
71db10e16000-71db110fd000 r--p 00000000 00:49 827992                     /usr/lib/locale/locale-archive
71db110fd000-71db11101000 ---p 00000000 00:00 0 
71db11101000-71db111fe000 rw-p 00000000 00:00 0 
71db111fe000-71db11202000 ---p 00000000 00:00 0 
71db11202000-71db112ff000 rw-p 00000000 00:00 0 
71db112ff000-71db11300000 ---p 00000000 00:00 0 
71db11300000-71db11400000 rw-p 00000000 00:00 0 
71db11400000-71db135f8000 rw-p 00000000 00:00 0 
71db135f8000-71db15300000 ---p 00000000 00:00 0 
71db15300000-71db15308000 rw-p 00000000 00:00 0 
71db15400000-71db15900000 rwxp 00000000 00:00 0 
71db15900000-71db1c937000 ---p 00000000 00:00 0 
71db1c937000-71db1cba7000 rwxp 00000000 00:00 0 
71db1cba7000-71db1cec8000 ---p 00000000 00:00 0 
71db1cec8000-71db1d138000 rwxp 00000000 00:00 0 
71db1d138000-71db24400000 ---p 00000000 00:00 0 
71db2442b000-71db2c000000 r--s 00000000 00:49 845578                     /usr/lib/jvm/msopenjdk-current/lib/modules
71db2c000000-71db2c84d000 rw-p 00000000 00:00 0 
71db2c84d000-71db30000000 ---p 00000000 00:00 0 
71db300a7000-71db30175000 r-xp 00000000 00:49 845562                     /usr/lib/jvm/msopenjdk-current/lib/libjsvml.so
71db30175000-71db30176000 r--p 000cd000 00:49 845562                     /usr/lib/jvm/msopenjdk-current/lib/libjsvml.so
71db30176000-71db30177000 rw-p 000ce000 00:49 845562                     /usr/lib/jvm/msopenjdk-current/lib/libjsvml.so
71db30177000-71db301f8000 rw-p 00000000 00:00 0 
71db301f8000-71db301f9000 ---p 00000000 00:00 0 
71db301f9000-71db302f9000 rw-p 00000000 00:00 0 
71db302f9000-71db302fa000 ---p 00000000 00:00 0 
71db302fa000-71db303fa000 rw-p 00000000 00:00 0 
71db303fa000-71db307fe000 rw-p 00000000 00:00 0 
71db307fe000-71db307ff000 ---p 00000000 00:00 0 
71db307ff000-71db308ff000 rw-p 00000000 00:00 0 
71db308ff000-71db30900000 ---p 00000000 00:00 0 
71db30900000-71db30a00000 rw-p 00000000 00:00 0 
71db30a00000-71db30bf8000 rw-p 00000000 00:00 0 
71db30bf8000-71db32900000 ---p 00000000 00:00 0 
71db32900000-71db32908000 rw-p 00000000 00:00 0 
71db32933000-71db32a3f000 rw-p 00000000 00:00 0 
71db32a3f000-71db32de0000 ---p 00000000 00:00 0 
71db32de0000-71db32de1000 rw-p 00000000 00:00 0 
71db32e00000-71db32e3f000 rw-p 00000000 00:00 0 
71db32e3f000-71db331e0000 ---p 00000000 00:00 0 
71db331e0000-71db331e1000 rw-p 00000000 00:00 0 
71db331e6000-71db331f3000 r-xp 00000000 00:49 845576                     /usr/lib/jvm/msopenjdk-current/lib/libverify.so
71db331f3000-71db331f5000 r--p 0000c000 00:49 845576                     /usr/lib/jvm/msopenjdk-current/lib/libverify.so
71db331f5000-71db331f6000 rw-p 0000e000 00:49 845576                     /usr/lib/jvm/msopenjdk-current/lib/libverify.so
71db331f6000-71db331fd000 r-xp 00000000 00:49 845577                     /usr/lib/jvm/msopenjdk-current/lib/libzip.so
71db331fd000-71db331fe000 ---p 00007000 00:49 845577                     /usr/lib/jvm/msopenjdk-current/lib/libzip.so
71db331fe000-71db331ff000 r--p 00007000 00:49 845577                     /usr/lib/jvm/msopenjdk-current/lib/libzip.so
71db331ff000-71db33200000 rw-p 00008000 00:49 845577                     /usr/lib/jvm/msopenjdk-current/lib/libzip.so
71db33200000-71db3323f000 rw-p 00000000 00:00 0 
71db3323f000-71db335e0000 ---p 00000000 00:00 0 
71db335e0000-71db335e1000 rw-p 00000000 00:00 0 
71db335e3000-71db335ea000 r--s 00000000 00:49 816724                     /usr/lib/x86_64-linux-gnu/gconv/gconv-modules.cache
71db335ea000-71db335ff000 r-xp 00000000 00:49 845568                     /usr/lib/jvm/msopenjdk-current/lib/libnet.so
71db335ff000-71db33600000 ---p 00015000 00:49 845568                     /usr/lib/jvm/msopenjdk-current/lib/libnet.so
71db33600000-71db33601000 r--p 00015000 00:49 845568                     /usr/lib/jvm/msopenjdk-current/lib/libnet.so
71db33601000-71db33602000 rw-p 00016000 00:49 845568                     /usr/lib/jvm/msopenjdk-current/lib/libnet.so
71db33602000-71db33615000 r-xp 00000000 00:49 845569                     /usr/lib/jvm/msopenjdk-current/lib/libnio.so
71db33615000-71db33616000 ---p 00013000 00:49 845569                     /usr/lib/jvm/msopenjdk-current/lib/libnio.so
71db33616000-71db33617000 r--p 00013000 00:49 845569                     /usr/lib/jvm/msopenjdk-current/lib/libnio.so
71db33617000-71db33618000 rw-p 00014000 00:49 845569                     /usr/lib/jvm/msopenjdk-current/lib/libnio.so
71db33618000-71db33619000 ---p 00000000 00:00 0 
71db33619000-71db33719000 rw-p 00000000 00:00 0 
71db33719000-71db33b64000 rw-p 00000000 00:00 0 
71db33b64000-71db33c4a000 ---p 00000000 00:00 0 
71db33c4a000-71db33c54000 rw-p 00000000 00:00 0 
71db33c54000-71db33d35000 ---p 00000000 00:00 0 
71db33d35000-71db33d3a000 rw-p 00000000 00:00 0 
71db33d3a000-71db33d41000 ---p 00000000 00:00 0 
71db33d41000-71db33d65000 r-xp 00000000 00:49 845554                     /usr/lib/jvm/msopenjdk-current/lib/libjava.so
71db33d65000-71db33d66000 ---p 00024000 00:49 845554                     /usr/lib/jvm/msopenjdk-current/lib/libjava.so
71db33d66000-71db33d67000 r--p 00024000 00:49 845554                     /usr/lib/jvm/msopenjdk-current/lib/libjava.so
71db33d67000-71db33d68000 rw-p 00025000 00:49 845554                     /usr/lib/jvm/msopenjdk-current/lib/libjava.so
71db33d68000-71db33d69000 rw-p 00000000 00:00 0 
71db33d69000-71db33d71000 rw-s 00000000 00:49 1058069                    /tmp/hsperfdata_vscode/42965
71db33d71000-71db33d74000 r--p 00000000 00:49 816047                     /lib/x86_64-linux-gnu/libnss_files-2.31.so
71db33d74000-71db33d7b000 r-xp 00003000 00:49 816047                     /lib/x86_64-linux-gnu/libnss_files-2.31.so
71db33d7b000-71db33d7d000 r--p 0000a000 00:49 816047                     /lib/x86_64-linux-gnu/libnss_files-2.31.so
71db33d7d000-71db33d7e000 r--p 0000b000 00:49 816047                     /lib/x86_64-linux-gnu/libnss_files-2.31.so
71db33d7e000-71db33d7f000 rw-p 0000c000 00:49 816047                     /lib/x86_64-linux-gnu/libnss_files-2.31.so
71db33d7f000-71db33d85000 rw-p 00000000 00:00 0 
71db33d8a000-71db33da5000 r-xp 00000000 00:49 845558                     /usr/lib/jvm/msopenjdk-current/lib/libjimage.so
71db33da5000-71db33da6000 ---p 0001b000 00:49 845558                     /usr/lib/jvm/msopenjdk-current/lib/libjimage.so
71db33da6000-71db33da8000 r--p 0001b000 00:49 845558                     /usr/lib/jvm/msopenjdk-current/lib/libjimage.so
71db33da8000-71db33da9000 rw-p 0001d000 00:49 845558                     /usr/lib/jvm/msopenjdk-current/lib/libjimage.so
71db33da9000-71db33dad000 ---p 00000000 00:00 0 
71db33dad000-71db33eaa000 rw-p 00000000 00:00 0 
71db33eaa000-71db33eb7000 r--p 00000000 00:49 816036                     /lib/x86_64-linux-gnu/libm-2.31.so
71db33eb7000-71db33f51000 r-xp 0000d000 00:49 816036                     /lib/x86_64-linux-gnu/libm-2.31.so
71db33f51000-71db33fec000 r--p 000a7000 00:49 816036                     /lib/x86_64-linux-gnu/libm-2.31.so
71db33fec000-71db33fed000 r--p 00141000 00:49 816036                     /lib/x86_64-linux-gnu/libm-2.31.so
71db33fed000-71db33fee000 rw-p 00142000 00:49 816036                     /lib/x86_64-linux-gnu/libm-2.31.so
71db33fee000-71db33ff0000 r--p 00000000 00:49 816064                     /lib/x86_64-linux-gnu/librt-2.31.so
71db33ff0000-71db33ff4000 r-xp 00002000 00:49 816064                     /lib/x86_64-linux-gnu/librt-2.31.so
71db33ff4000-71db33ff6000 r--p 00006000 00:49 816064                     /lib/x86_64-linux-gnu/librt-2.31.so
71db33ff6000-71db33ff7000 r--p 00007000 00:49 816064                     /lib/x86_64-linux-gnu/librt-2.31.so
71db33ff7000-71db33ff8000 rw-p 00008000 00:49 816064                     /lib/x86_64-linux-gnu/librt-2.31.so
71db33ff8000-71db3522c000 r-xp 00000000 00:49 845590                     /usr/lib/jvm/msopenjdk-current/lib/server/libjvm.so
71db3522c000-71db3522d000 ---p 01234000 00:49 845590                     /usr/lib/jvm/msopenjdk-current/lib/server/libjvm.so
71db3522d000-71db352e6000 r--p 01234000 00:49 845590                     /usr/lib/jvm/msopenjdk-current/lib/server/libjvm.so
71db352e6000-71db3531b000 rw-p 012ed000 00:49 845590                     /usr/lib/jvm/msopenjdk-current/lib/server/libjvm.so
71db3531b000-71db35377000 rw-p 00000000 00:00 0 
71db35377000-71db35399000 r--p 00000000 00:49 816015                     /lib/x86_64-linux-gnu/libc-2.31.so
71db35399000-71db354f2000 r-xp 00022000 00:49 816015                     /lib/x86_64-linux-gnu/libc-2.31.so
71db354f2000-71db35541000 r--p 0017b000 00:49 816015                     /lib/x86_64-linux-gnu/libc-2.31.so
71db35541000-71db35545000 r--p 001c9000 00:49 816015                     /lib/x86_64-linux-gnu/libc-2.31.so
71db35545000-71db35547000 rw-p 001cd000 00:49 816015                     /lib/x86_64-linux-gnu/libc-2.31.so
71db35547000-71db3554b000 rw-p 00000000 00:00 0 
71db3554b000-71db3554c000 r--p 00000000 00:49 816023                     /lib/x86_64-linux-gnu/libdl-2.31.so
71db3554c000-71db3554e000 r-xp 00001000 00:49 816023                     /lib/x86_64-linux-gnu/libdl-2.31.so
71db3554e000-71db3554f000 r--p 00003000 00:49 816023                     /lib/x86_64-linux-gnu/libdl-2.31.so
71db3554f000-71db35550000 r--p 00003000 00:49 816023                     /lib/x86_64-linux-gnu/libdl-2.31.so
71db35550000-71db35551000 rw-p 00004000 00:49 816023                     /lib/x86_64-linux-gnu/libdl-2.31.so
71db35551000-71db35557000 r--p 00000000 00:49 816060                     /lib/x86_64-linux-gnu/libpthread-2.31.so
71db35557000-71db35567000 r-xp 00006000 00:49 816060                     /lib/x86_64-linux-gnu/libpthread-2.31.so
71db35567000-71db3556d000 r--p 00016000 00:49 816060                     /lib/x86_64-linux-gnu/libpthread-2.31.so
71db3556d000-71db3556e000 r--p 0001b000 00:49 816060                     /lib/x86_64-linux-gnu/libpthread-2.31.so
71db3556e000-71db3556f000 rw-p 0001c000 00:49 816060                     /lib/x86_64-linux-gnu/libpthread-2.31.so
71db3556f000-71db35573000 rw-p 00000000 00:00 0 
71db35573000-71db35581000 r-xp 00000000 00:49 845559                     /usr/lib/jvm/msopenjdk-current/lib/libjli.so
71db35581000-71db35582000 ---p 0000e000 00:49 845559                     /usr/lib/jvm/msopenjdk-current/lib/libjli.so
71db35582000-71db35583000 r--p 0000e000 00:49 845559                     /usr/lib/jvm/msopenjdk-current/lib/libjli.so
71db35583000-71db35584000 rw-p 0000f000 00:49 845559                     /usr/lib/jvm/msopenjdk-current/lib/libjli.so
71db35584000-71db35587000 r--p 00000000 00:49 816079                     /lib/x86_64-linux-gnu/libz.so.1.2.11
71db35587000-71db35598000 r-xp 00003000 00:49 816079                     /lib/x86_64-linux-gnu/libz.so.1.2.11
71db35598000-71db3559e000 r--p 00014000 00:49 816079                     /lib/x86_64-linux-gnu/libz.so.1.2.11
71db3559e000-71db3559f000 ---p 0001a000 00:49 816079                     /lib/x86_64-linux-gnu/libz.so.1.2.11
71db3559f000-71db355a0000 r--p 0001a000 00:49 816079                     /lib/x86_64-linux-gnu/libz.so.1.2.11
71db355a0000-71db355a1000 rw-p 0001b000 00:49 816079                     /lib/x86_64-linux-gnu/libz.so.1.2.11
71db355a1000-71db355a3000 rw-p 00000000 00:00 0 
71db355a6000-71db355a7000 ---p 00000000 00:00 0 
71db355a7000-71db355a8000 r--p 00000000 00:00 0 
71db355a8000-71db355a9000 r--p 00000000 00:49 816003                     /lib/x86_64-linux-gnu/ld-2.31.so
71db355a9000-71db355c9000 r-xp 00001000 00:49 816003                     /lib/x86_64-linux-gnu/ld-2.31.so
71db355c9000-71db355d1000 r--p 00021000 00:49 816003                     /lib/x86_64-linux-gnu/ld-2.31.so
71db355d1000-71db355d2000 ---p 00000000 00:00 0 
71db355d2000-71db355d3000 r--p 00029000 00:49 816003                     /lib/x86_64-linux-gnu/ld-2.31.so
71db355d3000-71db355d4000 rw-p 0002a000 00:49 816003                     /lib/x86_64-linux-gnu/ld-2.31.so
71db355d4000-71db355d5000 rw-p 00000000 00:00 0 
7ffe605e1000-7ffe60603000 rw-p 00000000 00:00 0                          [stack]
7ffe606a0000-7ffe606a4000 r--p 00000000 00:00 0                          [vvar]
7ffe606a4000-7ffe606a6000 r-xp 00000000 00:00 0                          [vdso]
ffffffffff600000-ffffffffff601000 --xp 00000000 00:00 0                  [vsyscall]


VM Arguments:
jvm_args: -Dmaven.home=/workspaces/UeK-223/tasks/3.1 -Dmaven.multiModuleProjectDirectory=/workspaces/UeK-223/tasks/3.1/punchclock-quarkus 
java_command: org.apache.maven.wrapper.MavenWrapperMain quarkus:dev
java_class_path (initial): /workspaces/UeK-223/tasks/3.1/punchclock-quarkus/.mvn/wrapper/maven-wrapper.jar
Launcher Type: SUN_STANDARD

[Global flags]
     intx CICompilerCount                          = 3                                         {product} {ergonomic}
     uint ConcGCThreads                            = 1                                         {product} {ergonomic}
     uint G1ConcRefinementThreads                  = 4                                         {product} {ergonomic}
   size_t G1HeapRegionSize                         = 1048576                                   {product} {ergonomic}
    uintx GCDrainStackTargetSize                   = 64                                        {product} {ergonomic}
   size_t InitialHeapSize                          = 132120576                                 {product} {ergonomic}
   size_t MarkStackSize                            = 4194304                                   {product} {ergonomic}
   size_t MaxHeapSize                              = 2082471936                                {product} {ergonomic}
   size_t MaxNewSize                               = 1248854016                                {product} {ergonomic}
   size_t MinHeapDeltaBytes                        = 1048576                                   {product} {ergonomic}
   size_t MinHeapSize                              = 8388608                                   {product} {ergonomic}
    uintx NonNMethodCodeHeapSize                   = 5832780                                {pd product} {ergonomic}
    uintx NonProfiledCodeHeapSize                  = 122912730                              {pd product} {ergonomic}
    uintx ProfiledCodeHeapSize                     = 122912730                              {pd product} {ergonomic}
    uintx ReservedCodeCacheSize                    = 251658240                              {pd product} {ergonomic}
     bool SegmentedCodeCache                       = true                                      {product} {ergonomic}
   size_t SoftMaxHeapSize                          = 2082471936                             {manageable} {ergonomic}
     bool UseCompressedClassPointers               = true                           {product lp64_product} {ergonomic}
     bool UseCompressedOops                        = true                           {product lp64_product} {ergonomic}
     bool UseG1GC                                  = true                                      {product} {ergonomic}

Logging:
Log output configuration:
 #0: stdout all=warning uptime,level,tags
 #1: stderr all=off uptime,level,tags

Environment Variables:
JAVA_HOME=/usr/lib/jvm/msopenjdk-current
PATH=/vscode/vscode-server/bin/linux-x64/65edc4939843c90c34d61f4ce11704f09d3e5cb6/bin/remote-cli:/usr/local/sdkman/bin:/usr/local/sdkman/candidates/java/current/bin:/usr/local/sdkman/candidates/gradle/current/bin:/usr/local/sdkman/candidates/maven/current/bin:/usr/local/sdkman/candidates/ant/current/bin:/usr/local/share/nvm/current/bin:/usr/local/sdkman/bin:/usr/local/sdkman/candidates/java/current/bin:/usr/local/sdkman/candidates/gradle/current/bin:/usr/local/sdkman/candidates/maven/current/bin:/usr/local/sdkman/candidates/ant/current/bin:/usr/lib/jvm/msopenjdk-current/bin:/usr/local/sdkman/bin:/usr/local/sdkman/candidates/java/current/bin:/usr/local/sdkman/candidates/gradle/current/bin:/usr/local/sdkman/candidates/maven/current/bin:/usr/local/sdkman/candidates/ant/current/bin:/usr/local/share/nvm/current/bin:/usr/local/sdkman/bin:/usr/local/sdkman/candidates/java/current/bin:/usr/local/sdkman/candidates/gradle/current/bin:/usr/local/sdkman/candidates/maven/current/bin:/usr/local/sdkman/candidates/ant/current/bin:/usr/lib/jvm/msopenjdk-current/bin:/usr/local/sbin:/usr/local/bin:/usr/sbin:/usr/bin:/sbin:/bin:/home/vscode/.local/bin
SHELL=/bin/bash
LANG=en_US.UTF-8
TERM=xterm-256color

Active Locale:
LC_ALL=en_US.UTF-8
LC_COLLATE=en_US.UTF-8
LC_CTYPE=en_US.UTF-8
LC_MESSAGES=en_US.UTF-8
LC_MONETARY=en_US.UTF-8
LC_NUMERIC=en_US.UTF-8
LC_TIME=en_US.UTF-8

Signal Handlers:
   SIGSEGV: crash_handler in libjvm.so, mask=11100100010111111101111111111110, flags=SA_RESTART|SA_SIGINFO, unblocked
    SIGBUS: crash_handler in libjvm.so, mask=11100100010111111101111111111110, flags=SA_RESTART|SA_SIGINFO, unblocked
    SIGFPE: crash_handler in libjvm.so, mask=11100100010111111101111111111110, flags=SA_RESTART|SA_SIGINFO, unblocked
   SIGPIPE: javaSignalHandler in libjvm.so, mask=11100100010111111101111111111110, flags=SA_RESTART|SA_SIGINFO, blocked
   SIGXFSZ: javaSignalHandler in libjvm.so, mask=11100100010111111101111111111110, flags=SA_RESTART|SA_SIGINFO, blocked
    SIGILL: crash_handler in libjvm.so, mask=11100100010111111101111111111110, flags=SA_RESTART|SA_SIGINFO, unblocked
   SIGUSR2: SR_handler in libjvm.so, mask=00000000000000000000000000000000, flags=SA_RESTART|SA_SIGINFO, blocked
    SIGHUP: UserHandler in libjvm.so, mask=11100100010111111101111111111110, flags=SA_RESTART|SA_SIGINFO, blocked
    SIGINT: UserHandler in libjvm.so, mask=11100100010111111101111111111110, flags=SA_RESTART|SA_SIGINFO, blocked
   SIGTERM: UserHandler in libjvm.so, mask=11100100010111111101111111111110, flags=SA_RESTART|SA_SIGINFO, blocked
   SIGQUIT: UserHandler in libjvm.so, mask=11100100010111111101111111111110, flags=SA_RESTART|SA_SIGINFO, blocked
   SIGTRAP: crash_handler in libjvm.so, mask=11100100010111111101111111111110, flags=SA_RESTART|SA_SIGINFO, unblocked


Periodic native trim disabled


---------------  S Y S T E M  ---------------

OS:
PRETTY_NAME="Debian GNU/Linux 11 (bullseye)"
NAME="Debian GNU/Linux"
VERSION_ID="11"
VERSION="11 (bullseye)"
VERSION_CODENAME=bullseye
ID=debian
HOME_URL="https://www.debian.org/"
SUPPORT_URL="https://www.debian.org/support"
BUG_REPORT_URL="https://bugs.debian.org/"
uname: Linux 6.8.0-39-generic #39-Ubuntu SMP PREEMPT_DYNAMIC Fri Jul  5 21:49:14 UTC 2024 x86_64
OS uptime: 0 days 6:23 hours
libc: glibc 2.31 NPTL 2.31 
rlimit (soft/hard): STACK 8192k/infinity , CORE infinity/infinity , NPROC infinity/infinity , NOFILE 1048576/1048576 , AS infinity/infinity , CPU infinity/infinity , DATA infinity/infinity , FSIZE infinity/infinity , MEMLOCK 8192k/8192k
load average: 0.96 0.49 0.54

/proc/meminfo:
MemTotal:        8127400 kB
MemFree:          296264 kB
MemAvailable:    1555324 kB
Buffers:           43756 kB
Cached:          1418680 kB
SwapCached:            0 kB
Active:          6611816 kB
Inactive:         916644 kB
Active(anon):    6027888 kB
Inactive(anon):    57740 kB
Active(file):     583928 kB
Inactive(file):   858904 kB
Unevictable:       11848 kB
Mlocked:               0 kB
SwapTotal:             0 kB
SwapFree:              0 kB
Zswap:                 0 kB
Zswapped:              0 kB
Dirty:                88 kB
Writeback:             0 kB
AnonPages:       6077944 kB
Mapped:           536784 kB
Shmem:             19668 kB
KReclaimable:      82308 kB
Slab:             160504 kB
SReclaimable:      82308 kB
SUnreclaim:        78196 kB
KernelStack:       17056 kB
PageTables:        54128 kB
SecPageTables:         0 kB
NFS_Unstable:          0 kB
Bounce:                0 kB
WritebackTmp:          0 kB
CommitLimit:     4063700 kB
Committed_AS:    8478468 kB
VmallocTotal:   34359738367 kB
VmallocUsed:       29964 kB
VmallocChunk:          0 kB
Percpu:             2144 kB
HardwareCorrupted:     0 kB
AnonHugePages:         0 kB
ShmemHugePages:        0 kB
ShmemPmdMapped:        0 kB
FileHugePages:         0 kB
FilePmdMapped:         0 kB
Unaccepted:            0 kB
HugePages_Total:       0
HugePages_Free:        0
HugePages_Rsvd:        0
HugePages_Surp:        0
Hugepagesize:       2048 kB
Hugetlb:               0 kB
DirectMap4k:       91812 kB
DirectMap2M:     8292352 kB

/sys/kernel/mm/transparent_hugepage/enabled: always [madvise] never
/sys/kernel/mm/transparent_hugepage/hpage_pmd_size: 2097152
/sys/kernel/mm/transparent_hugepage/defrag (defrag/compaction efforts parameter): always defer defer+madvise [madvise] never

Process Memory:
Virtual Size: 5089296K (peak: 5089296K)
Resident Set Size: 167320K (peak: 167320K) (anon: 145444K, file: 21876K, shmem: 0K)
Swapped out: 0K
C-Heap outstanding allocations: 32423K, retained: 6940K
glibc malloc tunables: (default)

/proc/sys/kernel/threads-max (system-wide limit on the number of threads): 63379
/proc/sys/vm/max_map_count (maximum number of memory map areas a process may have): 1048576
/proc/sys/vm/swappiness (control to define how aggressively the kernel swaps out anonymous memory): 60
/proc/sys/kernel/pid_max (system-wide limit on number of process identifiers): 4194304

container (cgroup) information:
container_type: cgroupv2
cpu_cpuset_cpus: not supported
cpu_memory_nodes: not supported
active_processor_count: 4
cpu_quota: no quota
cpu_period: 100000
cpu_shares: no shares
memory_limit_in_bytes: unlimited
memory_and_swap_limit_in_bytes: unlimited
memory_soft_limit_in_bytes: unlimited
memory_usage_in_bytes: 4467512 k
memory_max_usage_in_bytes: not supported
memory_swap_current_in_bytes: unlimited
memory_swap_max_limit_in_bytes: unlimited
maximum number of tasks: unlimited
current number of tasks: 329

Steal ticks since vm start: 0
Steal ticks percentage since vm start:  0.000

CPU: total 4 (initial active 4) (4 cores per cpu, 1 threads per core) family 15 model 107 stepping 1 microcode 0x1000065, cx8, cmov, fxsr, mmx, sse, sse2, sse3, tsc, clflush, hv
CPU Model and flags from /proc/cpuinfo:
model name	: QEMU Virtual CPU version 2.5+
flags		: fpu de pse tsc msr pae mce cx8 apic sep mtrr pge mca cmov pat pse36 clflush mmx fxsr sse sse2 ht syscall nx lm rep_good nopl cpuid extd_apicid pni cx16 hypervisor lahf_lm cmp_legacy svm 3dnowprefetch vmmcall

Online cpus: 0-3
Offline cpus: 
BIOS frequency limitation: <Not Available>
Frequency switch latency (ns): <Not Available>
Available cpu frequencies: <Not Available>
Current governor: <Not Available>
Core performance/turbo boost: <Not Available>

Memory: 4k page, physical 8127400k(296264k free), swap 0k(0k free)
Page Sizes: 4k

vm_info: OpenJDK 64-Bit Server VM (17.0.12+7-LTS) for linux-amd64 JRE (17.0.12+7-LTS), built on Jul 16 2024 17:37:06 by "MicrosoftCorporation" with gcc 11.3.0

END.
